[2026-06-22T13:17:21.834+0000] {processor.py:161} INFO - Started process (PID=24) to work on /opt/airflow/dags/mon_premier_dag.py
[2026-06-22T13:17:21.835+0000] {processor.py:830} INFO - Processing file /opt/airflow/dags/mon_premier_dag.py for tasks to queue
[2026-06-22T13:17:21.836+0000] {logging_mixin.py:188} INFO - [2026-06-22T13:17:21.835+0000] {dagbag.py:538} INFO - Filling up the DagBag from /opt/airflow/dags/mon_premier_dag.py
[2026-06-22T13:17:21.844+0000] {processor.py:840} INFO - DAG(s) 'mon_premier_dag' retrieved from /opt/airflow/dags/mon_premier_dag.py
[2026-06-22T13:17:21.898+0000] {logging_mixin.py:188} INFO - [2026-06-22T13:17:21.898+0000] {override.py:1769} INFO - Created Permission View: can edit on DAG:mon_premier_dag
[2026-06-22T13:17:21.903+0000] {logging_mixin.py:188} INFO - [2026-06-22T13:17:21.903+0000] {override.py:1769} INFO - Created Permission View: can delete on DAG:mon_premier_dag
[2026-06-22T13:17:21.907+0000] {logging_mixin.py:188} INFO - [2026-06-22T13:17:21.906+0000] {override.py:1769} INFO - Created Permission View: can read on DAG:mon_premier_dag
[2026-06-22T13:17:21.907+0000] {logging_mixin.py:188} INFO - [2026-06-22T13:17:21.907+0000] {dag.py:3036} INFO - Sync 1 DAGs
[2026-06-22T13:17:21.930+0000] {logging_mixin.py:188} INFO - [2026-06-22T13:17:21.929+0000] {dag.py:3058} INFO - Creating ORM DAG for mon_premier_dag
[2026-06-22T13:17:21.932+0000] {logging_mixin.py:188} INFO - [2026-06-22T13:17:21.931+0000] {dag.py:3823} INFO - Setting next_dagrun for mon_premier_dag to None, run_after=None
[2026-06-22T13:17:21.950+0000] {processor.py:183} INFO - Processing /opt/airflow/dags/mon_premier_dag.py took 0.118 seconds
[2026-06-22T13:17:52.258+0000] {processor.py:161} INFO - Started process (PID=30) to work on /opt/airflow/dags/mon_premier_dag.py
[2026-06-22T13:17:52.259+0000] {processor.py:830} INFO - Processing file /opt/airflow/dags/mon_premier_dag.py for tasks to queue
[2026-06-22T13:17:52.260+0000] {logging_mixin.py:188} INFO - [2026-06-22T13:17:52.260+0000] {dagbag.py:538} INFO - Filling up the DagBag from /opt/airflow/dags/mon_premier_dag.py
[2026-06-22T13:17:52.268+0000] {processor.py:840} INFO - DAG(s) 'mon_premier_dag' retrieved from /opt/airflow/dags/mon_premier_dag.py
[2026-06-22T13:17:52.284+0000] {logging_mixin.py:188} INFO - [2026-06-22T13:17:52.283+0000] {dag.py:3036} INFO - Sync 1 DAGs
[2026-06-22T13:17:52.291+0000] {logging_mixin.py:188} INFO - [2026-06-22T13:17:52.291+0000] {dag.py:3823} INFO - Setting next_dagrun for mon_premier_dag to None, run_after=None
[2026-06-22T13:17:52.302+0000] {processor.py:183} INFO - Processing /opt/airflow/dags/mon_premier_dag.py took 0.047 seconds
[2026-06-22T13:18:22.851+0000] {processor.py:161} INFO - Started process (PID=34) to work on /opt/airflow/dags/mon_premier_dag.py
[2026-06-22T13:18:22.852+0000] {processor.py:830} INFO - Processing file /opt/airflow/dags/mon_premier_dag.py for tasks to queue
[2026-06-22T13:18:22.852+0000] {logging_mixin.py:188} INFO - [2026-06-22T13:18:22.852+0000] {dagbag.py:538} INFO - Filling up the DagBag from /opt/airflow/dags/mon_premier_dag.py
[2026-06-22T13:18:22.858+0000] {processor.py:840} INFO - DAG(s) 'mon_premier_dag' retrieved from /opt/airflow/dags/mon_premier_dag.py
[2026-06-22T13:18:22.871+0000] {logging_mixin.py:188} INFO - [2026-06-22T13:18:22.871+0000] {dag.py:3036} INFO - Sync 1 DAGs
[2026-06-22T13:18:22.877+0000] {logging_mixin.py:188} INFO - [2026-06-22T13:18:22.877+0000] {dag.py:3823} INFO - Setting next_dagrun for mon_premier_dag to None, run_after=None
[2026-06-22T13:18:22.885+0000] {processor.py:183} INFO - Processing /opt/airflow/dags/mon_premier_dag.py took 0.036 seconds
[2026-06-22T13:18:53.363+0000] {processor.py:161} INFO - Started process (PID=38) to work on /opt/airflow/dags/mon_premier_dag.py
[2026-06-22T13:18:53.364+0000] {processor.py:830} INFO - Processing file /opt/airflow/dags/mon_premier_dag.py for tasks to queue
[2026-06-22T13:18:53.364+0000] {logging_mixin.py:188} INFO - [2026-06-22T13:18:53.364+0000] {dagbag.py:538} INFO - Filling up the DagBag from /opt/airflow/dags/mon_premier_dag.py
[2026-06-22T13:18:53.370+0000] {processor.py:840} INFO - DAG(s) 'mon_premier_dag' retrieved from /opt/airflow/dags/mon_premier_dag.py
[2026-06-22T13:18:53.384+0000] {logging_mixin.py:188} INFO - [2026-06-22T13:18:53.384+0000] {dag.py:3036} INFO - Sync 1 DAGs
[2026-06-22T13:18:53.390+0000] {logging_mixin.py:188} INFO - [2026-06-22T13:18:53.390+0000] {dag.py:3823} INFO - Setting next_dagrun for mon_premier_dag to None, run_after=None
[2026-06-22T13:18:53.399+0000] {processor.py:183} INFO - Processing /opt/airflow/dags/mon_premier_dag.py took 0.038 seconds
[2026-06-22T13:19:23.839+0000] {processor.py:161} INFO - Started process (PID=42) to work on /opt/airflow/dags/mon_premier_dag.py
[2026-06-22T13:19:23.840+0000] {processor.py:830} INFO - Processing file /opt/airflow/dags/mon_premier_dag.py for tasks to queue
[2026-06-22T13:19:23.840+0000] {logging_mixin.py:188} INFO - [2026-06-22T13:19:23.840+0000] {dagbag.py:538} INFO - Filling up the DagBag from /opt/airflow/dags/mon_premier_dag.py
[2026-06-22T13:19:23.846+0000] {processor.py:840} INFO - DAG(s) 'mon_premier_dag' retrieved from /opt/airflow/dags/mon_premier_dag.py
[2026-06-22T13:19:23.859+0000] {logging_mixin.py:188} INFO - [2026-06-22T13:19:23.859+0000] {dag.py:3036} INFO - Sync 1 DAGs
[2026-06-22T13:19:23.865+0000] {logging_mixin.py:188} INFO - [2026-06-22T13:19:23.865+0000] {dag.py:3823} INFO - Setting next_dagrun for mon_premier_dag to None, run_after=None
[2026-06-22T13:19:23.875+0000] {processor.py:183} INFO - Processing /opt/airflow/dags/mon_premier_dag.py took 0.038 seconds
[2026-06-22T13:19:54.328+0000] {processor.py:161} INFO - Started process (PID=46) to work on /opt/airflow/dags/mon_premier_dag.py
[2026-06-22T13:19:54.329+0000] {processor.py:830} INFO - Processing file /opt/airflow/dags/mon_premier_dag.py for tasks to queue
[2026-06-22T13:19:54.329+0000] {logging_mixin.py:188} INFO - [2026-06-22T13:19:54.329+0000] {dagbag.py:538} INFO - Filling up the DagBag from /opt/airflow/dags/mon_premier_dag.py
[2026-06-22T13:19:54.335+0000] {processor.py:840} INFO - DAG(s) 'mon_premier_dag' retrieved from /opt/airflow/dags/mon_premier_dag.py
[2026-06-22T13:19:54.348+0000] {logging_mixin.py:188} INFO - [2026-06-22T13:19:54.348+0000] {dag.py:3036} INFO - Sync 1 DAGs
[2026-06-22T13:19:54.354+0000] {logging_mixin.py:188} INFO - [2026-06-22T13:19:54.354+0000] {dag.py:3823} INFO - Setting next_dagrun for mon_premier_dag to None, run_after=None
[2026-06-22T13:19:54.362+0000] {processor.py:183} INFO - Processing /opt/airflow/dags/mon_premier_dag.py took 0.036 seconds
[2026-06-22T13:20:24.778+0000] {processor.py:161} INFO - Started process (PID=50) to work on /opt/airflow/dags/mon_premier_dag.py
[2026-06-22T13:20:24.779+0000] {processor.py:830} INFO - Processing file /opt/airflow/dags/mon_premier_dag.py for tasks to queue
[2026-06-22T13:20:24.780+0000] {logging_mixin.py:188} INFO - [2026-06-22T13:20:24.780+0000] {dagbag.py:538} INFO - Filling up the DagBag from /opt/airflow/dags/mon_premier_dag.py
[2026-06-22T13:20:24.786+0000] {processor.py:840} INFO - DAG(s) 'mon_premier_dag' retrieved from /opt/airflow/dags/mon_premier_dag.py
[2026-06-22T13:20:24.800+0000] {logging_mixin.py:188} INFO - [2026-06-22T13:20:24.800+0000] {dag.py:3036} INFO - Sync 1 DAGs
[2026-06-22T13:20:24.807+0000] {logging_mixin.py:188} INFO - [2026-06-22T13:20:24.807+0000] {dag.py:3823} INFO - Setting next_dagrun for mon_premier_dag to None, run_after=None
[2026-06-22T13:20:24.816+0000] {processor.py:183} INFO - Processing /opt/airflow/dags/mon_premier_dag.py took 0.040 seconds
[2026-06-22T13:20:55.110+0000] {processor.py:161} INFO - Started process (PID=126) to work on /opt/airflow/dags/mon_premier_dag.py
[2026-06-22T13:20:55.110+0000] {processor.py:830} INFO - Processing file /opt/airflow/dags/mon_premier_dag.py for tasks to queue
[2026-06-22T13:20:55.111+0000] {logging_mixin.py:188} INFO - [2026-06-22T13:20:55.110+0000] {dagbag.py:538} INFO - Filling up the DagBag from /opt/airflow/dags/mon_premier_dag.py
[2026-06-22T13:20:55.116+0000] {processor.py:840} INFO - DAG(s) 'mon_premier_dag' retrieved from /opt/airflow/dags/mon_premier_dag.py
[2026-06-22T13:20:55.131+0000] {logging_mixin.py:188} INFO - [2026-06-22T13:20:55.131+0000] {dag.py:3036} INFO - Sync 1 DAGs
[2026-06-22T13:20:55.137+0000] {logging_mixin.py:188} INFO - [2026-06-22T13:20:55.137+0000] {dag.py:3823} INFO - Setting next_dagrun for mon_premier_dag to None, run_after=None
[2026-06-22T13:20:55.147+0000] {processor.py:183} INFO - Processing /opt/airflow/dags/mon_premier_dag.py took 0.039 seconds
[2026-06-22T13:21:25.694+0000] {processor.py:161} INFO - Started process (PID=130) to work on /opt/airflow/dags/mon_premier_dag.py
[2026-06-22T13:21:25.694+0000] {processor.py:830} INFO - Processing file /opt/airflow/dags/mon_premier_dag.py for tasks to queue
[2026-06-22T13:21:25.695+0000] {logging_mixin.py:188} INFO - [2026-06-22T13:21:25.695+0000] {dagbag.py:538} INFO - Filling up the DagBag from /opt/airflow/dags/mon_premier_dag.py
[2026-06-22T13:21:25.701+0000] {processor.py:840} INFO - DAG(s) 'mon_premier_dag' retrieved from /opt/airflow/dags/mon_premier_dag.py
[2026-06-22T13:21:25.714+0000] {logging_mixin.py:188} INFO - [2026-06-22T13:21:25.714+0000] {dag.py:3036} INFO - Sync 1 DAGs
[2026-06-22T13:21:25.720+0000] {logging_mixin.py:188} INFO - [2026-06-22T13:21:25.720+0000] {dag.py:3823} INFO - Setting next_dagrun for mon_premier_dag to None, run_after=None
[2026-06-22T13:21:25.730+0000] {processor.py:183} INFO - Processing /opt/airflow/dags/mon_premier_dag.py took 0.038 seconds
[2026-06-22T13:21:56.370+0000] {processor.py:161} INFO - Started process (PID=134) to work on /opt/airflow/dags/mon_premier_dag.py
[2026-06-22T13:21:56.371+0000] {processor.py:830} INFO - Processing file /opt/airflow/dags/mon_premier_dag.py for tasks to queue
[2026-06-22T13:21:56.371+0000] {logging_mixin.py:188} INFO - [2026-06-22T13:21:56.371+0000] {dagbag.py:538} INFO - Filling up the DagBag from /opt/airflow/dags/mon_premier_dag.py
[2026-06-22T13:21:56.377+0000] {processor.py:840} INFO - DAG(s) 'mon_premier_dag' retrieved from /opt/airflow/dags/mon_premier_dag.py
[2026-06-22T13:21:56.390+0000] {logging_mixin.py:188} INFO - [2026-06-22T13:21:56.390+0000] {dag.py:3036} INFO - Sync 1 DAGs
[2026-06-22T13:21:56.397+0000] {logging_mixin.py:188} INFO - [2026-06-22T13:21:56.396+0000] {dag.py:3823} INFO - Setting next_dagrun for mon_premier_dag to None, run_after=None
[2026-06-22T13:21:56.405+0000] {processor.py:183} INFO - Processing /opt/airflow/dags/mon_premier_dag.py took 0.037 seconds
[2026-06-22T13:22:26.814+0000] {processor.py:161} INFO - Started process (PID=192) to work on /opt/airflow/dags/mon_premier_dag.py
[2026-06-22T13:22:26.817+0000] {processor.py:830} INFO - Processing file /opt/airflow/dags/mon_premier_dag.py for tasks to queue
[2026-06-22T13:22:26.818+0000] {logging_mixin.py:188} INFO - [2026-06-22T13:22:26.817+0000] {dagbag.py:538} INFO - Filling up the DagBag from /opt/airflow/dags/mon_premier_dag.py
[2026-06-22T13:22:26.825+0000] {processor.py:840} INFO - DAG(s) 'mon_premier_dag' retrieved from /opt/airflow/dags/mon_premier_dag.py
[2026-06-22T13:22:26.839+0000] {logging_mixin.py:188} INFO - [2026-06-22T13:22:26.839+0000] {dag.py:3036} INFO - Sync 1 DAGs
[2026-06-22T13:22:26.845+0000] {logging_mixin.py:188} INFO - [2026-06-22T13:22:26.845+0000] {dag.py:3823} INFO - Setting next_dagrun for mon_premier_dag to None, run_after=None
[2026-06-22T13:22:26.857+0000] {processor.py:183} INFO - Processing /opt/airflow/dags/mon_premier_dag.py took 0.045 seconds
[2026-06-22T13:22:57.108+0000] {processor.py:161} INFO - Started process (PID=274) to work on /opt/airflow/dags/mon_premier_dag.py
[2026-06-22T13:22:57.109+0000] {processor.py:830} INFO - Processing file /opt/airflow/dags/mon_premier_dag.py for tasks to queue
[2026-06-22T13:22:57.110+0000] {logging_mixin.py:188} INFO - [2026-06-22T13:22:57.109+0000] {dagbag.py:538} INFO - Filling up the DagBag from /opt/airflow/dags/mon_premier_dag.py
[2026-06-22T13:22:57.116+0000] {processor.py:840} INFO - DAG(s) 'mon_premier_dag' retrieved from /opt/airflow/dags/mon_premier_dag.py
[2026-06-22T13:22:57.130+0000] {logging_mixin.py:188} INFO - [2026-06-22T13:22:57.130+0000] {dag.py:3036} INFO - Sync 1 DAGs
[2026-06-22T13:22:57.137+0000] {logging_mixin.py:188} INFO - [2026-06-22T13:22:57.137+0000] {dag.py:3823} INFO - Setting next_dagrun for mon_premier_dag to None, run_after=None
[2026-06-22T13:22:57.146+0000] {processor.py:183} INFO - Processing /opt/airflow/dags/mon_premier_dag.py took 0.040 seconds
[2026-06-22T13:23:27.535+0000] {processor.py:161} INFO - Started process (PID=278) to work on /opt/airflow/dags/mon_premier_dag.py
[2026-06-22T13:23:27.536+0000] {processor.py:830} INFO - Processing file /opt/airflow/dags/mon_premier_dag.py for tasks to queue
[2026-06-22T13:23:27.536+0000] {logging_mixin.py:188} INFO - [2026-06-22T13:23:27.536+0000] {dagbag.py:538} INFO - Filling up the DagBag from /opt/airflow/dags/mon_premier_dag.py
[2026-06-22T13:23:27.541+0000] {processor.py:840} INFO - DAG(s) 'mon_premier_dag' retrieved from /opt/airflow/dags/mon_premier_dag.py
[2026-06-22T13:23:27.555+0000] {logging_mixin.py:188} INFO - [2026-06-22T13:23:27.555+0000] {dag.py:3036} INFO - Sync 1 DAGs
[2026-06-22T13:23:27.561+0000] {logging_mixin.py:188} INFO - [2026-06-22T13:23:27.561+0000] {dag.py:3823} INFO - Setting next_dagrun for mon_premier_dag to None, run_after=None
[2026-06-22T13:23:27.571+0000] {processor.py:183} INFO - Processing /opt/airflow/dags/mon_premier_dag.py took 0.038 seconds
[2026-06-22T13:23:58.039+0000] {processor.py:161} INFO - Started process (PID=282) to work on /opt/airflow/dags/mon_premier_dag.py
[2026-06-22T13:23:58.040+0000] {processor.py:830} INFO - Processing file /opt/airflow/dags/mon_premier_dag.py for tasks to queue
[2026-06-22T13:23:58.040+0000] {logging_mixin.py:188} INFO - [2026-06-22T13:23:58.040+0000] {dagbag.py:538} INFO - Filling up the DagBag from /opt/airflow/dags/mon_premier_dag.py
[2026-06-22T13:23:58.047+0000] {processor.py:840} INFO - DAG(s) 'mon_premier_dag' retrieved from /opt/airflow/dags/mon_premier_dag.py
[2026-06-22T13:23:58.065+0000] {logging_mixin.py:188} INFO - [2026-06-22T13:23:58.065+0000] {dag.py:3036} INFO - Sync 1 DAGs
[2026-06-22T13:23:58.072+0000] {logging_mixin.py:188} INFO - [2026-06-22T13:23:58.072+0000] {dag.py:3823} INFO - Setting next_dagrun for mon_premier_dag to None, run_after=None
[2026-06-22T13:23:58.083+0000] {processor.py:183} INFO - Processing /opt/airflow/dags/mon_premier_dag.py took 0.046 seconds
[2026-06-22T13:24:28.513+0000] {processor.py:161} INFO - Started process (PID=286) to work on /opt/airflow/dags/mon_premier_dag.py
[2026-06-22T13:24:28.514+0000] {processor.py:830} INFO - Processing file /opt/airflow/dags/mon_premier_dag.py for tasks to queue
[2026-06-22T13:24:28.514+0000] {logging_mixin.py:188} INFO - [2026-06-22T13:24:28.514+0000] {dagbag.py:538} INFO - Filling up the DagBag from /opt/airflow/dags/mon_premier_dag.py
[2026-06-22T13:24:28.520+0000] {processor.py:840} INFO - DAG(s) 'mon_premier_dag' retrieved from /opt/airflow/dags/mon_premier_dag.py
[2026-06-22T13:24:28.534+0000] {logging_mixin.py:188} INFO - [2026-06-22T13:24:28.534+0000] {dag.py:3036} INFO - Sync 1 DAGs
[2026-06-22T13:24:28.541+0000] {logging_mixin.py:188} INFO - [2026-06-22T13:24:28.541+0000] {dag.py:3823} INFO - Setting next_dagrun for mon_premier_dag to None, run_after=None
[2026-06-22T13:24:28.551+0000] {processor.py:183} INFO - Processing /opt/airflow/dags/mon_premier_dag.py took 0.040 seconds
[2026-06-22T13:24:58.960+0000] {processor.py:161} INFO - Started process (PID=290) to work on /opt/airflow/dags/mon_premier_dag.py
[2026-06-22T13:24:58.962+0000] {processor.py:830} INFO - Processing file /opt/airflow/dags/mon_premier_dag.py for tasks to queue
[2026-06-22T13:24:58.962+0000] {logging_mixin.py:188} INFO - [2026-06-22T13:24:58.962+0000] {dagbag.py:538} INFO - Filling up the DagBag from /opt/airflow/dags/mon_premier_dag.py
[2026-06-22T13:24:58.969+0000] {processor.py:840} INFO - DAG(s) 'mon_premier_dag' retrieved from /opt/airflow/dags/mon_premier_dag.py
[2026-06-22T13:24:58.985+0000] {logging_mixin.py:188} INFO - [2026-06-22T13:24:58.985+0000] {dag.py:3036} INFO - Sync 1 DAGs
[2026-06-22T13:24:58.992+0000] {logging_mixin.py:188} INFO - [2026-06-22T13:24:58.991+0000] {dag.py:3823} INFO - Setting next_dagrun for mon_premier_dag to None, run_after=None
[2026-06-22T13:24:59.002+0000] {processor.py:183} INFO - Processing /opt/airflow/dags/mon_premier_dag.py took 0.044 seconds
[2026-06-22T13:25:29.370+0000] {processor.py:161} INFO - Started process (PID=294) to work on /opt/airflow/dags/mon_premier_dag.py
[2026-06-22T13:25:29.371+0000] {processor.py:830} INFO - Processing file /opt/airflow/dags/mon_premier_dag.py for tasks to queue
[2026-06-22T13:25:29.372+0000] {logging_mixin.py:188} INFO - [2026-06-22T13:25:29.372+0000] {dagbag.py:538} INFO - Filling up the DagBag from /opt/airflow/dags/mon_premier_dag.py
[2026-06-22T13:25:29.379+0000] {processor.py:840} INFO - DAG(s) 'mon_premier_dag' retrieved from /opt/airflow/dags/mon_premier_dag.py
[2026-06-22T13:25:29.399+0000] {logging_mixin.py:188} INFO - [2026-06-22T13:25:29.398+0000] {dag.py:3036} INFO - Sync 1 DAGs
[2026-06-22T13:25:29.406+0000] {logging_mixin.py:188} INFO - [2026-06-22T13:25:29.406+0000] {dag.py:3823} INFO - Setting next_dagrun for mon_premier_dag to None, run_after=None
[2026-06-22T13:25:29.417+0000] {processor.py:183} INFO - Processing /opt/airflow/dags/mon_premier_dag.py took 0.049 seconds
[2026-06-22T13:25:59.851+0000] {processor.py:161} INFO - Started process (PID=298) to work on /opt/airflow/dags/mon_premier_dag.py
[2026-06-22T13:25:59.851+0000] {processor.py:830} INFO - Processing file /opt/airflow/dags/mon_premier_dag.py for tasks to queue
[2026-06-22T13:25:59.852+0000] {logging_mixin.py:188} INFO - [2026-06-22T13:25:59.852+0000] {dagbag.py:538} INFO - Filling up the DagBag from /opt/airflow/dags/mon_premier_dag.py
[2026-06-22T13:25:59.859+0000] {processor.py:840} INFO - DAG(s) 'mon_premier_dag' retrieved from /opt/airflow/dags/mon_premier_dag.py
[2026-06-22T13:25:59.873+0000] {logging_mixin.py:188} INFO - [2026-06-22T13:25:59.872+0000] {dag.py:3036} INFO - Sync 1 DAGs
[2026-06-22T13:25:59.879+0000] {logging_mixin.py:188} INFO - [2026-06-22T13:25:59.879+0000] {dag.py:3823} INFO - Setting next_dagrun for mon_premier_dag to None, run_after=None
[2026-06-22T13:25:59.889+0000] {processor.py:183} INFO - Processing /opt/airflow/dags/mon_premier_dag.py took 0.040 seconds
[2026-06-22T13:26:30.336+0000] {processor.py:161} INFO - Started process (PID=302) to work on /opt/airflow/dags/mon_premier_dag.py
[2026-06-22T13:26:30.337+0000] {processor.py:830} INFO - Processing file /opt/airflow/dags/mon_premier_dag.py for tasks to queue
[2026-06-22T13:26:30.337+0000] {logging_mixin.py:188} INFO - [2026-06-22T13:26:30.337+0000] {dagbag.py:538} INFO - Filling up the DagBag from /opt/airflow/dags/mon_premier_dag.py
[2026-06-22T13:26:30.343+0000] {processor.py:840} INFO - DAG(s) 'mon_premier_dag' retrieved from /opt/airflow/dags/mon_premier_dag.py
[2026-06-22T13:26:30.359+0000] {logging_mixin.py:188} INFO - [2026-06-22T13:26:30.358+0000] {dag.py:3036} INFO - Sync 1 DAGs
[2026-06-22T13:26:30.365+0000] {logging_mixin.py:188} INFO - [2026-06-22T13:26:30.365+0000] {dag.py:3823} INFO - Setting next_dagrun for mon_premier_dag to None, run_after=None
[2026-06-22T13:26:30.373+0000] {processor.py:183} INFO - Processing /opt/airflow/dags/mon_premier_dag.py took 0.039 seconds
[2026-06-22T13:27:00.823+0000] {processor.py:161} INFO - Started process (PID=306) to work on /opt/airflow/dags/mon_premier_dag.py
[2026-06-22T13:27:00.824+0000] {processor.py:830} INFO - Processing file /opt/airflow/dags/mon_premier_dag.py for tasks to queue
[2026-06-22T13:27:00.825+0000] {logging_mixin.py:188} INFO - [2026-06-22T13:27:00.824+0000] {dagbag.py:538} INFO - Filling up the DagBag from /opt/airflow/dags/mon_premier_dag.py
[2026-06-22T13:27:00.832+0000] {processor.py:840} INFO - DAG(s) 'mon_premier_dag' retrieved from /opt/airflow/dags/mon_premier_dag.py
[2026-06-22T13:27:00.847+0000] {logging_mixin.py:188} INFO - [2026-06-22T13:27:00.847+0000] {dag.py:3036} INFO - Sync 1 DAGs
[2026-06-22T13:27:00.854+0000] {logging_mixin.py:188} INFO - [2026-06-22T13:27:00.854+0000] {dag.py:3823} INFO - Setting next_dagrun for mon_premier_dag to None, run_after=None
[2026-06-22T13:27:00.865+0000] {processor.py:183} INFO - Processing /opt/airflow/dags/mon_premier_dag.py took 0.044 seconds
[2026-06-22T13:27:31.371+0000] {processor.py:161} INFO - Started process (PID=310) to work on /opt/airflow/dags/mon_premier_dag.py
[2026-06-22T13:27:31.372+0000] {processor.py:830} INFO - Processing file /opt/airflow/dags/mon_premier_dag.py for tasks to queue
[2026-06-22T13:27:31.372+0000] {logging_mixin.py:188} INFO - [2026-06-22T13:27:31.372+0000] {dagbag.py:538} INFO - Filling up the DagBag from /opt/airflow/dags/mon_premier_dag.py
[2026-06-22T13:27:31.379+0000] {processor.py:840} INFO - DAG(s) 'mon_premier_dag' retrieved from /opt/airflow/dags/mon_premier_dag.py
[2026-06-22T13:27:31.396+0000] {logging_mixin.py:188} INFO - [2026-06-22T13:27:31.396+0000] {dag.py:3036} INFO - Sync 1 DAGs
[2026-06-22T13:27:31.404+0000] {logging_mixin.py:188} INFO - [2026-06-22T13:27:31.404+0000] {dag.py:3823} INFO - Setting next_dagrun for mon_premier_dag to None, run_after=None
[2026-06-22T13:27:31.414+0000] {processor.py:183} INFO - Processing /opt/airflow/dags/mon_premier_dag.py took 0.046 seconds
[2026-06-22T13:28:01.825+0000] {processor.py:161} INFO - Started process (PID=314) to work on /opt/airflow/dags/mon_premier_dag.py
[2026-06-22T13:28:01.826+0000] {processor.py:830} INFO - Processing file /opt/airflow/dags/mon_premier_dag.py for tasks to queue
[2026-06-22T13:28:01.827+0000] {logging_mixin.py:188} INFO - [2026-06-22T13:28:01.827+0000] {dagbag.py:538} INFO - Filling up the DagBag from /opt/airflow/dags/mon_premier_dag.py
[2026-06-22T13:28:01.834+0000] {processor.py:840} INFO - DAG(s) 'mon_premier_dag' retrieved from /opt/airflow/dags/mon_premier_dag.py
[2026-06-22T13:28:01.849+0000] {logging_mixin.py:188} INFO - [2026-06-22T13:28:01.848+0000] {dag.py:3036} INFO - Sync 1 DAGs
[2026-06-22T13:28:01.855+0000] {logging_mixin.py:188} INFO - [2026-06-22T13:28:01.855+0000] {dag.py:3823} INFO - Setting next_dagrun for mon_premier_dag to None, run_after=None
[2026-06-22T13:28:01.865+0000] {processor.py:183} INFO - Processing /opt/airflow/dags/mon_premier_dag.py took 0.042 seconds
[2026-06-22T13:28:32.366+0000] {processor.py:161} INFO - Started process (PID=318) to work on /opt/airflow/dags/mon_premier_dag.py
[2026-06-22T13:28:32.367+0000] {processor.py:830} INFO - Processing file /opt/airflow/dags/mon_premier_dag.py for tasks to queue
[2026-06-22T13:28:32.368+0000] {logging_mixin.py:188} INFO - [2026-06-22T13:28:32.367+0000] {dagbag.py:538} INFO - Filling up the DagBag from /opt/airflow/dags/mon_premier_dag.py
[2026-06-22T13:28:32.374+0000] {processor.py:840} INFO - DAG(s) 'mon_premier_dag' retrieved from /opt/airflow/dags/mon_premier_dag.py
[2026-06-22T13:28:32.389+0000] {logging_mixin.py:188} INFO - [2026-06-22T13:28:32.389+0000] {dag.py:3036} INFO - Sync 1 DAGs
[2026-06-22T13:28:32.396+0000] {logging_mixin.py:188} INFO - [2026-06-22T13:28:32.396+0000] {dag.py:3823} INFO - Setting next_dagrun for mon_premier_dag to None, run_after=None
[2026-06-22T13:28:32.405+0000] {processor.py:183} INFO - Processing /opt/airflow/dags/mon_premier_dag.py took 0.041 seconds
[2026-06-22T13:29:02.756+0000] {processor.py:161} INFO - Started process (PID=322) to work on /opt/airflow/dags/mon_premier_dag.py
[2026-06-22T13:29:02.756+0000] {processor.py:830} INFO - Processing file /opt/airflow/dags/mon_premier_dag.py for tasks to queue
[2026-06-22T13:29:02.757+0000] {logging_mixin.py:188} INFO - [2026-06-22T13:29:02.757+0000] {dagbag.py:538} INFO - Filling up the DagBag from /opt/airflow/dags/mon_premier_dag.py
[2026-06-22T13:29:02.764+0000] {processor.py:840} INFO - DAG(s) 'mon_premier_dag' retrieved from /opt/airflow/dags/mon_premier_dag.py
[2026-06-22T13:29:02.779+0000] {logging_mixin.py:188} INFO - [2026-06-22T13:29:02.779+0000] {dag.py:3036} INFO - Sync 1 DAGs
[2026-06-22T13:29:02.785+0000] {logging_mixin.py:188} INFO - [2026-06-22T13:29:02.785+0000] {dag.py:3823} INFO - Setting next_dagrun for mon_premier_dag to None, run_after=None
[2026-06-22T13:29:02.794+0000] {processor.py:183} INFO - Processing /opt/airflow/dags/mon_premier_dag.py took 0.041 seconds
[2026-06-22T13:29:33.237+0000] {processor.py:161} INFO - Started process (PID=326) to work on /opt/airflow/dags/mon_premier_dag.py
[2026-06-22T13:29:33.238+0000] {processor.py:830} INFO - Processing file /opt/airflow/dags/mon_premier_dag.py for tasks to queue
[2026-06-22T13:29:33.238+0000] {logging_mixin.py:188} INFO - [2026-06-22T13:29:33.238+0000] {dagbag.py:538} INFO - Filling up the DagBag from /opt/airflow/dags/mon_premier_dag.py
[2026-06-22T13:29:33.245+0000] {processor.py:840} INFO - DAG(s) 'mon_premier_dag' retrieved from /opt/airflow/dags/mon_premier_dag.py
[2026-06-22T13:29:33.258+0000] {logging_mixin.py:188} INFO - [2026-06-22T13:29:33.258+0000] {dag.py:3036} INFO - Sync 1 DAGs
[2026-06-22T13:29:33.265+0000] {logging_mixin.py:188} INFO - [2026-06-22T13:29:33.265+0000] {dag.py:3823} INFO - Setting next_dagrun for mon_premier_dag to None, run_after=None
[2026-06-22T13:29:33.275+0000] {processor.py:183} INFO - Processing /opt/airflow/dags/mon_premier_dag.py took 0.040 seconds
[2026-06-22T13:30:03.745+0000] {processor.py:161} INFO - Started process (PID=330) to work on /opt/airflow/dags/mon_premier_dag.py
[2026-06-22T13:30:03.746+0000] {processor.py:830} INFO - Processing file /opt/airflow/dags/mon_premier_dag.py for tasks to queue
[2026-06-22T13:30:03.746+0000] {logging_mixin.py:188} INFO - [2026-06-22T13:30:03.746+0000] {dagbag.py:538} INFO - Filling up the DagBag from /opt/airflow/dags/mon_premier_dag.py
[2026-06-22T13:30:03.753+0000] {processor.py:840} INFO - DAG(s) 'mon_premier_dag' retrieved from /opt/airflow/dags/mon_premier_dag.py
[2026-06-22T13:30:03.769+0000] {logging_mixin.py:188} INFO - [2026-06-22T13:30:03.769+0000] {dag.py:3036} INFO - Sync 1 DAGs
[2026-06-22T13:30:03.776+0000] {logging_mixin.py:188} INFO - [2026-06-22T13:30:03.775+0000] {dag.py:3823} INFO - Setting next_dagrun for mon_premier_dag to None, run_after=None
[2026-06-22T13:30:03.786+0000] {processor.py:183} INFO - Processing /opt/airflow/dags/mon_premier_dag.py took 0.043 seconds
[2026-06-22T13:30:34.247+0000] {processor.py:161} INFO - Started process (PID=334) to work on /opt/airflow/dags/mon_premier_dag.py
[2026-06-22T13:30:34.248+0000] {processor.py:830} INFO - Processing file /opt/airflow/dags/mon_premier_dag.py for tasks to queue
[2026-06-22T13:30:34.249+0000] {logging_mixin.py:188} INFO - [2026-06-22T13:30:34.248+0000] {dagbag.py:538} INFO - Filling up the DagBag from /opt/airflow/dags/mon_premier_dag.py
[2026-06-22T13:30:34.255+0000] {processor.py:840} INFO - DAG(s) 'mon_premier_dag' retrieved from /opt/airflow/dags/mon_premier_dag.py
[2026-06-22T13:30:34.271+0000] {logging_mixin.py:188} INFO - [2026-06-22T13:30:34.271+0000] {dag.py:3036} INFO - Sync 1 DAGs
[2026-06-22T13:30:34.278+0000] {logging_mixin.py:188} INFO - [2026-06-22T13:30:34.278+0000] {dag.py:3823} INFO - Setting next_dagrun for mon_premier_dag to None, run_after=None
[2026-06-22T13:30:34.287+0000] {processor.py:183} INFO - Processing /opt/airflow/dags/mon_premier_dag.py took 0.041 seconds
[2026-06-22T13:31:04.710+0000] {processor.py:161} INFO - Started process (PID=338) to work on /opt/airflow/dags/mon_premier_dag.py
[2026-06-22T13:31:04.710+0000] {processor.py:830} INFO - Processing file /opt/airflow/dags/mon_premier_dag.py for tasks to queue
[2026-06-22T13:31:04.711+0000] {logging_mixin.py:188} INFO - [2026-06-22T13:31:04.711+0000] {dagbag.py:538} INFO - Filling up the DagBag from /opt/airflow/dags/mon_premier_dag.py
[2026-06-22T13:31:04.718+0000] {processor.py:840} INFO - DAG(s) 'mon_premier_dag' retrieved from /opt/airflow/dags/mon_premier_dag.py
[2026-06-22T13:31:04.733+0000] {logging_mixin.py:188} INFO - [2026-06-22T13:31:04.733+0000] {dag.py:3036} INFO - Sync 1 DAGs
[2026-06-22T13:31:04.739+0000] {logging_mixin.py:188} INFO - [2026-06-22T13:31:04.739+0000] {dag.py:3823} INFO - Setting next_dagrun for mon_premier_dag to None, run_after=None
[2026-06-22T13:31:04.749+0000] {processor.py:183} INFO - Processing /opt/airflow/dags/mon_premier_dag.py took 0.041 seconds
[2026-06-22T13:31:34.869+0000] {processor.py:161} INFO - Started process (PID=486) to work on /opt/airflow/dags/mon_premier_dag.py
[2026-06-22T13:31:34.870+0000] {processor.py:830} INFO - Processing file /opt/airflow/dags/mon_premier_dag.py for tasks to queue
[2026-06-22T13:31:34.870+0000] {logging_mixin.py:188} INFO - [2026-06-22T13:31:34.870+0000] {dagbag.py:538} INFO - Filling up the DagBag from /opt/airflow/dags/mon_premier_dag.py
[2026-06-22T13:31:34.876+0000] {processor.py:840} INFO - DAG(s) 'mon_premier_dag' retrieved from /opt/airflow/dags/mon_premier_dag.py
[2026-06-22T13:31:34.892+0000] {logging_mixin.py:188} INFO - [2026-06-22T13:31:34.892+0000] {dag.py:3036} INFO - Sync 1 DAGs
[2026-06-22T13:31:34.899+0000] {logging_mixin.py:188} INFO - [2026-06-22T13:31:34.899+0000] {dag.py:3823} INFO - Setting next_dagrun for mon_premier_dag to None, run_after=None
[2026-06-22T13:31:34.909+0000] {processor.py:183} INFO - Processing /opt/airflow/dags/mon_premier_dag.py took 0.043 seconds
[2026-06-22T13:32:05.009+0000] {processor.py:161} INFO - Started process (PID=958) to work on /opt/airflow/dags/mon_premier_dag.py
[2026-06-22T13:32:05.009+0000] {processor.py:830} INFO - Processing file /opt/airflow/dags/mon_premier_dag.py for tasks to queue
[2026-06-22T13:32:05.010+0000] {logging_mixin.py:188} INFO - [2026-06-22T13:32:05.010+0000] {dagbag.py:538} INFO - Filling up the DagBag from /opt/airflow/dags/mon_premier_dag.py
[2026-06-22T13:32:05.016+0000] {processor.py:840} INFO - DAG(s) 'mon_premier_dag' retrieved from /opt/airflow/dags/mon_premier_dag.py
[2026-06-22T13:32:05.030+0000] {logging_mixin.py:188} INFO - [2026-06-22T13:32:05.030+0000] {dag.py:3036} INFO - Sync 1 DAGs
[2026-06-22T13:32:05.036+0000] {logging_mixin.py:188} INFO - [2026-06-22T13:32:05.036+0000] {dag.py:3823} INFO - Setting next_dagrun for mon_premier_dag to None, run_after=None
[2026-06-22T13:32:05.045+0000] {processor.py:183} INFO - Processing /opt/airflow/dags/mon_premier_dag.py took 0.038 seconds
[2026-06-22T13:32:35.218+0000] {processor.py:161} INFO - Started process (PID=1460) to work on /opt/airflow/dags/mon_premier_dag.py
[2026-06-22T13:32:35.218+0000] {processor.py:830} INFO - Processing file /opt/airflow/dags/mon_premier_dag.py for tasks to queue
[2026-06-22T13:32:35.219+0000] {logging_mixin.py:188} INFO - [2026-06-22T13:32:35.219+0000] {dagbag.py:538} INFO - Filling up the DagBag from /opt/airflow/dags/mon_premier_dag.py
[2026-06-22T13:32:35.226+0000] {processor.py:840} INFO - DAG(s) 'mon_premier_dag' retrieved from /opt/airflow/dags/mon_premier_dag.py
[2026-06-22T13:32:35.242+0000] {logging_mixin.py:188} INFO - [2026-06-22T13:32:35.242+0000] {dag.py:3036} INFO - Sync 1 DAGs
[2026-06-22T13:32:35.249+0000] {logging_mixin.py:188} INFO - [2026-06-22T13:32:35.249+0000] {dag.py:3823} INFO - Setting next_dagrun for mon_premier_dag to None, run_after=None
[2026-06-22T13:32:35.260+0000] {processor.py:183} INFO - Processing /opt/airflow/dags/mon_premier_dag.py took 0.045 seconds
[2026-06-22T13:33:05.317+0000] {processor.py:161} INFO - Started process (PID=1905) to work on /opt/airflow/dags/mon_premier_dag.py
[2026-06-22T13:33:05.318+0000] {processor.py:830} INFO - Processing file /opt/airflow/dags/mon_premier_dag.py for tasks to queue
[2026-06-22T13:33:05.318+0000] {logging_mixin.py:188} INFO - [2026-06-22T13:33:05.318+0000] {dagbag.py:538} INFO - Filling up the DagBag from /opt/airflow/dags/mon_premier_dag.py
[2026-06-22T13:33:05.325+0000] {processor.py:840} INFO - DAG(s) 'mon_premier_dag' retrieved from /opt/airflow/dags/mon_premier_dag.py
[2026-06-22T13:33:05.341+0000] {logging_mixin.py:188} INFO - [2026-06-22T13:33:05.341+0000] {dag.py:3036} INFO - Sync 1 DAGs
[2026-06-22T13:33:05.348+0000] {logging_mixin.py:188} INFO - [2026-06-22T13:33:05.348+0000] {dag.py:3823} INFO - Setting next_dagrun for mon_premier_dag to None, run_after=None
[2026-06-22T13:33:05.359+0000] {processor.py:183} INFO - Processing /opt/airflow/dags/mon_premier_dag.py took 0.044 seconds
[2026-06-22T13:33:36.195+0000] {processor.py:161} INFO - Started process (PID=2371) to work on /opt/airflow/dags/mon_premier_dag.py
[2026-06-22T13:33:36.196+0000] {processor.py:830} INFO - Processing file /opt/airflow/dags/mon_premier_dag.py for tasks to queue
[2026-06-22T13:33:36.196+0000] {logging_mixin.py:188} INFO - [2026-06-22T13:33:36.196+0000] {dagbag.py:538} INFO - Filling up the DagBag from /opt/airflow/dags/mon_premier_dag.py
[2026-06-22T13:33:36.203+0000] {processor.py:840} INFO - DAG(s) 'mon_premier_dag' retrieved from /opt/airflow/dags/mon_premier_dag.py
[2026-06-22T13:33:36.220+0000] {logging_mixin.py:188} INFO - [2026-06-22T13:33:36.220+0000] {dag.py:3036} INFO - Sync 1 DAGs
[2026-06-22T13:33:36.227+0000] {logging_mixin.py:188} INFO - [2026-06-22T13:33:36.227+0000] {dag.py:3823} INFO - Setting next_dagrun for mon_premier_dag to None, run_after=None
[2026-06-22T13:33:36.238+0000] {processor.py:183} INFO - Processing /opt/airflow/dags/mon_premier_dag.py took 0.046 seconds
[2026-06-22T13:34:06.399+0000] {processor.py:161} INFO - Started process (PID=2817) to work on /opt/airflow/dags/mon_premier_dag.py
[2026-06-22T13:34:06.400+0000] {processor.py:830} INFO - Processing file /opt/airflow/dags/mon_premier_dag.py for tasks to queue
[2026-06-22T13:34:06.401+0000] {logging_mixin.py:188} INFO - [2026-06-22T13:34:06.401+0000] {dagbag.py:538} INFO - Filling up the DagBag from /opt/airflow/dags/mon_premier_dag.py
[2026-06-22T13:34:06.408+0000] {processor.py:840} INFO - DAG(s) 'mon_premier_dag' retrieved from /opt/airflow/dags/mon_premier_dag.py
[2026-06-22T13:34:06.424+0000] {logging_mixin.py:188} INFO - [2026-06-22T13:34:06.423+0000] {dag.py:3036} INFO - Sync 1 DAGs
[2026-06-22T13:34:06.431+0000] {logging_mixin.py:188} INFO - [2026-06-22T13:34:06.431+0000] {dag.py:3823} INFO - Setting next_dagrun for mon_premier_dag to None, run_after=None
[2026-06-22T13:34:06.442+0000] {processor.py:183} INFO - Processing /opt/airflow/dags/mon_premier_dag.py took 0.045 seconds
[2026-06-22T13:34:36.537+0000] {processor.py:161} INFO - Started process (PID=3312) to work on /opt/airflow/dags/mon_premier_dag.py
[2026-06-22T13:34:36.538+0000] {processor.py:830} INFO - Processing file /opt/airflow/dags/mon_premier_dag.py for tasks to queue
[2026-06-22T13:34:36.538+0000] {logging_mixin.py:188} INFO - [2026-06-22T13:34:36.538+0000] {dagbag.py:538} INFO - Filling up the DagBag from /opt/airflow/dags/mon_premier_dag.py
[2026-06-22T13:34:36.544+0000] {processor.py:840} INFO - DAG(s) 'mon_premier_dag' retrieved from /opt/airflow/dags/mon_premier_dag.py
[2026-06-22T13:34:36.560+0000] {logging_mixin.py:188} INFO - [2026-06-22T13:34:36.560+0000] {dag.py:3036} INFO - Sync 1 DAGs
[2026-06-22T13:34:36.567+0000] {logging_mixin.py:188} INFO - [2026-06-22T13:34:36.566+0000] {dag.py:3823} INFO - Setting next_dagrun for mon_premier_dag to None, run_after=None
[2026-06-22T13:34:36.575+0000] {processor.py:183} INFO - Processing /opt/airflow/dags/mon_premier_dag.py took 0.040 seconds
[2026-06-22T13:35:06.694+0000] {processor.py:161} INFO - Started process (PID=3763) to work on /opt/airflow/dags/mon_premier_dag.py
[2026-06-22T13:35:06.694+0000] {processor.py:830} INFO - Processing file /opt/airflow/dags/mon_premier_dag.py for tasks to queue
[2026-06-22T13:35:06.695+0000] {logging_mixin.py:188} INFO - [2026-06-22T13:35:06.695+0000] {dagbag.py:538} INFO - Filling up the DagBag from /opt/airflow/dags/mon_premier_dag.py
[2026-06-22T13:35:06.702+0000] {processor.py:840} INFO - DAG(s) 'mon_premier_dag' retrieved from /opt/airflow/dags/mon_premier_dag.py
[2026-06-22T13:35:06.719+0000] {logging_mixin.py:188} INFO - [2026-06-22T13:35:06.719+0000] {dag.py:3036} INFO - Sync 1 DAGs
[2026-06-22T13:35:06.803+0000] {logging_mixin.py:188} INFO - [2026-06-22T13:35:06.803+0000] {dag.py:3823} INFO - Setting next_dagrun for mon_premier_dag to None, run_after=None
[2026-06-22T13:35:06.813+0000] {processor.py:183} INFO - Processing /opt/airflow/dags/mon_premier_dag.py took 0.122 seconds
[2026-06-22T13:35:36.839+0000] {processor.py:161} INFO - Started process (PID=4233) to work on /opt/airflow/dags/mon_premier_dag.py
[2026-06-22T13:35:36.840+0000] {processor.py:830} INFO - Processing file /opt/airflow/dags/mon_premier_dag.py for tasks to queue
[2026-06-22T13:35:36.841+0000] {logging_mixin.py:188} INFO - [2026-06-22T13:35:36.840+0000] {dagbag.py:538} INFO - Filling up the DagBag from /opt/airflow/dags/mon_premier_dag.py
[2026-06-22T13:35:36.846+0000] {processor.py:840} INFO - DAG(s) 'mon_premier_dag' retrieved from /opt/airflow/dags/mon_premier_dag.py
[2026-06-22T13:35:36.863+0000] {logging_mixin.py:188} INFO - [2026-06-22T13:35:36.863+0000] {dag.py:3036} INFO - Sync 1 DAGs
[2026-06-22T13:35:36.869+0000] {logging_mixin.py:188} INFO - [2026-06-22T13:35:36.869+0000] {dag.py:3823} INFO - Setting next_dagrun for mon_premier_dag to None, run_after=None
[2026-06-22T13:35:36.878+0000] {processor.py:183} INFO - Processing /opt/airflow/dags/mon_premier_dag.py took 0.040 seconds
[2026-06-22T13:36:06.961+0000] {processor.py:161} INFO - Started process (PID=4708) to work on /opt/airflow/dags/mon_premier_dag.py
[2026-06-22T13:36:06.961+0000] {processor.py:830} INFO - Processing file /opt/airflow/dags/mon_premier_dag.py for tasks to queue
[2026-06-22T13:36:06.962+0000] {logging_mixin.py:188} INFO - [2026-06-22T13:36:06.962+0000] {dagbag.py:538} INFO - Filling up the DagBag from /opt/airflow/dags/mon_premier_dag.py
[2026-06-22T13:36:06.967+0000] {processor.py:840} INFO - DAG(s) 'mon_premier_dag' retrieved from /opt/airflow/dags/mon_premier_dag.py
[2026-06-22T13:36:06.982+0000] {logging_mixin.py:188} INFO - [2026-06-22T13:36:06.981+0000] {dag.py:3036} INFO - Sync 1 DAGs
[2026-06-22T13:36:06.987+0000] {logging_mixin.py:188} INFO - [2026-06-22T13:36:06.987+0000] {dag.py:3823} INFO - Setting next_dagrun for mon_premier_dag to None, run_after=None
[2026-06-22T13:36:06.995+0000] {processor.py:183} INFO - Processing /opt/airflow/dags/mon_premier_dag.py took 0.036 seconds
[2026-06-22T13:36:37.034+0000] {processor.py:161} INFO - Started process (PID=5165) to work on /opt/airflow/dags/mon_premier_dag.py
[2026-06-22T13:36:37.035+0000] {processor.py:830} INFO - Processing file /opt/airflow/dags/mon_premier_dag.py for tasks to queue
[2026-06-22T13:36:37.035+0000] {logging_mixin.py:188} INFO - [2026-06-22T13:36:37.035+0000] {dagbag.py:538} INFO - Filling up the DagBag from /opt/airflow/dags/mon_premier_dag.py
[2026-06-22T13:36:37.041+0000] {processor.py:840} INFO - DAG(s) 'mon_premier_dag' retrieved from /opt/airflow/dags/mon_premier_dag.py
[2026-06-22T13:36:37.057+0000] {logging_mixin.py:188} INFO - [2026-06-22T13:36:37.057+0000] {dag.py:3036} INFO - Sync 1 DAGs
[2026-06-22T13:36:37.064+0000] {logging_mixin.py:188} INFO - [2026-06-22T13:36:37.064+0000] {dag.py:3823} INFO - Setting next_dagrun for mon_premier_dag to None, run_after=None
[2026-06-22T13:36:37.073+0000] {processor.py:183} INFO - Processing /opt/airflow/dags/mon_premier_dag.py took 0.041 seconds
[2026-06-22T13:37:07.192+0000] {processor.py:161} INFO - Started process (PID=5674) to work on /opt/airflow/dags/mon_premier_dag.py
[2026-06-22T13:37:07.193+0000] {processor.py:830} INFO - Processing file /opt/airflow/dags/mon_premier_dag.py for tasks to queue
[2026-06-22T13:37:07.193+0000] {logging_mixin.py:188} INFO - [2026-06-22T13:37:07.193+0000] {dagbag.py:538} INFO - Filling up the DagBag from /opt/airflow/dags/mon_premier_dag.py
[2026-06-22T13:37:07.199+0000] {processor.py:840} INFO - DAG(s) 'mon_premier_dag' retrieved from /opt/airflow/dags/mon_premier_dag.py
[2026-06-22T13:37:07.215+0000] {logging_mixin.py:188} INFO - [2026-06-22T13:37:07.215+0000] {dag.py:3036} INFO - Sync 1 DAGs
[2026-06-22T13:37:07.223+0000] {logging_mixin.py:188} INFO - [2026-06-22T13:37:07.222+0000] {dag.py:3823} INFO - Setting next_dagrun for mon_premier_dag to None, run_after=None
[2026-06-22T13:37:07.232+0000] {processor.py:183} INFO - Processing /opt/airflow/dags/mon_premier_dag.py took 0.042 seconds
[2026-06-22T13:37:37.331+0000] {processor.py:161} INFO - Started process (PID=6124) to work on /opt/airflow/dags/mon_premier_dag.py
[2026-06-22T13:37:37.332+0000] {processor.py:830} INFO - Processing file /opt/airflow/dags/mon_premier_dag.py for tasks to queue
[2026-06-22T13:37:37.332+0000] {logging_mixin.py:188} INFO - [2026-06-22T13:37:37.332+0000] {dagbag.py:538} INFO - Filling up the DagBag from /opt/airflow/dags/mon_premier_dag.py
[2026-06-22T13:37:37.339+0000] {processor.py:840} INFO - DAG(s) 'mon_premier_dag' retrieved from /opt/airflow/dags/mon_premier_dag.py
[2026-06-22T13:37:37.356+0000] {logging_mixin.py:188} INFO - [2026-06-22T13:37:37.356+0000] {dag.py:3036} INFO - Sync 1 DAGs
[2026-06-22T13:37:37.363+0000] {logging_mixin.py:188} INFO - [2026-06-22T13:37:37.363+0000] {dag.py:3823} INFO - Setting next_dagrun for mon_premier_dag to None, run_after=None
[2026-06-22T13:37:37.373+0000] {processor.py:183} INFO - Processing /opt/airflow/dags/mon_premier_dag.py took 0.044 seconds
[2026-06-22T13:38:07.451+0000] {processor.py:161} INFO - Started process (PID=6593) to work on /opt/airflow/dags/mon_premier_dag.py
[2026-06-22T13:38:07.452+0000] {processor.py:830} INFO - Processing file /opt/airflow/dags/mon_premier_dag.py for tasks to queue
[2026-06-22T13:38:07.453+0000] {logging_mixin.py:188} INFO - [2026-06-22T13:38:07.453+0000] {dagbag.py:538} INFO - Filling up the DagBag from /opt/airflow/dags/mon_premier_dag.py
[2026-06-22T13:38:07.460+0000] {processor.py:840} INFO - DAG(s) 'mon_premier_dag' retrieved from /opt/airflow/dags/mon_premier_dag.py
[2026-06-22T13:38:07.477+0000] {logging_mixin.py:188} INFO - [2026-06-22T13:38:07.476+0000] {dag.py:3036} INFO - Sync 1 DAGs
[2026-06-22T13:38:07.484+0000] {logging_mixin.py:188} INFO - [2026-06-22T13:38:07.483+0000] {dag.py:3823} INFO - Setting next_dagrun for mon_premier_dag to None, run_after=None
[2026-06-22T13:38:07.493+0000] {processor.py:183} INFO - Processing /opt/airflow/dags/mon_premier_dag.py took 0.044 seconds
[2026-06-22T13:38:37.525+0000] {processor.py:161} INFO - Started process (PID=7034) to work on /opt/airflow/dags/mon_premier_dag.py
[2026-06-22T13:38:37.526+0000] {processor.py:830} INFO - Processing file /opt/airflow/dags/mon_premier_dag.py for tasks to queue
[2026-06-22T13:38:37.526+0000] {logging_mixin.py:188} INFO - [2026-06-22T13:38:37.526+0000] {dagbag.py:538} INFO - Filling up the DagBag from /opt/airflow/dags/mon_premier_dag.py
[2026-06-22T13:38:37.533+0000] {processor.py:840} INFO - DAG(s) 'mon_premier_dag' retrieved from /opt/airflow/dags/mon_premier_dag.py
[2026-06-22T13:38:37.547+0000] {logging_mixin.py:188} INFO - [2026-06-22T13:38:37.547+0000] {dag.py:3036} INFO - Sync 1 DAGs
[2026-06-22T13:38:37.555+0000] {logging_mixin.py:188} INFO - [2026-06-22T13:38:37.555+0000] {dag.py:3823} INFO - Setting next_dagrun for mon_premier_dag to None, run_after=None
[2026-06-22T13:38:37.565+0000] {processor.py:183} INFO - Processing /opt/airflow/dags/mon_premier_dag.py took 0.042 seconds
[2026-06-22T13:39:07.627+0000] {processor.py:161} INFO - Started process (PID=7504) to work on /opt/airflow/dags/mon_premier_dag.py
[2026-06-22T13:39:07.628+0000] {processor.py:830} INFO - Processing file /opt/airflow/dags/mon_premier_dag.py for tasks to queue
[2026-06-22T13:39:07.629+0000] {logging_mixin.py:188} INFO - [2026-06-22T13:39:07.628+0000] {dagbag.py:538} INFO - Filling up the DagBag from /opt/airflow/dags/mon_premier_dag.py
[2026-06-22T13:39:07.634+0000] {processor.py:840} INFO - DAG(s) 'mon_premier_dag' retrieved from /opt/airflow/dags/mon_premier_dag.py
[2026-06-22T13:39:07.649+0000] {logging_mixin.py:188} INFO - [2026-06-22T13:39:07.648+0000] {dag.py:3036} INFO - Sync 1 DAGs
[2026-06-22T13:39:07.656+0000] {logging_mixin.py:188} INFO - [2026-06-22T13:39:07.656+0000] {dag.py:3823} INFO - Setting next_dagrun for mon_premier_dag to None, run_after=None
[2026-06-22T13:39:07.666+0000] {processor.py:183} INFO - Processing /opt/airflow/dags/mon_premier_dag.py took 0.041 seconds
[2026-06-22T13:39:37.752+0000] {processor.py:161} INFO - Started process (PID=7942) to work on /opt/airflow/dags/mon_premier_dag.py
[2026-06-22T13:39:37.753+0000] {processor.py:830} INFO - Processing file /opt/airflow/dags/mon_premier_dag.py for tasks to queue
[2026-06-22T13:39:37.753+0000] {logging_mixin.py:188} INFO - [2026-06-22T13:39:37.753+0000] {dagbag.py:538} INFO - Filling up the DagBag from /opt/airflow/dags/mon_premier_dag.py
[2026-06-22T13:39:37.759+0000] {processor.py:840} INFO - DAG(s) 'mon_premier_dag' retrieved from /opt/airflow/dags/mon_premier_dag.py
[2026-06-22T13:39:37.776+0000] {logging_mixin.py:188} INFO - [2026-06-22T13:39:37.775+0000] {dag.py:3036} INFO - Sync 1 DAGs
[2026-06-22T13:39:37.781+0000] {logging_mixin.py:188} INFO - [2026-06-22T13:39:37.781+0000] {dag.py:3823} INFO - Setting next_dagrun for mon_premier_dag to None, run_after=None
[2026-06-22T13:39:37.790+0000] {processor.py:183} INFO - Processing /opt/airflow/dags/mon_premier_dag.py took 0.040 seconds
[2026-06-22T13:40:07.813+0000] {processor.py:161} INFO - Started process (PID=8441) to work on /opt/airflow/dags/mon_premier_dag.py
[2026-06-22T13:40:07.814+0000] {processor.py:830} INFO - Processing file /opt/airflow/dags/mon_premier_dag.py for tasks to queue
[2026-06-22T13:40:07.814+0000] {logging_mixin.py:188} INFO - [2026-06-22T13:40:07.814+0000] {dagbag.py:538} INFO - Filling up the DagBag from /opt/airflow/dags/mon_premier_dag.py
[2026-06-22T13:40:07.821+0000] {processor.py:840} INFO - DAG(s) 'mon_premier_dag' retrieved from /opt/airflow/dags/mon_premier_dag.py
[2026-06-22T13:40:07.837+0000] {logging_mixin.py:188} INFO - [2026-06-22T13:40:07.837+0000] {dag.py:3036} INFO - Sync 1 DAGs
[2026-06-22T13:40:07.843+0000] {logging_mixin.py:188} INFO - [2026-06-22T13:40:07.843+0000] {dag.py:3823} INFO - Setting next_dagrun for mon_premier_dag to None, run_after=None
[2026-06-22T13:40:07.852+0000] {processor.py:183} INFO - Processing /opt/airflow/dags/mon_premier_dag.py took 0.041 seconds
[2026-06-22T13:40:37.901+0000] {processor.py:161} INFO - Started process (PID=8907) to work on /opt/airflow/dags/mon_premier_dag.py
[2026-06-22T13:40:37.901+0000] {processor.py:830} INFO - Processing file /opt/airflow/dags/mon_premier_dag.py for tasks to queue
[2026-06-22T13:40:37.902+0000] {logging_mixin.py:188} INFO - [2026-06-22T13:40:37.902+0000] {dagbag.py:538} INFO - Filling up the DagBag from /opt/airflow/dags/mon_premier_dag.py
[2026-06-22T13:40:37.908+0000] {processor.py:840} INFO - DAG(s) 'mon_premier_dag' retrieved from /opt/airflow/dags/mon_premier_dag.py
[2026-06-22T13:40:37.922+0000] {logging_mixin.py:188} INFO - [2026-06-22T13:40:37.921+0000] {dag.py:3036} INFO - Sync 1 DAGs
[2026-06-22T13:40:37.927+0000] {logging_mixin.py:188} INFO - [2026-06-22T13:40:37.927+0000] {dag.py:3823} INFO - Setting next_dagrun for mon_premier_dag to None, run_after=None
[2026-06-22T13:40:37.935+0000] {processor.py:183} INFO - Processing /opt/airflow/dags/mon_premier_dag.py took 0.036 seconds
[2026-06-22T13:41:08.023+0000] {processor.py:161} INFO - Started process (PID=9470) to work on /opt/airflow/dags/mon_premier_dag.py
[2026-06-22T13:41:08.023+0000] {processor.py:830} INFO - Processing file /opt/airflow/dags/mon_premier_dag.py for tasks to queue
[2026-06-22T13:41:08.024+0000] {logging_mixin.py:188} INFO - [2026-06-22T13:41:08.024+0000] {dagbag.py:538} INFO - Filling up the DagBag from /opt/airflow/dags/mon_premier_dag.py
[2026-06-22T13:41:08.031+0000] {processor.py:840} INFO - DAG(s) 'mon_premier_dag' retrieved from /opt/airflow/dags/mon_premier_dag.py
[2026-06-22T13:41:08.046+0000] {logging_mixin.py:188} INFO - [2026-06-22T13:41:08.046+0000] {dag.py:3036} INFO - Sync 1 DAGs
[2026-06-22T13:41:08.053+0000] {logging_mixin.py:188} INFO - [2026-06-22T13:41:08.052+0000] {dag.py:3823} INFO - Setting next_dagrun for mon_premier_dag to None, run_after=None
[2026-06-22T13:41:08.061+0000] {processor.py:183} INFO - Processing /opt/airflow/dags/mon_premier_dag.py took 0.040 seconds
[2026-06-22T13:41:38.106+0000] {processor.py:161} INFO - Started process (PID=9928) to work on /opt/airflow/dags/mon_premier_dag.py
[2026-06-22T13:41:38.106+0000] {processor.py:830} INFO - Processing file /opt/airflow/dags/mon_premier_dag.py for tasks to queue
[2026-06-22T13:41:38.107+0000] {logging_mixin.py:188} INFO - [2026-06-22T13:41:38.107+0000] {dagbag.py:538} INFO - Filling up the DagBag from /opt/airflow/dags/mon_premier_dag.py
[2026-06-22T13:41:38.113+0000] {processor.py:840} INFO - DAG(s) 'mon_premier_dag' retrieved from /opt/airflow/dags/mon_premier_dag.py
[2026-06-22T13:41:38.129+0000] {logging_mixin.py:188} INFO - [2026-06-22T13:41:38.129+0000] {dag.py:3036} INFO - Sync 1 DAGs
[2026-06-22T13:41:38.136+0000] {logging_mixin.py:188} INFO - [2026-06-22T13:41:38.136+0000] {dag.py:3823} INFO - Setting next_dagrun for mon_premier_dag to None, run_after=None
[2026-06-22T13:41:38.147+0000] {processor.py:183} INFO - Processing /opt/airflow/dags/mon_premier_dag.py took 0.043 seconds
[2026-06-22T13:42:08.181+0000] {processor.py:161} INFO - Started process (PID=10410) to work on /opt/airflow/dags/mon_premier_dag.py
[2026-06-22T13:42:08.181+0000] {processor.py:830} INFO - Processing file /opt/airflow/dags/mon_premier_dag.py for tasks to queue
[2026-06-22T13:42:08.182+0000] {logging_mixin.py:188} INFO - [2026-06-22T13:42:08.182+0000] {dagbag.py:538} INFO - Filling up the DagBag from /opt/airflow/dags/mon_premier_dag.py
[2026-06-22T13:42:08.189+0000] {processor.py:840} INFO - DAG(s) 'mon_premier_dag' retrieved from /opt/airflow/dags/mon_premier_dag.py
[2026-06-22T13:42:08.205+0000] {logging_mixin.py:188} INFO - [2026-06-22T13:42:08.205+0000] {dag.py:3036} INFO - Sync 1 DAGs
[2026-06-22T13:42:08.211+0000] {logging_mixin.py:188} INFO - [2026-06-22T13:42:08.211+0000] {dag.py:3823} INFO - Setting next_dagrun for mon_premier_dag to None, run_after=None
[2026-06-22T13:42:08.222+0000] {processor.py:183} INFO - Processing /opt/airflow/dags/mon_premier_dag.py took 0.044 seconds
[2026-06-22T13:42:38.247+0000] {processor.py:161} INFO - Started process (PID=10833) to work on /opt/airflow/dags/mon_premier_dag.py
[2026-06-22T13:42:38.248+0000] {processor.py:830} INFO - Processing file /opt/airflow/dags/mon_premier_dag.py for tasks to queue
[2026-06-22T13:42:38.249+0000] {logging_mixin.py:188} INFO - [2026-06-22T13:42:38.248+0000] {dagbag.py:538} INFO - Filling up the DagBag from /opt/airflow/dags/mon_premier_dag.py
[2026-06-22T13:42:38.255+0000] {processor.py:840} INFO - DAG(s) 'mon_premier_dag' retrieved from /opt/airflow/dags/mon_premier_dag.py
[2026-06-22T13:42:38.270+0000] {logging_mixin.py:188} INFO - [2026-06-22T13:42:38.270+0000] {dag.py:3036} INFO - Sync 1 DAGs
[2026-06-22T13:42:38.276+0000] {logging_mixin.py:188} INFO - [2026-06-22T13:42:38.276+0000] {dag.py:3823} INFO - Setting next_dagrun for mon_premier_dag to None, run_after=None
[2026-06-22T13:42:38.285+0000] {processor.py:183} INFO - Processing /opt/airflow/dags/mon_premier_dag.py took 0.040 seconds
[2026-06-22T13:43:08.371+0000] {processor.py:161} INFO - Started process (PID=11351) to work on /opt/airflow/dags/mon_premier_dag.py
[2026-06-22T13:43:08.372+0000] {processor.py:830} INFO - Processing file /opt/airflow/dags/mon_premier_dag.py for tasks to queue
[2026-06-22T13:43:08.372+0000] {logging_mixin.py:188} INFO - [2026-06-22T13:43:08.372+0000] {dagbag.py:538} INFO - Filling up the DagBag from /opt/airflow/dags/mon_premier_dag.py
[2026-06-22T13:43:08.379+0000] {processor.py:840} INFO - DAG(s) 'mon_premier_dag' retrieved from /opt/airflow/dags/mon_premier_dag.py
[2026-06-22T13:43:08.396+0000] {logging_mixin.py:188} INFO - [2026-06-22T13:43:08.395+0000] {dag.py:3036} INFO - Sync 1 DAGs
[2026-06-22T13:43:08.402+0000] {logging_mixin.py:188} INFO - [2026-06-22T13:43:08.402+0000] {dag.py:3823} INFO - Setting next_dagrun for mon_premier_dag to None, run_after=None
[2026-06-22T13:43:08.412+0000] {processor.py:183} INFO - Processing /opt/airflow/dags/mon_premier_dag.py took 0.043 seconds
[2026-06-22T13:43:38.439+0000] {processor.py:161} INFO - Started process (PID=11824) to work on /opt/airflow/dags/mon_premier_dag.py
[2026-06-22T13:43:38.440+0000] {processor.py:830} INFO - Processing file /opt/airflow/dags/mon_premier_dag.py for tasks to queue
[2026-06-22T13:43:38.441+0000] {logging_mixin.py:188} INFO - [2026-06-22T13:43:38.440+0000] {dagbag.py:538} INFO - Filling up the DagBag from /opt/airflow/dags/mon_premier_dag.py
[2026-06-22T13:43:38.449+0000] {processor.py:840} INFO - DAG(s) 'mon_premier_dag' retrieved from /opt/airflow/dags/mon_premier_dag.py
[2026-06-22T13:43:38.464+0000] {logging_mixin.py:188} INFO - [2026-06-22T13:43:38.464+0000] {dag.py:3036} INFO - Sync 1 DAGs
[2026-06-22T13:43:38.471+0000] {logging_mixin.py:188} INFO - [2026-06-22T13:43:38.471+0000] {dag.py:3823} INFO - Setting next_dagrun for mon_premier_dag to None, run_after=None
[2026-06-22T13:43:38.480+0000] {processor.py:183} INFO - Processing /opt/airflow/dags/mon_premier_dag.py took 0.043 seconds
[2026-06-22T13:44:08.570+0000] {processor.py:161} INFO - Started process (PID=12307) to work on /opt/airflow/dags/mon_premier_dag.py
[2026-06-22T13:44:08.571+0000] {processor.py:830} INFO - Processing file /opt/airflow/dags/mon_premier_dag.py for tasks to queue
[2026-06-22T13:44:08.572+0000] {logging_mixin.py:188} INFO - [2026-06-22T13:44:08.571+0000] {dagbag.py:538} INFO - Filling up the DagBag from /opt/airflow/dags/mon_premier_dag.py
[2026-06-22T13:44:08.578+0000] {processor.py:840} INFO - DAG(s) 'mon_premier_dag' retrieved from /opt/airflow/dags/mon_premier_dag.py
[2026-06-22T13:44:08.593+0000] {logging_mixin.py:188} INFO - [2026-06-22T13:44:08.593+0000] {dag.py:3036} INFO - Sync 1 DAGs
[2026-06-22T13:44:08.601+0000] {logging_mixin.py:188} INFO - [2026-06-22T13:44:08.601+0000] {dag.py:3823} INFO - Setting next_dagrun for mon_premier_dag to None, run_after=None
[2026-06-22T13:44:08.610+0000] {processor.py:183} INFO - Processing /opt/airflow/dags/mon_premier_dag.py took 0.042 seconds
[2026-06-22T13:44:38.664+0000] {processor.py:161} INFO - Started process (PID=12753) to work on /opt/airflow/dags/mon_premier_dag.py
[2026-06-22T13:44:38.665+0000] {processor.py:830} INFO - Processing file /opt/airflow/dags/mon_premier_dag.py for tasks to queue
[2026-06-22T13:44:38.665+0000] {logging_mixin.py:188} INFO - [2026-06-22T13:44:38.665+0000] {dagbag.py:538} INFO - Filling up the DagBag from /opt/airflow/dags/mon_premier_dag.py
[2026-06-22T13:44:38.672+0000] {processor.py:840} INFO - DAG(s) 'mon_premier_dag' retrieved from /opt/airflow/dags/mon_premier_dag.py
[2026-06-22T13:44:38.686+0000] {logging_mixin.py:188} INFO - [2026-06-22T13:44:38.686+0000] {dag.py:3036} INFO - Sync 1 DAGs
[2026-06-22T13:44:38.693+0000] {logging_mixin.py:188} INFO - [2026-06-22T13:44:38.693+0000] {dag.py:3823} INFO - Setting next_dagrun for mon_premier_dag to None, run_after=None
[2026-06-22T13:44:38.702+0000] {processor.py:183} INFO - Processing /opt/airflow/dags/mon_premier_dag.py took 0.040 seconds
[2026-06-22T13:45:08.771+0000] {processor.py:161} INFO - Started process (PID=13275) to work on /opt/airflow/dags/mon_premier_dag.py
[2026-06-22T13:45:08.772+0000] {processor.py:830} INFO - Processing file /opt/airflow/dags/mon_premier_dag.py for tasks to queue
[2026-06-22T13:45:08.772+0000] {logging_mixin.py:188} INFO - [2026-06-22T13:45:08.772+0000] {dagbag.py:538} INFO - Filling up the DagBag from /opt/airflow/dags/mon_premier_dag.py
[2026-06-22T13:45:08.779+0000] {processor.py:840} INFO - DAG(s) 'mon_premier_dag' retrieved from /opt/airflow/dags/mon_premier_dag.py
[2026-06-22T13:45:08.795+0000] {logging_mixin.py:188} INFO - [2026-06-22T13:45:08.795+0000] {dag.py:3036} INFO - Sync 1 DAGs
[2026-06-22T13:45:08.801+0000] {logging_mixin.py:188} INFO - [2026-06-22T13:45:08.801+0000] {dag.py:3823} INFO - Setting next_dagrun for mon_premier_dag to None, run_after=None
[2026-06-22T13:45:08.812+0000] {processor.py:183} INFO - Processing /opt/airflow/dags/mon_premier_dag.py took 0.043 seconds
[2026-06-22T13:45:38.864+0000] {processor.py:161} INFO - Started process (PID=13696) to work on /opt/airflow/dags/mon_premier_dag.py
[2026-06-22T13:45:38.865+0000] {processor.py:830} INFO - Processing file /opt/airflow/dags/mon_premier_dag.py for tasks to queue
[2026-06-22T13:45:38.866+0000] {logging_mixin.py:188} INFO - [2026-06-22T13:45:38.866+0000] {dagbag.py:538} INFO - Filling up the DagBag from /opt/airflow/dags/mon_premier_dag.py
[2026-06-22T13:45:38.874+0000] {processor.py:840} INFO - DAG(s) 'mon_premier_dag' retrieved from /opt/airflow/dags/mon_premier_dag.py
[2026-06-22T13:45:38.892+0000] {logging_mixin.py:188} INFO - [2026-06-22T13:45:38.892+0000] {dag.py:3036} INFO - Sync 1 DAGs
[2026-06-22T13:45:38.899+0000] {logging_mixin.py:188} INFO - [2026-06-22T13:45:38.899+0000] {dag.py:3823} INFO - Setting next_dagrun for mon_premier_dag to None, run_after=None
[2026-06-22T13:45:38.910+0000] {processor.py:183} INFO - Processing /opt/airflow/dags/mon_premier_dag.py took 0.048 seconds
[2026-06-22T13:46:08.941+0000] {processor.py:161} INFO - Started process (PID=14198) to work on /opt/airflow/dags/mon_premier_dag.py
[2026-06-22T13:46:08.942+0000] {processor.py:830} INFO - Processing file /opt/airflow/dags/mon_premier_dag.py for tasks to queue
[2026-06-22T13:46:08.943+0000] {logging_mixin.py:188} INFO - [2026-06-22T13:46:08.942+0000] {dagbag.py:538} INFO - Filling up the DagBag from /opt/airflow/dags/mon_premier_dag.py
[2026-06-22T13:46:08.953+0000] {processor.py:840} INFO - DAG(s) 'mon_premier_dag' retrieved from /opt/airflow/dags/mon_premier_dag.py
[2026-06-22T13:46:08.972+0000] {logging_mixin.py:188} INFO - [2026-06-22T13:46:08.972+0000] {dag.py:3036} INFO - Sync 1 DAGs
[2026-06-22T13:46:08.980+0000] {logging_mixin.py:188} INFO - [2026-06-22T13:46:08.980+0000] {dag.py:3823} INFO - Setting next_dagrun for mon_premier_dag to None, run_after=None
[2026-06-22T13:46:08.991+0000] {processor.py:183} INFO - Processing /opt/airflow/dags/mon_premier_dag.py took 0.053 seconds
[2026-06-22T13:46:39.095+0000] {processor.py:161} INFO - Started process (PID=14665) to work on /opt/airflow/dags/mon_premier_dag.py
[2026-06-22T13:46:39.096+0000] {processor.py:830} INFO - Processing file /opt/airflow/dags/mon_premier_dag.py for tasks to queue
[2026-06-22T13:46:39.097+0000] {logging_mixin.py:188} INFO - [2026-06-22T13:46:39.096+0000] {dagbag.py:538} INFO - Filling up the DagBag from /opt/airflow/dags/mon_premier_dag.py
[2026-06-22T13:46:39.104+0000] {processor.py:840} INFO - DAG(s) 'mon_premier_dag' retrieved from /opt/airflow/dags/mon_premier_dag.py
[2026-06-22T13:46:39.120+0000] {logging_mixin.py:188} INFO - [2026-06-22T13:46:39.120+0000] {dag.py:3036} INFO - Sync 1 DAGs
[2026-06-22T13:46:39.126+0000] {logging_mixin.py:188} INFO - [2026-06-22T13:46:39.126+0000] {dag.py:3823} INFO - Setting next_dagrun for mon_premier_dag to None, run_after=None
[2026-06-22T13:46:39.134+0000] {processor.py:183} INFO - Processing /opt/airflow/dags/mon_premier_dag.py took 0.041 seconds
[2026-06-22T13:47:09.166+0000] {processor.py:161} INFO - Started process (PID=15165) to work on /opt/airflow/dags/mon_premier_dag.py
[2026-06-22T13:47:09.167+0000] {processor.py:830} INFO - Processing file /opt/airflow/dags/mon_premier_dag.py for tasks to queue
[2026-06-22T13:47:09.167+0000] {logging_mixin.py:188} INFO - [2026-06-22T13:47:09.167+0000] {dagbag.py:538} INFO - Filling up the DagBag from /opt/airflow/dags/mon_premier_dag.py
[2026-06-22T13:47:09.174+0000] {processor.py:840} INFO - DAG(s) 'mon_premier_dag' retrieved from /opt/airflow/dags/mon_premier_dag.py
[2026-06-22T13:47:09.188+0000] {logging_mixin.py:188} INFO - [2026-06-22T13:47:09.188+0000] {dag.py:3036} INFO - Sync 1 DAGs
[2026-06-22T13:47:09.195+0000] {logging_mixin.py:188} INFO - [2026-06-22T13:47:09.195+0000] {dag.py:3823} INFO - Setting next_dagrun for mon_premier_dag to None, run_after=None
[2026-06-22T13:47:09.204+0000] {processor.py:183} INFO - Processing /opt/airflow/dags/mon_premier_dag.py took 0.040 seconds
[2026-06-22T14:11:38.977+0000] {processor.py:161} INFO - Started process (PID=15378) to work on /opt/airflow/dags/mon_premier_dag.py
[2026-06-22T14:11:38.982+0000] {processor.py:830} INFO - Processing file /opt/airflow/dags/mon_premier_dag.py for tasks to queue
[2026-06-22T14:11:38.983+0000] {logging_mixin.py:188} INFO - [2026-06-22T14:11:38.983+0000] {dagbag.py:538} INFO - Filling up the DagBag from /opt/airflow/dags/mon_premier_dag.py
[2026-06-22T14:11:39.002+0000] {processor.py:840} INFO - DAG(s) 'mon_premier_dag' retrieved from /opt/airflow/dags/mon_premier_dag.py
[2026-06-22T14:11:39.041+0000] {logging_mixin.py:188} INFO - [2026-06-22T14:11:39.040+0000] {dag.py:3036} INFO - Sync 1 DAGs
[2026-06-22T14:11:39.049+0000] {logging_mixin.py:188} INFO - [2026-06-22T14:11:39.049+0000] {dag.py:3823} INFO - Setting next_dagrun for mon_premier_dag to None, run_after=None
[2026-06-22T14:11:39.064+0000] {processor.py:183} INFO - Processing /opt/airflow/dags/mon_premier_dag.py took 0.092 seconds
[2026-06-22T14:12:09.587+0000] {processor.py:161} INFO - Started process (PID=15384) to work on /opt/airflow/dags/mon_premier_dag.py
[2026-06-22T14:12:09.588+0000] {processor.py:830} INFO - Processing file /opt/airflow/dags/mon_premier_dag.py for tasks to queue
[2026-06-22T14:12:09.589+0000] {logging_mixin.py:188} INFO - [2026-06-22T14:12:09.588+0000] {dagbag.py:538} INFO - Filling up the DagBag from /opt/airflow/dags/mon_premier_dag.py
[2026-06-22T14:12:09.595+0000] {processor.py:840} INFO - DAG(s) 'mon_premier_dag' retrieved from /opt/airflow/dags/mon_premier_dag.py
[2026-06-22T14:12:09.610+0000] {logging_mixin.py:188} INFO - [2026-06-22T14:12:09.610+0000] {dag.py:3036} INFO - Sync 1 DAGs
[2026-06-22T14:12:09.617+0000] {logging_mixin.py:188} INFO - [2026-06-22T14:12:09.617+0000] {dag.py:3823} INFO - Setting next_dagrun for mon_premier_dag to None, run_after=None
[2026-06-22T14:12:09.626+0000] {processor.py:183} INFO - Processing /opt/airflow/dags/mon_premier_dag.py took 0.041 seconds
[2026-06-22T14:12:40.176+0000] {processor.py:161} INFO - Started process (PID=15388) to work on /opt/airflow/dags/mon_premier_dag.py
[2026-06-22T14:12:40.177+0000] {processor.py:830} INFO - Processing file /opt/airflow/dags/mon_premier_dag.py for tasks to queue
[2026-06-22T14:12:40.177+0000] {logging_mixin.py:188} INFO - [2026-06-22T14:12:40.177+0000] {dagbag.py:538} INFO - Filling up the DagBag from /opt/airflow/dags/mon_premier_dag.py
[2026-06-22T14:12:40.184+0000] {processor.py:840} INFO - DAG(s) 'mon_premier_dag' retrieved from /opt/airflow/dags/mon_premier_dag.py
[2026-06-22T14:12:40.198+0000] {logging_mixin.py:188} INFO - [2026-06-22T14:12:40.198+0000] {dag.py:3036} INFO - Sync 1 DAGs
[2026-06-22T14:12:40.204+0000] {logging_mixin.py:188} INFO - [2026-06-22T14:12:40.204+0000] {dag.py:3823} INFO - Setting next_dagrun for mon_premier_dag to None, run_after=None
[2026-06-22T14:12:40.212+0000] {processor.py:183} INFO - Processing /opt/airflow/dags/mon_premier_dag.py took 0.038 seconds
[2026-06-22T14:13:10.791+0000] {processor.py:161} INFO - Started process (PID=15392) to work on /opt/airflow/dags/mon_premier_dag.py
[2026-06-22T14:13:10.792+0000] {processor.py:830} INFO - Processing file /opt/airflow/dags/mon_premier_dag.py for tasks to queue
[2026-06-22T14:13:10.792+0000] {logging_mixin.py:188} INFO - [2026-06-22T14:13:10.792+0000] {dagbag.py:538} INFO - Filling up the DagBag from /opt/airflow/dags/mon_premier_dag.py
[2026-06-22T14:13:10.798+0000] {processor.py:840} INFO - DAG(s) 'mon_premier_dag' retrieved from /opt/airflow/dags/mon_premier_dag.py
[2026-06-22T14:13:10.811+0000] {logging_mixin.py:188} INFO - [2026-06-22T14:13:10.811+0000] {dag.py:3036} INFO - Sync 1 DAGs
[2026-06-22T14:13:10.817+0000] {logging_mixin.py:188} INFO - [2026-06-22T14:13:10.816+0000] {dag.py:3823} INFO - Setting next_dagrun for mon_premier_dag to None, run_after=None
[2026-06-22T14:13:10.825+0000] {processor.py:183} INFO - Processing /opt/airflow/dags/mon_premier_dag.py took 0.036 seconds
[2026-06-22T14:13:41.353+0000] {processor.py:161} INFO - Started process (PID=15396) to work on /opt/airflow/dags/mon_premier_dag.py
[2026-06-22T14:13:41.354+0000] {processor.py:830} INFO - Processing file /opt/airflow/dags/mon_premier_dag.py for tasks to queue
[2026-06-22T14:13:41.354+0000] {logging_mixin.py:188} INFO - [2026-06-22T14:13:41.354+0000] {dagbag.py:538} INFO - Filling up the DagBag from /opt/airflow/dags/mon_premier_dag.py
[2026-06-22T14:13:41.360+0000] {processor.py:840} INFO - DAG(s) 'mon_premier_dag' retrieved from /opt/airflow/dags/mon_premier_dag.py
[2026-06-22T14:13:41.374+0000] {logging_mixin.py:188} INFO - [2026-06-22T14:13:41.374+0000] {dag.py:3036} INFO - Sync 1 DAGs
[2026-06-22T14:13:41.379+0000] {logging_mixin.py:188} INFO - [2026-06-22T14:13:41.379+0000] {dag.py:3823} INFO - Setting next_dagrun for mon_premier_dag to None, run_after=None
[2026-06-22T14:13:41.387+0000] {processor.py:183} INFO - Processing /opt/airflow/dags/mon_premier_dag.py took 0.036 seconds
[2026-06-22T14:14:11.886+0000] {processor.py:161} INFO - Started process (PID=15400) to work on /opt/airflow/dags/mon_premier_dag.py
[2026-06-22T14:14:11.887+0000] {processor.py:830} INFO - Processing file /opt/airflow/dags/mon_premier_dag.py for tasks to queue
[2026-06-22T14:14:11.888+0000] {logging_mixin.py:188} INFO - [2026-06-22T14:14:11.888+0000] {dagbag.py:538} INFO - Filling up the DagBag from /opt/airflow/dags/mon_premier_dag.py
[2026-06-22T14:14:11.896+0000] {processor.py:840} INFO - DAG(s) 'mon_premier_dag' retrieved from /opt/airflow/dags/mon_premier_dag.py
[2026-06-22T14:14:11.912+0000] {logging_mixin.py:188} INFO - [2026-06-22T14:14:11.912+0000] {dag.py:3036} INFO - Sync 1 DAGs
[2026-06-22T14:14:11.921+0000] {logging_mixin.py:188} INFO - [2026-06-22T14:14:11.921+0000] {dag.py:3823} INFO - Setting next_dagrun for mon_premier_dag to None, run_after=None
[2026-06-22T14:14:11.933+0000] {processor.py:183} INFO - Processing /opt/airflow/dags/mon_premier_dag.py took 0.050 seconds
[2026-06-22T14:14:42.335+0000] {processor.py:161} INFO - Started process (PID=15404) to work on /opt/airflow/dags/mon_premier_dag.py
[2026-06-22T14:14:42.336+0000] {processor.py:830} INFO - Processing file /opt/airflow/dags/mon_premier_dag.py for tasks to queue
[2026-06-22T14:14:42.337+0000] {logging_mixin.py:188} INFO - [2026-06-22T14:14:42.337+0000] {dagbag.py:538} INFO - Filling up the DagBag from /opt/airflow/dags/mon_premier_dag.py
[2026-06-22T14:14:42.344+0000] {processor.py:840} INFO - DAG(s) 'mon_premier_dag' retrieved from /opt/airflow/dags/mon_premier_dag.py
[2026-06-22T14:14:42.361+0000] {logging_mixin.py:188} INFO - [2026-06-22T14:14:42.361+0000] {dag.py:3036} INFO - Sync 1 DAGs
[2026-06-22T14:14:42.367+0000] {logging_mixin.py:188} INFO - [2026-06-22T14:14:42.367+0000] {dag.py:3823} INFO - Setting next_dagrun for mon_premier_dag to None, run_after=None
[2026-06-22T14:14:42.377+0000] {processor.py:183} INFO - Processing /opt/airflow/dags/mon_premier_dag.py took 0.044 seconds
[2026-06-22T14:15:12.772+0000] {processor.py:161} INFO - Started process (PID=15408) to work on /opt/airflow/dags/mon_premier_dag.py
[2026-06-22T14:15:12.773+0000] {processor.py:830} INFO - Processing file /opt/airflow/dags/mon_premier_dag.py for tasks to queue
[2026-06-22T14:15:12.774+0000] {logging_mixin.py:188} INFO - [2026-06-22T14:15:12.773+0000] {dagbag.py:538} INFO - Filling up the DagBag from /opt/airflow/dags/mon_premier_dag.py
[2026-06-22T14:15:12.780+0000] {processor.py:840} INFO - DAG(s) 'mon_premier_dag' retrieved from /opt/airflow/dags/mon_premier_dag.py
[2026-06-22T14:15:12.797+0000] {logging_mixin.py:188} INFO - [2026-06-22T14:15:12.797+0000] {dag.py:3036} INFO - Sync 1 DAGs
[2026-06-22T14:15:12.804+0000] {logging_mixin.py:188} INFO - [2026-06-22T14:15:12.804+0000] {dag.py:3823} INFO - Setting next_dagrun for mon_premier_dag to None, run_after=None
[2026-06-22T14:15:12.814+0000] {processor.py:183} INFO - Processing /opt/airflow/dags/mon_premier_dag.py took 0.044 seconds
[2026-06-22T14:15:43.246+0000] {processor.py:161} INFO - Started process (PID=15412) to work on /opt/airflow/dags/mon_premier_dag.py
[2026-06-22T14:15:43.247+0000] {processor.py:830} INFO - Processing file /opt/airflow/dags/mon_premier_dag.py for tasks to queue
[2026-06-22T14:15:43.248+0000] {logging_mixin.py:188} INFO - [2026-06-22T14:15:43.247+0000] {dagbag.py:538} INFO - Filling up the DagBag from /opt/airflow/dags/mon_premier_dag.py
[2026-06-22T14:15:43.256+0000] {processor.py:840} INFO - DAG(s) 'mon_premier_dag' retrieved from /opt/airflow/dags/mon_premier_dag.py
[2026-06-22T14:15:43.273+0000] {logging_mixin.py:188} INFO - [2026-06-22T14:15:43.273+0000] {dag.py:3036} INFO - Sync 1 DAGs
[2026-06-22T14:15:43.280+0000] {logging_mixin.py:188} INFO - [2026-06-22T14:15:43.280+0000] {dag.py:3823} INFO - Setting next_dagrun for mon_premier_dag to None, run_after=None
[2026-06-22T14:15:43.295+0000] {processor.py:183} INFO - Processing /opt/airflow/dags/mon_premier_dag.py took 0.051 seconds
[2026-06-22T14:16:13.681+0000] {processor.py:161} INFO - Started process (PID=15416) to work on /opt/airflow/dags/mon_premier_dag.py
[2026-06-22T14:16:13.681+0000] {processor.py:830} INFO - Processing file /opt/airflow/dags/mon_premier_dag.py for tasks to queue
[2026-06-22T14:16:13.682+0000] {logging_mixin.py:188} INFO - [2026-06-22T14:16:13.682+0000] {dagbag.py:538} INFO - Filling up the DagBag from /opt/airflow/dags/mon_premier_dag.py
[2026-06-22T14:16:13.692+0000] {processor.py:840} INFO - DAG(s) 'mon_premier_dag' retrieved from /opt/airflow/dags/mon_premier_dag.py
[2026-06-22T14:16:13.708+0000] {logging_mixin.py:188} INFO - [2026-06-22T14:16:13.708+0000] {dag.py:3036} INFO - Sync 1 DAGs
[2026-06-22T14:16:13.715+0000] {logging_mixin.py:188} INFO - [2026-06-22T14:16:13.715+0000] {dag.py:3823} INFO - Setting next_dagrun for mon_premier_dag to None, run_after=None
[2026-06-22T14:16:13.728+0000] {processor.py:183} INFO - Processing /opt/airflow/dags/mon_premier_dag.py took 0.050 seconds
[2026-06-22T14:16:44.131+0000] {processor.py:161} INFO - Started process (PID=15420) to work on /opt/airflow/dags/mon_premier_dag.py
[2026-06-22T14:16:44.132+0000] {processor.py:830} INFO - Processing file /opt/airflow/dags/mon_premier_dag.py for tasks to queue
[2026-06-22T14:16:44.133+0000] {logging_mixin.py:188} INFO - [2026-06-22T14:16:44.133+0000] {dagbag.py:538} INFO - Filling up the DagBag from /opt/airflow/dags/mon_premier_dag.py
[2026-06-22T14:16:44.139+0000] {processor.py:840} INFO - DAG(s) 'mon_premier_dag' retrieved from /opt/airflow/dags/mon_premier_dag.py
[2026-06-22T14:16:44.157+0000] {logging_mixin.py:188} INFO - [2026-06-22T14:16:44.157+0000] {dag.py:3036} INFO - Sync 1 DAGs
[2026-06-22T14:16:44.163+0000] {logging_mixin.py:188} INFO - [2026-06-22T14:16:44.163+0000] {dag.py:3823} INFO - Setting next_dagrun for mon_premier_dag to None, run_after=None
[2026-06-22T14:16:44.174+0000] {processor.py:183} INFO - Processing /opt/airflow/dags/mon_premier_dag.py took 0.044 seconds
[2026-06-22T14:17:14.559+0000] {processor.py:161} INFO - Started process (PID=15424) to work on /opt/airflow/dags/mon_premier_dag.py
[2026-06-22T14:17:14.560+0000] {processor.py:830} INFO - Processing file /opt/airflow/dags/mon_premier_dag.py for tasks to queue
[2026-06-22T14:17:14.560+0000] {logging_mixin.py:188} INFO - [2026-06-22T14:17:14.560+0000] {dagbag.py:538} INFO - Filling up the DagBag from /opt/airflow/dags/mon_premier_dag.py
[2026-06-22T14:17:14.567+0000] {processor.py:840} INFO - DAG(s) 'mon_premier_dag' retrieved from /opt/airflow/dags/mon_premier_dag.py
[2026-06-22T14:17:14.584+0000] {logging_mixin.py:188} INFO - [2026-06-22T14:17:14.583+0000] {dag.py:3036} INFO - Sync 1 DAGs
[2026-06-22T14:17:14.590+0000] {logging_mixin.py:188} INFO - [2026-06-22T14:17:14.590+0000] {dag.py:3823} INFO - Setting next_dagrun for mon_premier_dag to None, run_after=None
[2026-06-22T14:17:14.600+0000] {processor.py:183} INFO - Processing /opt/airflow/dags/mon_premier_dag.py took 0.043 seconds
<<<<<<< HEAD
[2026-06-22T14:17:44.999+0000] {processor.py:161} INFO - Started process (PID=15428) to work on /opt/airflow/dags/mon_premier_dag.py
[2026-06-22T14:17:44.999+0000] {processor.py:830} INFO - Processing file /opt/airflow/dags/mon_premier_dag.py for tasks to queue
[2026-06-22T14:17:45.000+0000] {logging_mixin.py:188} INFO - [2026-06-22T14:17:45.000+0000] {dagbag.py:538} INFO - Filling up the DagBag from /opt/airflow/dags/mon_premier_dag.py
[2026-06-22T14:17:45.006+0000] {processor.py:840} INFO - DAG(s) 'mon_premier_dag' retrieved from /opt/airflow/dags/mon_premier_dag.py
[2026-06-22T14:17:45.022+0000] {logging_mixin.py:188} INFO - [2026-06-22T14:17:45.022+0000] {dag.py:3036} INFO - Sync 1 DAGs
[2026-06-22T14:17:45.029+0000] {logging_mixin.py:188} INFO - [2026-06-22T14:17:45.029+0000] {dag.py:3823} INFO - Setting next_dagrun for mon_premier_dag to None, run_after=None
[2026-06-22T14:17:45.039+0000] {processor.py:183} INFO - Processing /opt/airflow/dags/mon_premier_dag.py took 0.043 seconds
[2026-06-22T14:18:15.486+0000] {processor.py:161} INFO - Started process (PID=15432) to work on /opt/airflow/dags/mon_premier_dag.py
[2026-06-22T14:18:15.487+0000] {processor.py:830} INFO - Processing file /opt/airflow/dags/mon_premier_dag.py for tasks to queue
[2026-06-22T14:18:15.487+0000] {logging_mixin.py:188} INFO - [2026-06-22T14:18:15.487+0000] {dagbag.py:538} INFO - Filling up the DagBag from /opt/airflow/dags/mon_premier_dag.py
[2026-06-22T14:18:15.494+0000] {processor.py:840} INFO - DAG(s) 'mon_premier_dag' retrieved from /opt/airflow/dags/mon_premier_dag.py
[2026-06-22T14:18:15.509+0000] {logging_mixin.py:188} INFO - [2026-06-22T14:18:15.509+0000] {dag.py:3036} INFO - Sync 1 DAGs
[2026-06-22T14:18:15.515+0000] {logging_mixin.py:188} INFO - [2026-06-22T14:18:15.515+0000] {dag.py:3823} INFO - Setting next_dagrun for mon_premier_dag to None, run_after=None
[2026-06-22T14:18:15.524+0000] {processor.py:183} INFO - Processing /opt/airflow/dags/mon_premier_dag.py took 0.040 seconds
=======
>>>>>>> af1004172f94fbcae0ced3649be8bce1a8cd57db
