[2026-06-22T13:17:21.554+0000] {processor.py:161} INFO - Started process (PID=21) to work on /opt/airflow/dags/pipeline_inscription_etudiants.py
[2026-06-22T13:17:21.556+0000] {processor.py:830} INFO - Processing file /opt/airflow/dags/pipeline_inscription_etudiants.py for tasks to queue
[2026-06-22T13:17:21.557+0000] {logging_mixin.py:188} INFO - [2026-06-22T13:17:21.556+0000] {dagbag.py:538} INFO - Filling up the DagBag from /opt/airflow/dags/pipeline_inscription_etudiants.py
[2026-06-22T13:17:21.575+0000] {processor.py:840} INFO - DAG(s) 'pipeline_inscription_etudiants' retrieved from /opt/airflow/dags/pipeline_inscription_etudiants.py
[2026-06-22T13:17:21.685+0000] {logging_mixin.py:188} INFO - [2026-06-22T13:17:21.685+0000] {override.py:1769} INFO - Created Permission View: can edit on DAG:pipeline_inscription_etudiants
[2026-06-22T13:17:21.690+0000] {logging_mixin.py:188} INFO - [2026-06-22T13:17:21.690+0000] {override.py:1769} INFO - Created Permission View: can delete on DAG:pipeline_inscription_etudiants
[2026-06-22T13:17:21.695+0000] {logging_mixin.py:188} INFO - [2026-06-22T13:17:21.695+0000] {override.py:1769} INFO - Created Permission View: can read on DAG:pipeline_inscription_etudiants
[2026-06-22T13:17:21.695+0000] {logging_mixin.py:188} INFO - [2026-06-22T13:17:21.695+0000] {dag.py:3036} INFO - Sync 1 DAGs
[2026-06-22T13:17:21.701+0000] {logging_mixin.py:188} INFO - [2026-06-22T13:17:21.701+0000] {dag.py:3058} INFO - Creating ORM DAG for pipeline_inscription_etudiants
[2026-06-22T13:17:21.702+0000] {logging_mixin.py:188} INFO - [2026-06-22T13:17:21.702+0000] {dag.py:3823} INFO - Setting next_dagrun for pipeline_inscription_etudiants to None, run_after=None
[2026-06-22T13:17:21.713+0000] {processor.py:183} INFO - Processing /opt/airflow/dags/pipeline_inscription_etudiants.py took 0.162 seconds
[2026-06-22T13:17:52.184+0000] {processor.py:161} INFO - Started process (PID=27) to work on /opt/airflow/dags/pipeline_inscription_etudiants.py
[2026-06-22T13:17:52.185+0000] {processor.py:830} INFO - Processing file /opt/airflow/dags/pipeline_inscription_etudiants.py for tasks to queue
[2026-06-22T13:17:52.185+0000] {logging_mixin.py:188} INFO - [2026-06-22T13:17:52.185+0000] {dagbag.py:538} INFO - Filling up the DagBag from /opt/airflow/dags/pipeline_inscription_etudiants.py
[2026-06-22T13:17:52.192+0000] {processor.py:840} INFO - DAG(s) 'pipeline_inscription_etudiants' retrieved from /opt/airflow/dags/pipeline_inscription_etudiants.py
[2026-06-22T13:17:52.212+0000] {logging_mixin.py:188} INFO - [2026-06-22T13:17:52.212+0000] {dag.py:3036} INFO - Sync 1 DAGs
[2026-06-22T13:17:52.221+0000] {logging_mixin.py:188} INFO - [2026-06-22T13:17:52.221+0000] {dag.py:3823} INFO - Setting next_dagrun for pipeline_inscription_etudiants to None, run_after=None
[2026-06-22T13:17:52.233+0000] {processor.py:183} INFO - Processing /opt/airflow/dags/pipeline_inscription_etudiants.py took 0.051 seconds
[2026-06-22T13:18:22.730+0000] {processor.py:161} INFO - Started process (PID=31) to work on /opt/airflow/dags/pipeline_inscription_etudiants.py
[2026-06-22T13:18:22.731+0000] {processor.py:830} INFO - Processing file /opt/airflow/dags/pipeline_inscription_etudiants.py for tasks to queue
[2026-06-22T13:18:22.733+0000] {logging_mixin.py:188} INFO - [2026-06-22T13:18:22.732+0000] {dagbag.py:538} INFO - Filling up the DagBag from /opt/airflow/dags/pipeline_inscription_etudiants.py
[2026-06-22T13:18:22.745+0000] {processor.py:840} INFO - DAG(s) 'pipeline_inscription_etudiants' retrieved from /opt/airflow/dags/pipeline_inscription_etudiants.py
[2026-06-22T13:18:22.764+0000] {logging_mixin.py:188} INFO - [2026-06-22T13:18:22.764+0000] {dag.py:3036} INFO - Sync 1 DAGs
[2026-06-22T13:18:22.772+0000] {logging_mixin.py:188} INFO - [2026-06-22T13:18:22.771+0000] {dag.py:3823} INFO - Setting next_dagrun for pipeline_inscription_etudiants to None, run_after=None
[2026-06-22T13:18:22.783+0000] {processor.py:183} INFO - Processing /opt/airflow/dags/pipeline_inscription_etudiants.py took 0.059 seconds
[2026-06-22T13:18:53.240+0000] {processor.py:161} INFO - Started process (PID=35) to work on /opt/airflow/dags/pipeline_inscription_etudiants.py
[2026-06-22T13:18:53.243+0000] {processor.py:830} INFO - Processing file /opt/airflow/dags/pipeline_inscription_etudiants.py for tasks to queue
[2026-06-22T13:18:53.244+0000] {logging_mixin.py:188} INFO - [2026-06-22T13:18:53.244+0000] {dagbag.py:538} INFO - Filling up the DagBag from /opt/airflow/dags/pipeline_inscription_etudiants.py
[2026-06-22T13:18:53.258+0000] {processor.py:840} INFO - DAG(s) 'pipeline_inscription_etudiants' retrieved from /opt/airflow/dags/pipeline_inscription_etudiants.py
[2026-06-22T13:18:53.279+0000] {logging_mixin.py:188} INFO - [2026-06-22T13:18:53.278+0000] {dag.py:3036} INFO - Sync 1 DAGs
[2026-06-22T13:18:53.285+0000] {logging_mixin.py:188} INFO - [2026-06-22T13:18:53.285+0000] {dag.py:3823} INFO - Setting next_dagrun for pipeline_inscription_etudiants to None, run_after=None
[2026-06-22T13:18:53.295+0000] {processor.py:183} INFO - Processing /opt/airflow/dags/pipeline_inscription_etudiants.py took 0.061 seconds
[2026-06-22T13:19:23.763+0000] {processor.py:161} INFO - Started process (PID=39) to work on /opt/airflow/dags/pipeline_inscription_etudiants.py
[2026-06-22T13:19:23.765+0000] {processor.py:830} INFO - Processing file /opt/airflow/dags/pipeline_inscription_etudiants.py for tasks to queue
[2026-06-22T13:19:23.768+0000] {logging_mixin.py:188} INFO - [2026-06-22T13:19:23.768+0000] {dagbag.py:538} INFO - Filling up the DagBag from /opt/airflow/dags/pipeline_inscription_etudiants.py
[2026-06-22T13:19:23.783+0000] {processor.py:840} INFO - DAG(s) 'pipeline_inscription_etudiants' retrieved from /opt/airflow/dags/pipeline_inscription_etudiants.py
[2026-06-22T13:19:23.802+0000] {logging_mixin.py:188} INFO - [2026-06-22T13:19:23.802+0000] {dag.py:3036} INFO - Sync 1 DAGs
[2026-06-22T13:19:23.810+0000] {logging_mixin.py:188} INFO - [2026-06-22T13:19:23.810+0000] {dag.py:3823} INFO - Setting next_dagrun for pipeline_inscription_etudiants to None, run_after=None
[2026-06-22T13:19:23.822+0000] {processor.py:183} INFO - Processing /opt/airflow/dags/pipeline_inscription_etudiants.py took 0.064 seconds
[2026-06-22T13:19:54.203+0000] {processor.py:161} INFO - Started process (PID=43) to work on /opt/airflow/dags/pipeline_inscription_etudiants.py
[2026-06-22T13:19:54.205+0000] {processor.py:830} INFO - Processing file /opt/airflow/dags/pipeline_inscription_etudiants.py for tasks to queue
[2026-06-22T13:19:54.206+0000] {logging_mixin.py:188} INFO - [2026-06-22T13:19:54.206+0000] {dagbag.py:538} INFO - Filling up the DagBag from /opt/airflow/dags/pipeline_inscription_etudiants.py
[2026-06-22T13:19:54.220+0000] {processor.py:840} INFO - DAG(s) 'pipeline_inscription_etudiants' retrieved from /opt/airflow/dags/pipeline_inscription_etudiants.py
[2026-06-22T13:19:54.243+0000] {logging_mixin.py:188} INFO - [2026-06-22T13:19:54.243+0000] {dag.py:3036} INFO - Sync 1 DAGs
[2026-06-22T13:19:54.251+0000] {logging_mixin.py:188} INFO - [2026-06-22T13:19:54.251+0000] {dag.py:3823} INFO - Setting next_dagrun for pipeline_inscription_etudiants to None, run_after=None
[2026-06-22T13:19:54.262+0000] {processor.py:183} INFO - Processing /opt/airflow/dags/pipeline_inscription_etudiants.py took 0.064 seconds
[2026-06-22T13:20:24.702+0000] {processor.py:161} INFO - Started process (PID=47) to work on /opt/airflow/dags/pipeline_inscription_etudiants.py
[2026-06-22T13:20:24.704+0000] {processor.py:830} INFO - Processing file /opt/airflow/dags/pipeline_inscription_etudiants.py for tasks to queue
[2026-06-22T13:20:24.705+0000] {logging_mixin.py:188} INFO - [2026-06-22T13:20:24.705+0000] {dagbag.py:538} INFO - Filling up the DagBag from /opt/airflow/dags/pipeline_inscription_etudiants.py
[2026-06-22T13:20:24.719+0000] {processor.py:840} INFO - DAG(s) 'pipeline_inscription_etudiants' retrieved from /opt/airflow/dags/pipeline_inscription_etudiants.py
[2026-06-22T13:20:24.741+0000] {logging_mixin.py:188} INFO - [2026-06-22T13:20:24.740+0000] {dag.py:3036} INFO - Sync 1 DAGs
[2026-06-22T13:20:24.749+0000] {logging_mixin.py:188} INFO - [2026-06-22T13:20:24.748+0000] {dag.py:3823} INFO - Setting next_dagrun for pipeline_inscription_etudiants to None, run_after=None
[2026-06-22T13:20:24.759+0000] {processor.py:183} INFO - Processing /opt/airflow/dags/pipeline_inscription_etudiants.py took 0.063 seconds
[2026-06-22T13:20:55.032+0000] {processor.py:161} INFO - Started process (PID=123) to work on /opt/airflow/dags/pipeline_inscription_etudiants.py
[2026-06-22T13:20:55.034+0000] {processor.py:830} INFO - Processing file /opt/airflow/dags/pipeline_inscription_etudiants.py for tasks to queue
[2026-06-22T13:20:55.035+0000] {logging_mixin.py:188} INFO - [2026-06-22T13:20:55.035+0000] {dagbag.py:538} INFO - Filling up the DagBag from /opt/airflow/dags/pipeline_inscription_etudiants.py
[2026-06-22T13:20:55.050+0000] {processor.py:840} INFO - DAG(s) 'pipeline_inscription_etudiants' retrieved from /opt/airflow/dags/pipeline_inscription_etudiants.py
[2026-06-22T13:20:55.071+0000] {logging_mixin.py:188} INFO - [2026-06-22T13:20:55.070+0000] {dag.py:3036} INFO - Sync 1 DAGs
[2026-06-22T13:20:55.078+0000] {logging_mixin.py:188} INFO - [2026-06-22T13:20:55.078+0000] {dag.py:3823} INFO - Setting next_dagrun for pipeline_inscription_etudiants to None, run_after=None
[2026-06-22T13:20:55.088+0000] {processor.py:183} INFO - Processing /opt/airflow/dags/pipeline_inscription_etudiants.py took 0.062 seconds
[2026-06-22T13:21:25.570+0000] {processor.py:161} INFO - Started process (PID=127) to work on /opt/airflow/dags/pipeline_inscription_etudiants.py
[2026-06-22T13:21:25.572+0000] {processor.py:830} INFO - Processing file /opt/airflow/dags/pipeline_inscription_etudiants.py for tasks to queue
[2026-06-22T13:21:25.573+0000] {logging_mixin.py:188} INFO - [2026-06-22T13:21:25.573+0000] {dagbag.py:538} INFO - Filling up the DagBag from /opt/airflow/dags/pipeline_inscription_etudiants.py
[2026-06-22T13:21:25.587+0000] {processor.py:840} INFO - DAG(s) 'pipeline_inscription_etudiants' retrieved from /opt/airflow/dags/pipeline_inscription_etudiants.py
[2026-06-22T13:21:25.610+0000] {logging_mixin.py:188} INFO - [2026-06-22T13:21:25.610+0000] {dag.py:3036} INFO - Sync 1 DAGs
[2026-06-22T13:21:25.617+0000] {logging_mixin.py:188} INFO - [2026-06-22T13:21:25.617+0000] {dag.py:3823} INFO - Setting next_dagrun for pipeline_inscription_etudiants to None, run_after=None
[2026-06-22T13:21:25.628+0000] {processor.py:183} INFO - Processing /opt/airflow/dags/pipeline_inscription_etudiants.py took 0.063 seconds
[2026-06-22T13:21:56.294+0000] {processor.py:161} INFO - Started process (PID=131) to work on /opt/airflow/dags/pipeline_inscription_etudiants.py
[2026-06-22T13:21:56.295+0000] {processor.py:830} INFO - Processing file /opt/airflow/dags/pipeline_inscription_etudiants.py for tasks to queue
[2026-06-22T13:21:56.296+0000] {logging_mixin.py:188} INFO - [2026-06-22T13:21:56.296+0000] {dagbag.py:538} INFO - Filling up the DagBag from /opt/airflow/dags/pipeline_inscription_etudiants.py
[2026-06-22T13:21:56.307+0000] {processor.py:840} INFO - DAG(s) 'pipeline_inscription_etudiants' retrieved from /opt/airflow/dags/pipeline_inscription_etudiants.py
[2026-06-22T13:21:56.329+0000] {logging_mixin.py:188} INFO - [2026-06-22T13:21:56.329+0000] {dag.py:3036} INFO - Sync 1 DAGs
[2026-06-22T13:21:56.338+0000] {logging_mixin.py:188} INFO - [2026-06-22T13:21:56.338+0000] {dag.py:3823} INFO - Setting next_dagrun for pipeline_inscription_etudiants to None, run_after=None
[2026-06-22T13:21:56.348+0000] {processor.py:183} INFO - Processing /opt/airflow/dags/pipeline_inscription_etudiants.py took 0.058 seconds
[2026-06-22T13:22:26.688+0000] {processor.py:161} INFO - Started process (PID=188) to work on /opt/airflow/dags/pipeline_inscription_etudiants.py
[2026-06-22T13:22:26.696+0000] {processor.py:830} INFO - Processing file /opt/airflow/dags/pipeline_inscription_etudiants.py for tasks to queue
[2026-06-22T13:22:26.697+0000] {logging_mixin.py:188} INFO - [2026-06-22T13:22:26.697+0000] {dagbag.py:538} INFO - Filling up the DagBag from /opt/airflow/dags/pipeline_inscription_etudiants.py
[2026-06-22T13:22:26.706+0000] {processor.py:840} INFO - DAG(s) 'pipeline_inscription_etudiants' retrieved from /opt/airflow/dags/pipeline_inscription_etudiants.py
[2026-06-22T13:22:26.723+0000] {logging_mixin.py:188} INFO - [2026-06-22T13:22:26.723+0000] {dag.py:3036} INFO - Sync 1 DAGs
[2026-06-22T13:22:26.730+0000] {logging_mixin.py:188} INFO - [2026-06-22T13:22:26.730+0000] {dag.py:3823} INFO - Setting next_dagrun for pipeline_inscription_etudiants to None, run_after=None
[2026-06-22T13:22:26.739+0000] {processor.py:183} INFO - Processing /opt/airflow/dags/pipeline_inscription_etudiants.py took 0.055 seconds
[2026-06-22T13:22:57.031+0000] {processor.py:161} INFO - Started process (PID=271) to work on /opt/airflow/dags/pipeline_inscription_etudiants.py
[2026-06-22T13:22:57.033+0000] {processor.py:830} INFO - Processing file /opt/airflow/dags/pipeline_inscription_etudiants.py for tasks to queue
[2026-06-22T13:22:57.035+0000] {logging_mixin.py:188} INFO - [2026-06-22T13:22:57.034+0000] {dagbag.py:538} INFO - Filling up the DagBag from /opt/airflow/dags/pipeline_inscription_etudiants.py
[2026-06-22T13:22:57.047+0000] {processor.py:840} INFO - DAG(s) 'pipeline_inscription_etudiants' retrieved from /opt/airflow/dags/pipeline_inscription_etudiants.py
[2026-06-22T13:22:57.068+0000] {logging_mixin.py:188} INFO - [2026-06-22T13:22:57.068+0000] {dag.py:3036} INFO - Sync 1 DAGs
[2026-06-22T13:22:57.076+0000] {logging_mixin.py:188} INFO - [2026-06-22T13:22:57.076+0000] {dag.py:3823} INFO - Setting next_dagrun for pipeline_inscription_etudiants to None, run_after=None
[2026-06-22T13:22:57.088+0000] {processor.py:183} INFO - Processing /opt/airflow/dags/pipeline_inscription_etudiants.py took 0.062 seconds
[2026-06-22T13:23:27.455+0000] {processor.py:161} INFO - Started process (PID=275) to work on /opt/airflow/dags/pipeline_inscription_etudiants.py
[2026-06-22T13:23:27.456+0000] {processor.py:830} INFO - Processing file /opt/airflow/dags/pipeline_inscription_etudiants.py for tasks to queue
[2026-06-22T13:23:27.458+0000] {logging_mixin.py:188} INFO - [2026-06-22T13:23:27.457+0000] {dagbag.py:538} INFO - Filling up the DagBag from /opt/airflow/dags/pipeline_inscription_etudiants.py
[2026-06-22T13:23:27.470+0000] {processor.py:840} INFO - DAG(s) 'pipeline_inscription_etudiants' retrieved from /opt/airflow/dags/pipeline_inscription_etudiants.py
[2026-06-22T13:23:27.494+0000] {logging_mixin.py:188} INFO - [2026-06-22T13:23:27.494+0000] {dag.py:3036} INFO - Sync 1 DAGs
[2026-06-22T13:23:27.502+0000] {logging_mixin.py:188} INFO - [2026-06-22T13:23:27.502+0000] {dag.py:3823} INFO - Setting next_dagrun for pipeline_inscription_etudiants to None, run_after=None
[2026-06-22T13:23:27.514+0000] {processor.py:183} INFO - Processing /opt/airflow/dags/pipeline_inscription_etudiants.py took 0.063 seconds
[2026-06-22T13:23:57.903+0000] {processor.py:161} INFO - Started process (PID=279) to work on /opt/airflow/dags/pipeline_inscription_etudiants.py
[2026-06-22T13:23:57.905+0000] {processor.py:830} INFO - Processing file /opt/airflow/dags/pipeline_inscription_etudiants.py for tasks to queue
[2026-06-22T13:23:57.906+0000] {logging_mixin.py:188} INFO - [2026-06-22T13:23:57.906+0000] {dagbag.py:538} INFO - Filling up the DagBag from /opt/airflow/dags/pipeline_inscription_etudiants.py
[2026-06-22T13:23:57.918+0000] {processor.py:840} INFO - DAG(s) 'pipeline_inscription_etudiants' retrieved from /opt/airflow/dags/pipeline_inscription_etudiants.py
[2026-06-22T13:23:57.939+0000] {logging_mixin.py:188} INFO - [2026-06-22T13:23:57.939+0000] {dag.py:3036} INFO - Sync 1 DAGs
[2026-06-22T13:23:57.949+0000] {logging_mixin.py:188} INFO - [2026-06-22T13:23:57.948+0000] {dag.py:3823} INFO - Setting next_dagrun for pipeline_inscription_etudiants to None, run_after=None
[2026-06-22T13:23:57.961+0000] {processor.py:183} INFO - Processing /opt/airflow/dags/pipeline_inscription_etudiants.py took 0.062 seconds
[2026-06-22T13:24:28.377+0000] {processor.py:161} INFO - Started process (PID=283) to work on /opt/airflow/dags/pipeline_inscription_etudiants.py
[2026-06-22T13:24:28.379+0000] {processor.py:830} INFO - Processing file /opt/airflow/dags/pipeline_inscription_etudiants.py for tasks to queue
[2026-06-22T13:24:28.381+0000] {logging_mixin.py:188} INFO - [2026-06-22T13:24:28.380+0000] {dagbag.py:538} INFO - Filling up the DagBag from /opt/airflow/dags/pipeline_inscription_etudiants.py
[2026-06-22T13:24:28.395+0000] {processor.py:840} INFO - DAG(s) 'pipeline_inscription_etudiants' retrieved from /opt/airflow/dags/pipeline_inscription_etudiants.py
[2026-06-22T13:24:28.417+0000] {logging_mixin.py:188} INFO - [2026-06-22T13:24:28.417+0000] {dag.py:3036} INFO - Sync 1 DAGs
[2026-06-22T13:24:28.424+0000] {logging_mixin.py:188} INFO - [2026-06-22T13:24:28.424+0000] {dag.py:3823} INFO - Setting next_dagrun for pipeline_inscription_etudiants to None, run_after=None
[2026-06-22T13:24:28.437+0000] {processor.py:183} INFO - Processing /opt/airflow/dags/pipeline_inscription_etudiants.py took 0.065 seconds
[2026-06-22T13:24:58.884+0000] {processor.py:161} INFO - Started process (PID=287) to work on /opt/airflow/dags/pipeline_inscription_etudiants.py
[2026-06-22T13:24:58.885+0000] {processor.py:830} INFO - Processing file /opt/airflow/dags/pipeline_inscription_etudiants.py for tasks to queue
[2026-06-22T13:24:58.886+0000] {logging_mixin.py:188} INFO - [2026-06-22T13:24:58.886+0000] {dagbag.py:538} INFO - Filling up the DagBag from /opt/airflow/dags/pipeline_inscription_etudiants.py
[2026-06-22T13:24:58.894+0000] {processor.py:840} INFO - DAG(s) 'pipeline_inscription_etudiants' retrieved from /opt/airflow/dags/pipeline_inscription_etudiants.py
[2026-06-22T13:24:58.914+0000] {logging_mixin.py:188} INFO - [2026-06-22T13:24:58.914+0000] {dag.py:3036} INFO - Sync 1 DAGs
[2026-06-22T13:24:58.923+0000] {logging_mixin.py:188} INFO - [2026-06-22T13:24:58.923+0000] {dag.py:3823} INFO - Setting next_dagrun for pipeline_inscription_etudiants to None, run_after=None
[2026-06-22T13:24:58.935+0000] {processor.py:183} INFO - Processing /opt/airflow/dags/pipeline_inscription_etudiants.py took 0.053 seconds
[2026-06-22T13:25:29.297+0000] {processor.py:161} INFO - Started process (PID=291) to work on /opt/airflow/dags/pipeline_inscription_etudiants.py
[2026-06-22T13:25:29.298+0000] {processor.py:830} INFO - Processing file /opt/airflow/dags/pipeline_inscription_etudiants.py for tasks to queue
[2026-06-22T13:25:29.299+0000] {logging_mixin.py:188} INFO - [2026-06-22T13:25:29.298+0000] {dagbag.py:538} INFO - Filling up the DagBag from /opt/airflow/dags/pipeline_inscription_etudiants.py
[2026-06-22T13:25:29.308+0000] {processor.py:840} INFO - DAG(s) 'pipeline_inscription_etudiants' retrieved from /opt/airflow/dags/pipeline_inscription_etudiants.py
[2026-06-22T13:25:29.325+0000] {logging_mixin.py:188} INFO - [2026-06-22T13:25:29.325+0000] {dag.py:3036} INFO - Sync 1 DAGs
[2026-06-22T13:25:29.332+0000] {logging_mixin.py:188} INFO - [2026-06-22T13:25:29.331+0000] {dag.py:3823} INFO - Setting next_dagrun for pipeline_inscription_etudiants to None, run_after=None
[2026-06-22T13:25:29.342+0000] {processor.py:183} INFO - Processing /opt/airflow/dags/pipeline_inscription_etudiants.py took 0.048 seconds
[2026-06-22T13:25:59.775+0000] {processor.py:161} INFO - Started process (PID=295) to work on /opt/airflow/dags/pipeline_inscription_etudiants.py
[2026-06-22T13:25:59.777+0000] {processor.py:830} INFO - Processing file /opt/airflow/dags/pipeline_inscription_etudiants.py for tasks to queue
[2026-06-22T13:25:59.778+0000] {logging_mixin.py:188} INFO - [2026-06-22T13:25:59.778+0000] {dagbag.py:538} INFO - Filling up the DagBag from /opt/airflow/dags/pipeline_inscription_etudiants.py
[2026-06-22T13:25:59.790+0000] {processor.py:840} INFO - DAG(s) 'pipeline_inscription_etudiants' retrieved from /opt/airflow/dags/pipeline_inscription_etudiants.py
[2026-06-22T13:25:59.811+0000] {logging_mixin.py:188} INFO - [2026-06-22T13:25:59.811+0000] {dag.py:3036} INFO - Sync 1 DAGs
[2026-06-22T13:25:59.819+0000] {logging_mixin.py:188} INFO - [2026-06-22T13:25:59.819+0000] {dag.py:3823} INFO - Setting next_dagrun for pipeline_inscription_etudiants to None, run_after=None
[2026-06-22T13:25:59.830+0000] {processor.py:183} INFO - Processing /opt/airflow/dags/pipeline_inscription_etudiants.py took 0.059 seconds
[2026-06-22T13:26:30.206+0000] {processor.py:161} INFO - Started process (PID=299) to work on /opt/airflow/dags/pipeline_inscription_etudiants.py
[2026-06-22T13:26:30.209+0000] {processor.py:830} INFO - Processing file /opt/airflow/dags/pipeline_inscription_etudiants.py for tasks to queue
[2026-06-22T13:26:30.211+0000] {logging_mixin.py:188} INFO - [2026-06-22T13:26:30.210+0000] {dagbag.py:538} INFO - Filling up the DagBag from /opt/airflow/dags/pipeline_inscription_etudiants.py
[2026-06-22T13:26:30.227+0000] {processor.py:840} INFO - DAG(s) 'pipeline_inscription_etudiants' retrieved from /opt/airflow/dags/pipeline_inscription_etudiants.py
[2026-06-22T13:26:30.249+0000] {logging_mixin.py:188} INFO - [2026-06-22T13:26:30.248+0000] {dag.py:3036} INFO - Sync 1 DAGs
[2026-06-22T13:26:30.257+0000] {logging_mixin.py:188} INFO - [2026-06-22T13:26:30.257+0000] {dag.py:3823} INFO - Setting next_dagrun for pipeline_inscription_etudiants to None, run_after=None
[2026-06-22T13:26:30.267+0000] {processor.py:183} INFO - Processing /opt/airflow/dags/pipeline_inscription_etudiants.py took 0.067 seconds
[2026-06-22T13:27:00.665+0000] {processor.py:161} INFO - Started process (PID=303) to work on /opt/airflow/dags/pipeline_inscription_etudiants.py
[2026-06-22T13:27:00.666+0000] {processor.py:830} INFO - Processing file /opt/airflow/dags/pipeline_inscription_etudiants.py for tasks to queue
[2026-06-22T13:27:00.667+0000] {logging_mixin.py:188} INFO - [2026-06-22T13:27:00.667+0000] {dagbag.py:538} INFO - Filling up the DagBag from /opt/airflow/dags/pipeline_inscription_etudiants.py
[2026-06-22T13:27:00.698+0000] {processor.py:840} INFO - DAG(s) 'pipeline_inscription_etudiants' retrieved from /opt/airflow/dags/pipeline_inscription_etudiants.py
[2026-06-22T13:27:00.727+0000] {logging_mixin.py:188} INFO - [2026-06-22T13:27:00.727+0000] {dag.py:3036} INFO - Sync 1 DAGs
[2026-06-22T13:27:00.734+0000] {logging_mixin.py:188} INFO - [2026-06-22T13:27:00.734+0000] {dag.py:3823} INFO - Setting next_dagrun for pipeline_inscription_etudiants to None, run_after=None
[2026-06-22T13:27:00.745+0000] {processor.py:183} INFO - Processing /opt/airflow/dags/pipeline_inscription_etudiants.py took 0.084 seconds
[2026-06-22T13:27:31.225+0000] {processor.py:161} INFO - Started process (PID=307) to work on /opt/airflow/dags/pipeline_inscription_etudiants.py
[2026-06-22T13:27:31.227+0000] {processor.py:830} INFO - Processing file /opt/airflow/dags/pipeline_inscription_etudiants.py for tasks to queue
[2026-06-22T13:27:31.228+0000] {logging_mixin.py:188} INFO - [2026-06-22T13:27:31.228+0000] {dagbag.py:538} INFO - Filling up the DagBag from /opt/airflow/dags/pipeline_inscription_etudiants.py
[2026-06-22T13:27:31.244+0000] {processor.py:840} INFO - DAG(s) 'pipeline_inscription_etudiants' retrieved from /opt/airflow/dags/pipeline_inscription_etudiants.py
[2026-06-22T13:27:31.270+0000] {logging_mixin.py:188} INFO - [2026-06-22T13:27:31.269+0000] {dag.py:3036} INFO - Sync 1 DAGs
[2026-06-22T13:27:31.279+0000] {logging_mixin.py:188} INFO - [2026-06-22T13:27:31.278+0000] {dag.py:3823} INFO - Setting next_dagrun for pipeline_inscription_etudiants to None, run_after=None
[2026-06-22T13:27:31.290+0000] {processor.py:183} INFO - Processing /opt/airflow/dags/pipeline_inscription_etudiants.py took 0.070 seconds
[2026-06-22T13:28:01.692+0000] {processor.py:161} INFO - Started process (PID=311) to work on /opt/airflow/dags/pipeline_inscription_etudiants.py
[2026-06-22T13:28:01.693+0000] {processor.py:830} INFO - Processing file /opt/airflow/dags/pipeline_inscription_etudiants.py for tasks to queue
[2026-06-22T13:28:01.695+0000] {logging_mixin.py:188} INFO - [2026-06-22T13:28:01.694+0000] {dagbag.py:538} INFO - Filling up the DagBag from /opt/airflow/dags/pipeline_inscription_etudiants.py
[2026-06-22T13:28:01.709+0000] {processor.py:840} INFO - DAG(s) 'pipeline_inscription_etudiants' retrieved from /opt/airflow/dags/pipeline_inscription_etudiants.py
[2026-06-22T13:28:01.732+0000] {logging_mixin.py:188} INFO - [2026-06-22T13:28:01.732+0000] {dag.py:3036} INFO - Sync 1 DAGs
[2026-06-22T13:28:01.740+0000] {logging_mixin.py:188} INFO - [2026-06-22T13:28:01.740+0000] {dag.py:3823} INFO - Setting next_dagrun for pipeline_inscription_etudiants to None, run_after=None
[2026-06-22T13:28:01.753+0000] {processor.py:183} INFO - Processing /opt/airflow/dags/pipeline_inscription_etudiants.py took 0.065 seconds
[2026-06-22T13:28:32.232+0000] {processor.py:161} INFO - Started process (PID=315) to work on /opt/airflow/dags/pipeline_inscription_etudiants.py
[2026-06-22T13:28:32.233+0000] {processor.py:830} INFO - Processing file /opt/airflow/dags/pipeline_inscription_etudiants.py for tasks to queue
[2026-06-22T13:28:32.234+0000] {logging_mixin.py:188} INFO - [2026-06-22T13:28:32.234+0000] {dagbag.py:538} INFO - Filling up the DagBag from /opt/airflow/dags/pipeline_inscription_etudiants.py
[2026-06-22T13:28:32.245+0000] {processor.py:840} INFO - DAG(s) 'pipeline_inscription_etudiants' retrieved from /opt/airflow/dags/pipeline_inscription_etudiants.py
[2026-06-22T13:28:32.268+0000] {logging_mixin.py:188} INFO - [2026-06-22T13:28:32.268+0000] {dag.py:3036} INFO - Sync 1 DAGs
[2026-06-22T13:28:32.276+0000] {logging_mixin.py:188} INFO - [2026-06-22T13:28:32.276+0000] {dag.py:3823} INFO - Setting next_dagrun for pipeline_inscription_etudiants to None, run_after=None
[2026-06-22T13:28:32.289+0000] {processor.py:183} INFO - Processing /opt/airflow/dags/pipeline_inscription_etudiants.py took 0.060 seconds
[2026-06-22T13:29:02.667+0000] {processor.py:161} INFO - Started process (PID=319) to work on /opt/airflow/dags/pipeline_inscription_etudiants.py
[2026-06-22T13:29:02.669+0000] {processor.py:830} INFO - Processing file /opt/airflow/dags/pipeline_inscription_etudiants.py for tasks to queue
[2026-06-22T13:29:02.671+0000] {logging_mixin.py:188} INFO - [2026-06-22T13:29:02.670+0000] {dagbag.py:538} INFO - Filling up the DagBag from /opt/airflow/dags/pipeline_inscription_etudiants.py
[2026-06-22T13:29:02.683+0000] {processor.py:840} INFO - DAG(s) 'pipeline_inscription_etudiants' retrieved from /opt/airflow/dags/pipeline_inscription_etudiants.py
[2026-06-22T13:29:02.707+0000] {logging_mixin.py:188} INFO - [2026-06-22T13:29:02.707+0000] {dag.py:3036} INFO - Sync 1 DAGs
[2026-06-22T13:29:02.716+0000] {logging_mixin.py:188} INFO - [2026-06-22T13:29:02.716+0000] {dag.py:3823} INFO - Setting next_dagrun for pipeline_inscription_etudiants to None, run_after=None
[2026-06-22T13:29:02.728+0000] {processor.py:183} INFO - Processing /opt/airflow/dags/pipeline_inscription_etudiants.py took 0.066 seconds
[2026-06-22T13:29:33.163+0000] {processor.py:161} INFO - Started process (PID=323) to work on /opt/airflow/dags/pipeline_inscription_etudiants.py
[2026-06-22T13:29:33.164+0000] {processor.py:830} INFO - Processing file /opt/airflow/dags/pipeline_inscription_etudiants.py for tasks to queue
[2026-06-22T13:29:33.165+0000] {logging_mixin.py:188} INFO - [2026-06-22T13:29:33.165+0000] {dagbag.py:538} INFO - Filling up the DagBag from /opt/airflow/dags/pipeline_inscription_etudiants.py
[2026-06-22T13:29:33.178+0000] {processor.py:840} INFO - DAG(s) 'pipeline_inscription_etudiants' retrieved from /opt/airflow/dags/pipeline_inscription_etudiants.py
[2026-06-22T13:29:33.199+0000] {logging_mixin.py:188} INFO - [2026-06-22T13:29:33.199+0000] {dag.py:3036} INFO - Sync 1 DAGs
[2026-06-22T13:29:33.207+0000] {logging_mixin.py:188} INFO - [2026-06-22T13:29:33.207+0000] {dag.py:3823} INFO - Setting next_dagrun for pipeline_inscription_etudiants to None, run_after=None
[2026-06-22T13:29:33.217+0000] {processor.py:183} INFO - Processing /opt/airflow/dags/pipeline_inscription_etudiants.py took 0.059 seconds
[2026-06-22T13:30:03.610+0000] {processor.py:161} INFO - Started process (PID=327) to work on /opt/airflow/dags/pipeline_inscription_etudiants.py
[2026-06-22T13:30:03.612+0000] {processor.py:830} INFO - Processing file /opt/airflow/dags/pipeline_inscription_etudiants.py for tasks to queue
[2026-06-22T13:30:03.614+0000] {logging_mixin.py:188} INFO - [2026-06-22T13:30:03.613+0000] {dagbag.py:538} INFO - Filling up the DagBag from /opt/airflow/dags/pipeline_inscription_etudiants.py
[2026-06-22T13:30:03.629+0000] {processor.py:840} INFO - DAG(s) 'pipeline_inscription_etudiants' retrieved from /opt/airflow/dags/pipeline_inscription_etudiants.py
[2026-06-22T13:30:03.653+0000] {logging_mixin.py:188} INFO - [2026-06-22T13:30:03.652+0000] {dag.py:3036} INFO - Sync 1 DAGs
[2026-06-22T13:30:03.661+0000] {logging_mixin.py:188} INFO - [2026-06-22T13:30:03.660+0000] {dag.py:3823} INFO - Setting next_dagrun for pipeline_inscription_etudiants to None, run_after=None
[2026-06-22T13:30:03.672+0000] {processor.py:183} INFO - Processing /opt/airflow/dags/pipeline_inscription_etudiants.py took 0.065 seconds
[2026-06-22T13:30:34.118+0000] {processor.py:161} INFO - Started process (PID=331) to work on /opt/airflow/dags/pipeline_inscription_etudiants.py
[2026-06-22T13:30:34.121+0000] {processor.py:830} INFO - Processing file /opt/airflow/dags/pipeline_inscription_etudiants.py for tasks to queue
[2026-06-22T13:30:34.123+0000] {logging_mixin.py:188} INFO - [2026-06-22T13:30:34.123+0000] {dagbag.py:538} INFO - Filling up the DagBag from /opt/airflow/dags/pipeline_inscription_etudiants.py
[2026-06-22T13:30:34.138+0000] {processor.py:840} INFO - DAG(s) 'pipeline_inscription_etudiants' retrieved from /opt/airflow/dags/pipeline_inscription_etudiants.py
[2026-06-22T13:30:34.160+0000] {logging_mixin.py:188} INFO - [2026-06-22T13:30:34.160+0000] {dag.py:3036} INFO - Sync 1 DAGs
[2026-06-22T13:30:34.167+0000] {logging_mixin.py:188} INFO - [2026-06-22T13:30:34.167+0000] {dag.py:3823} INFO - Setting next_dagrun for pipeline_inscription_etudiants to None, run_after=None
[2026-06-22T13:30:34.177+0000] {processor.py:183} INFO - Processing /opt/airflow/dags/pipeline_inscription_etudiants.py took 0.064 seconds
[2026-06-22T13:31:04.629+0000] {processor.py:161} INFO - Started process (PID=335) to work on /opt/airflow/dags/pipeline_inscription_etudiants.py
[2026-06-22T13:31:04.631+0000] {processor.py:830} INFO - Processing file /opt/airflow/dags/pipeline_inscription_etudiants.py for tasks to queue
[2026-06-22T13:31:04.632+0000] {logging_mixin.py:188} INFO - [2026-06-22T13:31:04.632+0000] {dagbag.py:538} INFO - Filling up the DagBag from /opt/airflow/dags/pipeline_inscription_etudiants.py
[2026-06-22T13:31:04.647+0000] {processor.py:840} INFO - DAG(s) 'pipeline_inscription_etudiants' retrieved from /opt/airflow/dags/pipeline_inscription_etudiants.py
[2026-06-22T13:31:04.670+0000] {logging_mixin.py:188} INFO - [2026-06-22T13:31:04.670+0000] {dag.py:3036} INFO - Sync 1 DAGs
[2026-06-22T13:31:04.678+0000] {logging_mixin.py:188} INFO - [2026-06-22T13:31:04.678+0000] {dag.py:3823} INFO - Setting next_dagrun for pipeline_inscription_etudiants to None, run_after=None
[2026-06-22T13:31:04.691+0000] {processor.py:183} INFO - Processing /opt/airflow/dags/pipeline_inscription_etudiants.py took 0.066 seconds
[2026-06-22T13:31:34.747+0000] {processor.py:161} INFO - Started process (PID=484) to work on /opt/airflow/dags/pipeline_inscription_etudiants.py
[2026-06-22T13:31:34.748+0000] {processor.py:830} INFO - Processing file /opt/airflow/dags/pipeline_inscription_etudiants.py for tasks to queue
[2026-06-22T13:31:34.748+0000] {logging_mixin.py:188} INFO - [2026-06-22T13:31:34.748+0000] {dagbag.py:538} INFO - Filling up the DagBag from /opt/airflow/dags/pipeline_inscription_etudiants.py
[2026-06-22T13:31:34.757+0000] {processor.py:840} INFO - DAG(s) 'pipeline_inscription_etudiants' retrieved from /opt/airflow/dags/pipeline_inscription_etudiants.py
[2026-06-22T13:31:34.773+0000] {logging_mixin.py:188} INFO - [2026-06-22T13:31:34.773+0000] {dag.py:3036} INFO - Sync 1 DAGs
[2026-06-22T13:31:34.779+0000] {logging_mixin.py:188} INFO - [2026-06-22T13:31:34.779+0000] {dag.py:3823} INFO - Setting next_dagrun for pipeline_inscription_etudiants to None, run_after=None
[2026-06-22T13:31:34.790+0000] {processor.py:183} INFO - Processing /opt/airflow/dags/pipeline_inscription_etudiants.py took 0.044 seconds
[2026-06-22T13:32:04.819+0000] {processor.py:161} INFO - Started process (PID=954) to work on /opt/airflow/dags/pipeline_inscription_etudiants.py
[2026-06-22T13:32:04.820+0000] {processor.py:830} INFO - Processing file /opt/airflow/dags/pipeline_inscription_etudiants.py for tasks to queue
[2026-06-22T13:32:04.821+0000] {logging_mixin.py:188} INFO - [2026-06-22T13:32:04.821+0000] {dagbag.py:538} INFO - Filling up the DagBag from /opt/airflow/dags/pipeline_inscription_etudiants.py
[2026-06-22T13:32:04.831+0000] {processor.py:840} INFO - DAG(s) 'pipeline_inscription_etudiants' retrieved from /opt/airflow/dags/pipeline_inscription_etudiants.py
[2026-06-22T13:32:04.847+0000] {logging_mixin.py:188} INFO - [2026-06-22T13:32:04.847+0000] {dag.py:3036} INFO - Sync 1 DAGs
[2026-06-22T13:32:04.854+0000] {logging_mixin.py:188} INFO - [2026-06-22T13:32:04.854+0000] {dag.py:3823} INFO - Setting next_dagrun for pipeline_inscription_etudiants to None, run_after=None
[2026-06-22T13:32:04.864+0000] {processor.py:183} INFO - Processing /opt/airflow/dags/pipeline_inscription_etudiants.py took 0.047 seconds
[2026-06-22T13:32:34.929+0000] {processor.py:161} INFO - Started process (PID=1455) to work on /opt/airflow/dags/pipeline_inscription_etudiants.py
[2026-06-22T13:32:34.930+0000] {processor.py:830} INFO - Processing file /opt/airflow/dags/pipeline_inscription_etudiants.py for tasks to queue
[2026-06-22T13:32:34.931+0000] {logging_mixin.py:188} INFO - [2026-06-22T13:32:34.931+0000] {dagbag.py:538} INFO - Filling up the DagBag from /opt/airflow/dags/pipeline_inscription_etudiants.py
[2026-06-22T13:32:34.938+0000] {processor.py:840} INFO - DAG(s) 'pipeline_inscription_etudiants' retrieved from /opt/airflow/dags/pipeline_inscription_etudiants.py
[2026-06-22T13:32:34.953+0000] {logging_mixin.py:188} INFO - [2026-06-22T13:32:34.953+0000] {dag.py:3036} INFO - Sync 1 DAGs
[2026-06-22T13:32:34.960+0000] {logging_mixin.py:188} INFO - [2026-06-22T13:32:34.960+0000] {dag.py:3823} INFO - Setting next_dagrun for pipeline_inscription_etudiants to None, run_after=None
[2026-06-22T13:32:34.969+0000] {processor.py:183} INFO - Processing /opt/airflow/dags/pipeline_inscription_etudiants.py took 0.043 seconds
[2026-06-22T13:33:05.028+0000] {processor.py:161} INFO - Started process (PID=1898) to work on /opt/airflow/dags/pipeline_inscription_etudiants.py
[2026-06-22T13:33:05.029+0000] {processor.py:830} INFO - Processing file /opt/airflow/dags/pipeline_inscription_etudiants.py for tasks to queue
[2026-06-22T13:33:05.029+0000] {logging_mixin.py:188} INFO - [2026-06-22T13:33:05.029+0000] {dagbag.py:538} INFO - Filling up the DagBag from /opt/airflow/dags/pipeline_inscription_etudiants.py
[2026-06-22T13:33:05.036+0000] {processor.py:840} INFO - DAG(s) 'pipeline_inscription_etudiants' retrieved from /opt/airflow/dags/pipeline_inscription_etudiants.py
[2026-06-22T13:33:05.051+0000] {logging_mixin.py:188} INFO - [2026-06-22T13:33:05.051+0000] {dag.py:3036} INFO - Sync 1 DAGs
[2026-06-22T13:33:05.058+0000] {logging_mixin.py:188} INFO - [2026-06-22T13:33:05.058+0000] {dag.py:3823} INFO - Setting next_dagrun for pipeline_inscription_etudiants to None, run_after=None
[2026-06-22T13:33:05.068+0000] {processor.py:183} INFO - Processing /opt/airflow/dags/pipeline_inscription_etudiants.py took 0.042 seconds
[2026-06-22T13:33:35.104+0000] {processor.py:161} INFO - Started process (PID=2368) to work on /opt/airflow/dags/pipeline_inscription_etudiants.py
[2026-06-22T13:33:35.105+0000] {processor.py:830} INFO - Processing file /opt/airflow/dags/pipeline_inscription_etudiants.py for tasks to queue
[2026-06-22T13:33:35.106+0000] {logging_mixin.py:188} INFO - [2026-06-22T13:33:35.106+0000] {dagbag.py:538} INFO - Filling up the DagBag from /opt/airflow/dags/pipeline_inscription_etudiants.py
[2026-06-22T13:33:35.113+0000] {processor.py:840} INFO - DAG(s) 'pipeline_inscription_etudiants' retrieved from /opt/airflow/dags/pipeline_inscription_etudiants.py
[2026-06-22T13:33:35.129+0000] {logging_mixin.py:188} INFO - [2026-06-22T13:33:35.129+0000] {dag.py:3036} INFO - Sync 1 DAGs
[2026-06-22T13:33:35.136+0000] {logging_mixin.py:188} INFO - [2026-06-22T13:33:35.136+0000] {dag.py:3823} INFO - Setting next_dagrun for pipeline_inscription_etudiants to None, run_after=None
[2026-06-22T13:33:35.153+0000] {processor.py:183} INFO - Processing /opt/airflow/dags/pipeline_inscription_etudiants.py took 0.051 seconds
[2026-06-22T13:34:05.207+0000] {processor.py:161} INFO - Started process (PID=2814) to work on /opt/airflow/dags/pipeline_inscription_etudiants.py
[2026-06-22T13:34:05.208+0000] {processor.py:830} INFO - Processing file /opt/airflow/dags/pipeline_inscription_etudiants.py for tasks to queue
[2026-06-22T13:34:05.208+0000] {logging_mixin.py:188} INFO - [2026-06-22T13:34:05.208+0000] {dagbag.py:538} INFO - Filling up the DagBag from /opt/airflow/dags/pipeline_inscription_etudiants.py
[2026-06-22T13:34:05.215+0000] {processor.py:840} INFO - DAG(s) 'pipeline_inscription_etudiants' retrieved from /opt/airflow/dags/pipeline_inscription_etudiants.py
[2026-06-22T13:34:05.310+0000] {logging_mixin.py:188} INFO - [2026-06-22T13:34:05.310+0000] {dag.py:3036} INFO - Sync 1 DAGs
[2026-06-22T13:34:05.316+0000] {logging_mixin.py:188} INFO - [2026-06-22T13:34:05.315+0000] {dag.py:3823} INFO - Setting next_dagrun for pipeline_inscription_etudiants to None, run_after=None
[2026-06-22T13:34:05.326+0000] {processor.py:183} INFO - Processing /opt/airflow/dags/pipeline_inscription_etudiants.py took 0.121 seconds
[2026-06-22T13:34:35.385+0000] {processor.py:161} INFO - Started process (PID=3291) to work on /opt/airflow/dags/pipeline_inscription_etudiants.py
[2026-06-22T13:34:35.386+0000] {processor.py:830} INFO - Processing file /opt/airflow/dags/pipeline_inscription_etudiants.py for tasks to queue
[2026-06-22T13:34:35.386+0000] {logging_mixin.py:188} INFO - [2026-06-22T13:34:35.386+0000] {dagbag.py:538} INFO - Filling up the DagBag from /opt/airflow/dags/pipeline_inscription_etudiants.py
[2026-06-22T13:34:35.393+0000] {processor.py:840} INFO - DAG(s) 'pipeline_inscription_etudiants' retrieved from /opt/airflow/dags/pipeline_inscription_etudiants.py
[2026-06-22T13:34:35.407+0000] {logging_mixin.py:188} INFO - [2026-06-22T13:34:35.407+0000] {dag.py:3036} INFO - Sync 1 DAGs
[2026-06-22T13:34:35.414+0000] {logging_mixin.py:188} INFO - [2026-06-22T13:34:35.414+0000] {dag.py:3823} INFO - Setting next_dagrun for pipeline_inscription_etudiants to None, run_after=None
[2026-06-22T13:34:35.424+0000] {processor.py:183} INFO - Processing /opt/airflow/dags/pipeline_inscription_etudiants.py took 0.041 seconds
[2026-06-22T13:35:05.499+0000] {processor.py:161} INFO - Started process (PID=3760) to work on /opt/airflow/dags/pipeline_inscription_etudiants.py
[2026-06-22T13:35:05.500+0000] {processor.py:830} INFO - Processing file /opt/airflow/dags/pipeline_inscription_etudiants.py for tasks to queue
[2026-06-22T13:35:05.501+0000] {logging_mixin.py:188} INFO - [2026-06-22T13:35:05.500+0000] {dagbag.py:538} INFO - Filling up the DagBag from /opt/airflow/dags/pipeline_inscription_etudiants.py
[2026-06-22T13:35:05.508+0000] {processor.py:840} INFO - DAG(s) 'pipeline_inscription_etudiants' retrieved from /opt/airflow/dags/pipeline_inscription_etudiants.py
[2026-06-22T13:35:05.526+0000] {logging_mixin.py:188} INFO - [2026-06-22T13:35:05.526+0000] {dag.py:3036} INFO - Sync 1 DAGs
[2026-06-22T13:35:05.617+0000] {logging_mixin.py:188} INFO - [2026-06-22T13:35:05.617+0000] {dag.py:3823} INFO - Setting next_dagrun for pipeline_inscription_etudiants to None, run_after=None
[2026-06-22T13:35:05.630+0000] {processor.py:183} INFO - Processing /opt/airflow/dags/pipeline_inscription_etudiants.py took 0.133 seconds
[2026-06-22T13:35:35.699+0000] {processor.py:161} INFO - Started process (PID=4212) to work on /opt/airflow/dags/pipeline_inscription_etudiants.py
[2026-06-22T13:35:35.699+0000] {processor.py:830} INFO - Processing file /opt/airflow/dags/pipeline_inscription_etudiants.py for tasks to queue
[2026-06-22T13:35:35.700+0000] {logging_mixin.py:188} INFO - [2026-06-22T13:35:35.700+0000] {dagbag.py:538} INFO - Filling up the DagBag from /opt/airflow/dags/pipeline_inscription_etudiants.py
[2026-06-22T13:35:35.707+0000] {processor.py:840} INFO - DAG(s) 'pipeline_inscription_etudiants' retrieved from /opt/airflow/dags/pipeline_inscription_etudiants.py
[2026-06-22T13:35:35.723+0000] {logging_mixin.py:188} INFO - [2026-06-22T13:35:35.723+0000] {dag.py:3036} INFO - Sync 1 DAGs
[2026-06-22T13:35:35.729+0000] {logging_mixin.py:188} INFO - [2026-06-22T13:35:35.729+0000] {dag.py:3823} INFO - Setting next_dagrun for pipeline_inscription_etudiants to None, run_after=None
[2026-06-22T13:35:35.738+0000] {processor.py:183} INFO - Processing /opt/airflow/dags/pipeline_inscription_etudiants.py took 0.042 seconds
[2026-06-22T13:36:05.803+0000] {processor.py:161} INFO - Started process (PID=4704) to work on /opt/airflow/dags/pipeline_inscription_etudiants.py
[2026-06-22T13:36:05.804+0000] {processor.py:830} INFO - Processing file /opt/airflow/dags/pipeline_inscription_etudiants.py for tasks to queue
[2026-06-22T13:36:05.805+0000] {logging_mixin.py:188} INFO - [2026-06-22T13:36:05.805+0000] {dagbag.py:538} INFO - Filling up the DagBag from /opt/airflow/dags/pipeline_inscription_etudiants.py
[2026-06-22T13:36:05.812+0000] {processor.py:840} INFO - DAG(s) 'pipeline_inscription_etudiants' retrieved from /opt/airflow/dags/pipeline_inscription_etudiants.py
[2026-06-22T13:36:05.829+0000] {logging_mixin.py:188} INFO - [2026-06-22T13:36:05.829+0000] {dag.py:3036} INFO - Sync 1 DAGs
[2026-06-22T13:36:05.834+0000] {logging_mixin.py:188} INFO - [2026-06-22T13:36:05.834+0000] {dag.py:3823} INFO - Setting next_dagrun for pipeline_inscription_etudiants to None, run_after=None
[2026-06-22T13:36:05.844+0000] {processor.py:183} INFO - Processing /opt/airflow/dags/pipeline_inscription_etudiants.py took 0.042 seconds
[2026-06-22T13:36:35.860+0000] {processor.py:161} INFO - Started process (PID=5160) to work on /opt/airflow/dags/pipeline_inscription_etudiants.py
[2026-06-22T13:36:35.861+0000] {processor.py:830} INFO - Processing file /opt/airflow/dags/pipeline_inscription_etudiants.py for tasks to queue
[2026-06-22T13:36:35.862+0000] {logging_mixin.py:188} INFO - [2026-06-22T13:36:35.862+0000] {dagbag.py:538} INFO - Filling up the DagBag from /opt/airflow/dags/pipeline_inscription_etudiants.py
[2026-06-22T13:36:35.868+0000] {processor.py:840} INFO - DAG(s) 'pipeline_inscription_etudiants' retrieved from /opt/airflow/dags/pipeline_inscription_etudiants.py
[2026-06-22T13:36:35.884+0000] {logging_mixin.py:188} INFO - [2026-06-22T13:36:35.884+0000] {dag.py:3036} INFO - Sync 1 DAGs
[2026-06-22T13:36:35.890+0000] {logging_mixin.py:188} INFO - [2026-06-22T13:36:35.890+0000] {dag.py:3823} INFO - Setting next_dagrun for pipeline_inscription_etudiants to None, run_after=None
[2026-06-22T13:36:35.900+0000] {processor.py:183} INFO - Processing /opt/airflow/dags/pipeline_inscription_etudiants.py took 0.042 seconds
[2026-06-22T13:37:05.945+0000] {processor.py:161} INFO - Started process (PID=5655) to work on /opt/airflow/dags/pipeline_inscription_etudiants.py
[2026-06-22T13:37:05.946+0000] {processor.py:830} INFO - Processing file /opt/airflow/dags/pipeline_inscription_etudiants.py for tasks to queue
[2026-06-22T13:37:05.947+0000] {logging_mixin.py:188} INFO - [2026-06-22T13:37:05.947+0000] {dagbag.py:538} INFO - Filling up the DagBag from /opt/airflow/dags/pipeline_inscription_etudiants.py
[2026-06-22T13:37:05.957+0000] {processor.py:840} INFO - DAG(s) 'pipeline_inscription_etudiants' retrieved from /opt/airflow/dags/pipeline_inscription_etudiants.py
[2026-06-22T13:37:05.972+0000] {logging_mixin.py:188} INFO - [2026-06-22T13:37:05.972+0000] {dag.py:3036} INFO - Sync 1 DAGs
[2026-06-22T13:37:05.979+0000] {logging_mixin.py:188} INFO - [2026-06-22T13:37:05.979+0000] {dag.py:3823} INFO - Setting next_dagrun for pipeline_inscription_etudiants to None, run_after=None
[2026-06-22T13:37:05.989+0000] {processor.py:183} INFO - Processing /opt/airflow/dags/pipeline_inscription_etudiants.py took 0.045 seconds
[2026-06-22T13:37:36.026+0000] {processor.py:161} INFO - Started process (PID=6101) to work on /opt/airflow/dags/pipeline_inscription_etudiants.py
[2026-06-22T13:37:36.027+0000] {processor.py:830} INFO - Processing file /opt/airflow/dags/pipeline_inscription_etudiants.py for tasks to queue
[2026-06-22T13:37:36.028+0000] {logging_mixin.py:188} INFO - [2026-06-22T13:37:36.027+0000] {dagbag.py:538} INFO - Filling up the DagBag from /opt/airflow/dags/pipeline_inscription_etudiants.py
[2026-06-22T13:37:36.034+0000] {processor.py:840} INFO - DAG(s) 'pipeline_inscription_etudiants' retrieved from /opt/airflow/dags/pipeline_inscription_etudiants.py
[2026-06-22T13:37:36.050+0000] {logging_mixin.py:188} INFO - [2026-06-22T13:37:36.050+0000] {dag.py:3036} INFO - Sync 1 DAGs
[2026-06-22T13:37:36.056+0000] {logging_mixin.py:188} INFO - [2026-06-22T13:37:36.056+0000] {dag.py:3823} INFO - Setting next_dagrun for pipeline_inscription_etudiants to None, run_after=None
[2026-06-22T13:37:36.066+0000] {processor.py:183} INFO - Processing /opt/airflow/dags/pipeline_inscription_etudiants.py took 0.042 seconds
[2026-06-22T13:38:06.101+0000] {processor.py:161} INFO - Started process (PID=6586) to work on /opt/airflow/dags/pipeline_inscription_etudiants.py
[2026-06-22T13:38:06.102+0000] {processor.py:830} INFO - Processing file /opt/airflow/dags/pipeline_inscription_etudiants.py for tasks to queue
[2026-06-22T13:38:06.103+0000] {logging_mixin.py:188} INFO - [2026-06-22T13:38:06.103+0000] {dagbag.py:538} INFO - Filling up the DagBag from /opt/airflow/dags/pipeline_inscription_etudiants.py
[2026-06-22T13:38:06.111+0000] {processor.py:840} INFO - DAG(s) 'pipeline_inscription_etudiants' retrieved from /opt/airflow/dags/pipeline_inscription_etudiants.py
[2026-06-22T13:38:06.126+0000] {logging_mixin.py:188} INFO - [2026-06-22T13:38:06.126+0000] {dag.py:3036} INFO - Sync 1 DAGs
[2026-06-22T13:38:06.132+0000] {logging_mixin.py:188} INFO - [2026-06-22T13:38:06.132+0000] {dag.py:3823} INFO - Setting next_dagrun for pipeline_inscription_etudiants to None, run_after=None
[2026-06-22T13:38:06.142+0000] {processor.py:183} INFO - Processing /opt/airflow/dags/pipeline_inscription_etudiants.py took 0.043 seconds
[2026-06-22T13:38:36.171+0000] {processor.py:161} INFO - Started process (PID=7009) to work on /opt/airflow/dags/pipeline_inscription_etudiants.py
[2026-06-22T13:38:36.171+0000] {processor.py:830} INFO - Processing file /opt/airflow/dags/pipeline_inscription_etudiants.py for tasks to queue
[2026-06-22T13:38:36.172+0000] {logging_mixin.py:188} INFO - [2026-06-22T13:38:36.172+0000] {dagbag.py:538} INFO - Filling up the DagBag from /opt/airflow/dags/pipeline_inscription_etudiants.py
[2026-06-22T13:38:36.178+0000] {processor.py:840} INFO - DAG(s) 'pipeline_inscription_etudiants' retrieved from /opt/airflow/dags/pipeline_inscription_etudiants.py
[2026-06-22T13:38:36.193+0000] {logging_mixin.py:188} INFO - [2026-06-22T13:38:36.193+0000] {dag.py:3036} INFO - Sync 1 DAGs
[2026-06-22T13:38:36.200+0000] {logging_mixin.py:188} INFO - [2026-06-22T13:38:36.200+0000] {dag.py:3823} INFO - Setting next_dagrun for pipeline_inscription_etudiants to None, run_after=None
[2026-06-22T13:38:36.211+0000] {processor.py:183} INFO - Processing /opt/airflow/dags/pipeline_inscription_etudiants.py took 0.042 seconds
[2026-06-22T13:39:06.279+0000] {processor.py:161} INFO - Started process (PID=7496) to work on /opt/airflow/dags/pipeline_inscription_etudiants.py
[2026-06-22T13:39:06.279+0000] {processor.py:830} INFO - Processing file /opt/airflow/dags/pipeline_inscription_etudiants.py for tasks to queue
[2026-06-22T13:39:06.280+0000] {logging_mixin.py:188} INFO - [2026-06-22T13:39:06.280+0000] {dagbag.py:538} INFO - Filling up the DagBag from /opt/airflow/dags/pipeline_inscription_etudiants.py
[2026-06-22T13:39:06.286+0000] {processor.py:840} INFO - DAG(s) 'pipeline_inscription_etudiants' retrieved from /opt/airflow/dags/pipeline_inscription_etudiants.py
[2026-06-22T13:39:06.302+0000] {logging_mixin.py:188} INFO - [2026-06-22T13:39:06.302+0000] {dag.py:3036} INFO - Sync 1 DAGs
[2026-06-22T13:39:06.308+0000] {logging_mixin.py:188} INFO - [2026-06-22T13:39:06.308+0000] {dag.py:3823} INFO - Setting next_dagrun for pipeline_inscription_etudiants to None, run_after=None
[2026-06-22T13:39:06.317+0000] {processor.py:183} INFO - Processing /opt/airflow/dags/pipeline_inscription_etudiants.py took 0.040 seconds
[2026-06-22T13:39:36.348+0000] {processor.py:161} INFO - Started process (PID=7934) to work on /opt/airflow/dags/pipeline_inscription_etudiants.py
[2026-06-22T13:39:36.349+0000] {processor.py:830} INFO - Processing file /opt/airflow/dags/pipeline_inscription_etudiants.py for tasks to queue
[2026-06-22T13:39:36.349+0000] {logging_mixin.py:188} INFO - [2026-06-22T13:39:36.349+0000] {dagbag.py:538} INFO - Filling up the DagBag from /opt/airflow/dags/pipeline_inscription_etudiants.py
[2026-06-22T13:39:36.356+0000] {processor.py:840} INFO - DAG(s) 'pipeline_inscription_etudiants' retrieved from /opt/airflow/dags/pipeline_inscription_etudiants.py
[2026-06-22T13:39:36.372+0000] {logging_mixin.py:188} INFO - [2026-06-22T13:39:36.372+0000] {dag.py:3036} INFO - Sync 1 DAGs
[2026-06-22T13:39:36.379+0000] {logging_mixin.py:188} INFO - [2026-06-22T13:39:36.379+0000] {dag.py:3823} INFO - Setting next_dagrun for pipeline_inscription_etudiants to None, run_after=None
[2026-06-22T13:39:36.390+0000] {processor.py:183} INFO - Processing /opt/airflow/dags/pipeline_inscription_etudiants.py took 0.044 seconds
[2026-06-22T13:40:06.420+0000] {processor.py:161} INFO - Started process (PID=8433) to work on /opt/airflow/dags/pipeline_inscription_etudiants.py
[2026-06-22T13:40:06.421+0000] {processor.py:830} INFO - Processing file /opt/airflow/dags/pipeline_inscription_etudiants.py for tasks to queue
[2026-06-22T13:40:06.421+0000] {logging_mixin.py:188} INFO - [2026-06-22T13:40:06.421+0000] {dagbag.py:538} INFO - Filling up the DagBag from /opt/airflow/dags/pipeline_inscription_etudiants.py
[2026-06-22T13:40:06.427+0000] {processor.py:840} INFO - DAG(s) 'pipeline_inscription_etudiants' retrieved from /opt/airflow/dags/pipeline_inscription_etudiants.py
[2026-06-22T13:40:06.442+0000] {logging_mixin.py:188} INFO - [2026-06-22T13:40:06.442+0000] {dag.py:3036} INFO - Sync 1 DAGs
[2026-06-22T13:40:06.448+0000] {logging_mixin.py:188} INFO - [2026-06-22T13:40:06.448+0000] {dag.py:3823} INFO - Setting next_dagrun for pipeline_inscription_etudiants to None, run_after=None
[2026-06-22T13:40:06.458+0000] {processor.py:183} INFO - Processing /opt/airflow/dags/pipeline_inscription_etudiants.py took 0.040 seconds
[2026-06-22T13:40:36.490+0000] {processor.py:161} INFO - Started process (PID=8899) to work on /opt/airflow/dags/pipeline_inscription_etudiants.py
[2026-06-22T13:40:36.491+0000] {processor.py:830} INFO - Processing file /opt/airflow/dags/pipeline_inscription_etudiants.py for tasks to queue
[2026-06-22T13:40:36.491+0000] {logging_mixin.py:188} INFO - [2026-06-22T13:40:36.491+0000] {dagbag.py:538} INFO - Filling up the DagBag from /opt/airflow/dags/pipeline_inscription_etudiants.py
[2026-06-22T13:40:36.498+0000] {processor.py:840} INFO - DAG(s) 'pipeline_inscription_etudiants' retrieved from /opt/airflow/dags/pipeline_inscription_etudiants.py
[2026-06-22T13:40:36.512+0000] {logging_mixin.py:188} INFO - [2026-06-22T13:40:36.512+0000] {dag.py:3036} INFO - Sync 1 DAGs
[2026-06-22T13:40:36.518+0000] {logging_mixin.py:188} INFO - [2026-06-22T13:40:36.518+0000] {dag.py:3823} INFO - Setting next_dagrun for pipeline_inscription_etudiants to None, run_after=None
[2026-06-22T13:40:36.529+0000] {processor.py:183} INFO - Processing /opt/airflow/dags/pipeline_inscription_etudiants.py took 0.040 seconds
[2026-06-22T13:41:06.566+0000] {processor.py:161} INFO - Started process (PID=9444) to work on /opt/airflow/dags/pipeline_inscription_etudiants.py
[2026-06-22T13:41:06.566+0000] {processor.py:830} INFO - Processing file /opt/airflow/dags/pipeline_inscription_etudiants.py for tasks to queue
[2026-06-22T13:41:06.567+0000] {logging_mixin.py:188} INFO - [2026-06-22T13:41:06.567+0000] {dagbag.py:538} INFO - Filling up the DagBag from /opt/airflow/dags/pipeline_inscription_etudiants.py
[2026-06-22T13:41:06.573+0000] {processor.py:840} INFO - DAG(s) 'pipeline_inscription_etudiants' retrieved from /opt/airflow/dags/pipeline_inscription_etudiants.py
[2026-06-22T13:41:06.589+0000] {logging_mixin.py:188} INFO - [2026-06-22T13:41:06.588+0000] {dag.py:3036} INFO - Sync 1 DAGs
[2026-06-22T13:41:06.595+0000] {logging_mixin.py:188} INFO - [2026-06-22T13:41:06.595+0000] {dag.py:3823} INFO - Setting next_dagrun for pipeline_inscription_etudiants to None, run_after=None
[2026-06-22T13:41:06.605+0000] {processor.py:183} INFO - Processing /opt/airflow/dags/pipeline_inscription_etudiants.py took 0.041 seconds
[2026-06-22T13:41:36.627+0000] {processor.py:161} INFO - Started process (PID=9902) to work on /opt/airflow/dags/pipeline_inscription_etudiants.py
[2026-06-22T13:41:36.628+0000] {processor.py:830} INFO - Processing file /opt/airflow/dags/pipeline_inscription_etudiants.py for tasks to queue
[2026-06-22T13:41:36.628+0000] {logging_mixin.py:188} INFO - [2026-06-22T13:41:36.628+0000] {dagbag.py:538} INFO - Filling up the DagBag from /opt/airflow/dags/pipeline_inscription_etudiants.py
[2026-06-22T13:41:36.635+0000] {processor.py:840} INFO - DAG(s) 'pipeline_inscription_etudiants' retrieved from /opt/airflow/dags/pipeline_inscription_etudiants.py
[2026-06-22T13:41:36.652+0000] {logging_mixin.py:188} INFO - [2026-06-22T13:41:36.652+0000] {dag.py:3036} INFO - Sync 1 DAGs
[2026-06-22T13:41:36.660+0000] {logging_mixin.py:188} INFO - [2026-06-22T13:41:36.659+0000] {dag.py:3823} INFO - Setting next_dagrun for pipeline_inscription_etudiants to None, run_after=None
[2026-06-22T13:41:36.670+0000] {processor.py:183} INFO - Processing /opt/airflow/dags/pipeline_inscription_etudiants.py took 0.045 seconds
[2026-06-22T13:42:06.696+0000] {processor.py:161} INFO - Started process (PID=10400) to work on /opt/airflow/dags/pipeline_inscription_etudiants.py
[2026-06-22T13:42:06.697+0000] {processor.py:830} INFO - Processing file /opt/airflow/dags/pipeline_inscription_etudiants.py for tasks to queue
[2026-06-22T13:42:06.698+0000] {logging_mixin.py:188} INFO - [2026-06-22T13:42:06.698+0000] {dagbag.py:538} INFO - Filling up the DagBag from /opt/airflow/dags/pipeline_inscription_etudiants.py
[2026-06-22T13:42:06.706+0000] {processor.py:840} INFO - DAG(s) 'pipeline_inscription_etudiants' retrieved from /opt/airflow/dags/pipeline_inscription_etudiants.py
[2026-06-22T13:42:06.722+0000] {logging_mixin.py:188} INFO - [2026-06-22T13:42:06.722+0000] {dag.py:3036} INFO - Sync 1 DAGs
[2026-06-22T13:42:06.728+0000] {logging_mixin.py:188} INFO - [2026-06-22T13:42:06.728+0000] {dag.py:3823} INFO - Setting next_dagrun for pipeline_inscription_etudiants to None, run_after=None
[2026-06-22T13:42:06.738+0000] {processor.py:183} INFO - Processing /opt/airflow/dags/pipeline_inscription_etudiants.py took 0.044 seconds
[2026-06-22T13:42:36.785+0000] {processor.py:161} INFO - Started process (PID=10823) to work on /opt/airflow/dags/pipeline_inscription_etudiants.py
[2026-06-22T13:42:36.786+0000] {processor.py:830} INFO - Processing file /opt/airflow/dags/pipeline_inscription_etudiants.py for tasks to queue
[2026-06-22T13:42:36.787+0000] {logging_mixin.py:188} INFO - [2026-06-22T13:42:36.787+0000] {dagbag.py:538} INFO - Filling up the DagBag from /opt/airflow/dags/pipeline_inscription_etudiants.py
[2026-06-22T13:42:36.793+0000] {processor.py:840} INFO - DAG(s) 'pipeline_inscription_etudiants' retrieved from /opt/airflow/dags/pipeline_inscription_etudiants.py
[2026-06-22T13:42:36.807+0000] {logging_mixin.py:188} INFO - [2026-06-22T13:42:36.807+0000] {dag.py:3036} INFO - Sync 1 DAGs
[2026-06-22T13:42:36.813+0000] {logging_mixin.py:188} INFO - [2026-06-22T13:42:36.813+0000] {dag.py:3823} INFO - Setting next_dagrun for pipeline_inscription_etudiants to None, run_after=None
[2026-06-22T13:42:36.823+0000] {processor.py:183} INFO - Processing /opt/airflow/dags/pipeline_inscription_etudiants.py took 0.039 seconds
[2026-06-22T13:43:06.874+0000] {processor.py:161} INFO - Started process (PID=11324) to work on /opt/airflow/dags/pipeline_inscription_etudiants.py
[2026-06-22T13:43:06.875+0000] {processor.py:830} INFO - Processing file /opt/airflow/dags/pipeline_inscription_etudiants.py for tasks to queue
[2026-06-22T13:43:06.875+0000] {logging_mixin.py:188} INFO - [2026-06-22T13:43:06.875+0000] {dagbag.py:538} INFO - Filling up the DagBag from /opt/airflow/dags/pipeline_inscription_etudiants.py
[2026-06-22T13:43:06.882+0000] {processor.py:840} INFO - DAG(s) 'pipeline_inscription_etudiants' retrieved from /opt/airflow/dags/pipeline_inscription_etudiants.py
[2026-06-22T13:43:06.897+0000] {logging_mixin.py:188} INFO - [2026-06-22T13:43:06.897+0000] {dag.py:3036} INFO - Sync 1 DAGs
[2026-06-22T13:43:06.904+0000] {logging_mixin.py:188} INFO - [2026-06-22T13:43:06.903+0000] {dag.py:3823} INFO - Setting next_dagrun for pipeline_inscription_etudiants to None, run_after=None
[2026-06-22T13:43:06.913+0000] {processor.py:183} INFO - Processing /opt/airflow/dags/pipeline_inscription_etudiants.py took 0.041 seconds
[2026-06-22T13:43:36.940+0000] {processor.py:161} INFO - Started process (PID=11796) to work on /opt/airflow/dags/pipeline_inscription_etudiants.py
[2026-06-22T13:43:36.941+0000] {processor.py:830} INFO - Processing file /opt/airflow/dags/pipeline_inscription_etudiants.py for tasks to queue
[2026-06-22T13:43:36.941+0000] {logging_mixin.py:188} INFO - [2026-06-22T13:43:36.941+0000] {dagbag.py:538} INFO - Filling up the DagBag from /opt/airflow/dags/pipeline_inscription_etudiants.py
[2026-06-22T13:43:36.948+0000] {processor.py:840} INFO - DAG(s) 'pipeline_inscription_etudiants' retrieved from /opt/airflow/dags/pipeline_inscription_etudiants.py
[2026-06-22T13:43:36.964+0000] {logging_mixin.py:188} INFO - [2026-06-22T13:43:36.964+0000] {dag.py:3036} INFO - Sync 1 DAGs
[2026-06-22T13:43:36.971+0000] {logging_mixin.py:188} INFO - [2026-06-22T13:43:36.971+0000] {dag.py:3823} INFO - Setting next_dagrun for pipeline_inscription_etudiants to None, run_after=None
[2026-06-22T13:43:36.980+0000] {processor.py:183} INFO - Processing /opt/airflow/dags/pipeline_inscription_etudiants.py took 0.043 seconds
[2026-06-22T13:44:07.026+0000] {processor.py:161} INFO - Started process (PID=12297) to work on /opt/airflow/dags/pipeline_inscription_etudiants.py
[2026-06-22T13:44:07.026+0000] {processor.py:830} INFO - Processing file /opt/airflow/dags/pipeline_inscription_etudiants.py for tasks to queue
[2026-06-22T13:44:07.027+0000] {logging_mixin.py:188} INFO - [2026-06-22T13:44:07.027+0000] {dagbag.py:538} INFO - Filling up the DagBag from /opt/airflow/dags/pipeline_inscription_etudiants.py
[2026-06-22T13:44:07.033+0000] {processor.py:840} INFO - DAG(s) 'pipeline_inscription_etudiants' retrieved from /opt/airflow/dags/pipeline_inscription_etudiants.py
[2026-06-22T13:44:07.048+0000] {logging_mixin.py:188} INFO - [2026-06-22T13:44:07.048+0000] {dag.py:3036} INFO - Sync 1 DAGs
[2026-06-22T13:44:07.055+0000] {logging_mixin.py:188} INFO - [2026-06-22T13:44:07.055+0000] {dag.py:3823} INFO - Setting next_dagrun for pipeline_inscription_etudiants to None, run_after=None
[2026-06-22T13:44:07.065+0000] {processor.py:183} INFO - Processing /opt/airflow/dags/pipeline_inscription_etudiants.py took 0.041 seconds
[2026-06-22T13:44:37.111+0000] {processor.py:161} INFO - Started process (PID=12741) to work on /opt/airflow/dags/pipeline_inscription_etudiants.py
[2026-06-22T13:44:37.112+0000] {processor.py:830} INFO - Processing file /opt/airflow/dags/pipeline_inscription_etudiants.py for tasks to queue
[2026-06-22T13:44:37.112+0000] {logging_mixin.py:188} INFO - [2026-06-22T13:44:37.112+0000] {dagbag.py:538} INFO - Filling up the DagBag from /opt/airflow/dags/pipeline_inscription_etudiants.py
[2026-06-22T13:44:37.119+0000] {processor.py:840} INFO - DAG(s) 'pipeline_inscription_etudiants' retrieved from /opt/airflow/dags/pipeline_inscription_etudiants.py
[2026-06-22T13:44:37.133+0000] {logging_mixin.py:188} INFO - [2026-06-22T13:44:37.133+0000] {dag.py:3036} INFO - Sync 1 DAGs
[2026-06-22T13:44:37.140+0000] {logging_mixin.py:188} INFO - [2026-06-22T13:44:37.140+0000] {dag.py:3823} INFO - Setting next_dagrun for pipeline_inscription_etudiants to None, run_after=None
[2026-06-22T13:44:37.150+0000] {processor.py:183} INFO - Processing /opt/airflow/dags/pipeline_inscription_etudiants.py took 0.041 seconds
[2026-06-22T13:45:07.225+0000] {processor.py:161} INFO - Started process (PID=13249) to work on /opt/airflow/dags/pipeline_inscription_etudiants.py
[2026-06-22T13:45:07.225+0000] {processor.py:830} INFO - Processing file /opt/airflow/dags/pipeline_inscription_etudiants.py for tasks to queue
[2026-06-22T13:45:07.226+0000] {logging_mixin.py:188} INFO - [2026-06-22T13:45:07.226+0000] {dagbag.py:538} INFO - Filling up the DagBag from /opt/airflow/dags/pipeline_inscription_etudiants.py
[2026-06-22T13:45:07.235+0000] {processor.py:840} INFO - DAG(s) 'pipeline_inscription_etudiants' retrieved from /opt/airflow/dags/pipeline_inscription_etudiants.py
[2026-06-22T13:45:07.251+0000] {logging_mixin.py:188} INFO - [2026-06-22T13:45:07.251+0000] {dag.py:3036} INFO - Sync 1 DAGs
[2026-06-22T13:45:07.258+0000] {logging_mixin.py:188} INFO - [2026-06-22T13:45:07.258+0000] {dag.py:3823} INFO - Setting next_dagrun for pipeline_inscription_etudiants to None, run_after=None
[2026-06-22T13:45:07.268+0000] {processor.py:183} INFO - Processing /opt/airflow/dags/pipeline_inscription_etudiants.py took 0.046 seconds
[2026-06-22T13:45:37.317+0000] {processor.py:161} INFO - Started process (PID=13686) to work on /opt/airflow/dags/pipeline_inscription_etudiants.py
[2026-06-22T13:45:37.318+0000] {processor.py:830} INFO - Processing file /opt/airflow/dags/pipeline_inscription_etudiants.py for tasks to queue
[2026-06-22T13:45:37.319+0000] {logging_mixin.py:188} INFO - [2026-06-22T13:45:37.319+0000] {dagbag.py:538} INFO - Filling up the DagBag from /opt/airflow/dags/pipeline_inscription_etudiants.py
[2026-06-22T13:45:37.327+0000] {processor.py:840} INFO - DAG(s) 'pipeline_inscription_etudiants' retrieved from /opt/airflow/dags/pipeline_inscription_etudiants.py
[2026-06-22T13:45:37.347+0000] {logging_mixin.py:188} INFO - [2026-06-22T13:45:37.347+0000] {dag.py:3036} INFO - Sync 1 DAGs
[2026-06-22T13:45:37.353+0000] {logging_mixin.py:188} INFO - [2026-06-22T13:45:37.353+0000] {dag.py:3823} INFO - Setting next_dagrun for pipeline_inscription_etudiants to None, run_after=None
[2026-06-22T13:45:37.364+0000] {processor.py:183} INFO - Processing /opt/airflow/dags/pipeline_inscription_etudiants.py took 0.049 seconds
[2026-06-22T13:46:07.426+0000] {processor.py:161} INFO - Started process (PID=14172) to work on /opt/airflow/dags/pipeline_inscription_etudiants.py
[2026-06-22T13:46:07.427+0000] {processor.py:830} INFO - Processing file /opt/airflow/dags/pipeline_inscription_etudiants.py for tasks to queue
[2026-06-22T13:46:07.427+0000] {logging_mixin.py:188} INFO - [2026-06-22T13:46:07.427+0000] {dagbag.py:538} INFO - Filling up the DagBag from /opt/airflow/dags/pipeline_inscription_etudiants.py
[2026-06-22T13:46:07.435+0000] {processor.py:840} INFO - DAG(s) 'pipeline_inscription_etudiants' retrieved from /opt/airflow/dags/pipeline_inscription_etudiants.py
[2026-06-22T13:46:07.455+0000] {logging_mixin.py:188} INFO - [2026-06-22T13:46:07.455+0000] {dag.py:3036} INFO - Sync 1 DAGs
[2026-06-22T13:46:07.462+0000] {logging_mixin.py:188} INFO - [2026-06-22T13:46:07.462+0000] {dag.py:3823} INFO - Setting next_dagrun for pipeline_inscription_etudiants to None, run_after=None
[2026-06-22T13:46:07.472+0000] {processor.py:183} INFO - Processing /opt/airflow/dags/pipeline_inscription_etudiants.py took 0.049 seconds
[2026-06-22T13:46:37.520+0000] {processor.py:161} INFO - Started process (PID=14638) to work on /opt/airflow/dags/pipeline_inscription_etudiants.py
[2026-06-22T13:46:37.520+0000] {processor.py:830} INFO - Processing file /opt/airflow/dags/pipeline_inscription_etudiants.py for tasks to queue
[2026-06-22T13:46:37.521+0000] {logging_mixin.py:188} INFO - [2026-06-22T13:46:37.521+0000] {dagbag.py:538} INFO - Filling up the DagBag from /opt/airflow/dags/pipeline_inscription_etudiants.py
[2026-06-22T13:46:37.528+0000] {processor.py:840} INFO - DAG(s) 'pipeline_inscription_etudiants' retrieved from /opt/airflow/dags/pipeline_inscription_etudiants.py
[2026-06-22T13:46:37.546+0000] {logging_mixin.py:188} INFO - [2026-06-22T13:46:37.546+0000] {dag.py:3036} INFO - Sync 1 DAGs
[2026-06-22T13:46:37.553+0000] {logging_mixin.py:188} INFO - [2026-06-22T13:46:37.553+0000] {dag.py:3823} INFO - Setting next_dagrun for pipeline_inscription_etudiants to None, run_after=None
[2026-06-22T13:46:37.563+0000] {processor.py:183} INFO - Processing /opt/airflow/dags/pipeline_inscription_etudiants.py took 0.044 seconds
[2026-06-22T13:47:07.609+0000] {processor.py:161} INFO - Started process (PID=15154) to work on /opt/airflow/dags/pipeline_inscription_etudiants.py
[2026-06-22T13:47:07.610+0000] {processor.py:830} INFO - Processing file /opt/airflow/dags/pipeline_inscription_etudiants.py for tasks to queue
[2026-06-22T13:47:07.610+0000] {logging_mixin.py:188} INFO - [2026-06-22T13:47:07.610+0000] {dagbag.py:538} INFO - Filling up the DagBag from /opt/airflow/dags/pipeline_inscription_etudiants.py
[2026-06-22T13:47:07.618+0000] {processor.py:840} INFO - DAG(s) 'pipeline_inscription_etudiants' retrieved from /opt/airflow/dags/pipeline_inscription_etudiants.py
[2026-06-22T13:47:07.635+0000] {logging_mixin.py:188} INFO - [2026-06-22T13:47:07.635+0000] {dag.py:3036} INFO - Sync 1 DAGs
[2026-06-22T13:47:07.642+0000] {logging_mixin.py:188} INFO - [2026-06-22T13:47:07.642+0000] {dag.py:3823} INFO - Setting next_dagrun for pipeline_inscription_etudiants to None, run_after=None
[2026-06-22T13:47:07.653+0000] {processor.py:183} INFO - Processing /opt/airflow/dags/pipeline_inscription_etudiants.py took 0.047 seconds
[2026-06-22T14:11:38.865+0000] {processor.py:161} INFO - Started process (PID=15376) to work on /opt/airflow/dags/pipeline_inscription_etudiants.py
[2026-06-22T14:11:38.867+0000] {processor.py:830} INFO - Processing file /opt/airflow/dags/pipeline_inscription_etudiants.py for tasks to queue
[2026-06-22T14:11:38.868+0000] {logging_mixin.py:188} INFO - [2026-06-22T14:11:38.868+0000] {dagbag.py:538} INFO - Filling up the DagBag from /opt/airflow/dags/pipeline_inscription_etudiants.py
[2026-06-22T14:11:38.880+0000] {processor.py:840} INFO - DAG(s) 'pipeline_inscription_etudiants' retrieved from /opt/airflow/dags/pipeline_inscription_etudiants.py
[2026-06-22T14:11:38.917+0000] {logging_mixin.py:188} INFO - [2026-06-22T14:11:38.917+0000] {dag.py:3036} INFO - Sync 1 DAGs
[2026-06-22T14:11:38.930+0000] {logging_mixin.py:188} INFO - [2026-06-22T14:11:38.930+0000] {dag.py:3823} INFO - Setting next_dagrun for pipeline_inscription_etudiants to None, run_after=None
[2026-06-22T14:11:38.951+0000] {processor.py:183} INFO - Processing /opt/airflow/dags/pipeline_inscription_etudiants.py took 0.090 seconds
[2026-06-22T14:12:09.469+0000] {processor.py:161} INFO - Started process (PID=15382) to work on /opt/airflow/dags/pipeline_inscription_etudiants.py
[2026-06-22T14:12:09.471+0000] {processor.py:830} INFO - Processing file /opt/airflow/dags/pipeline_inscription_etudiants.py for tasks to queue
[2026-06-22T14:12:09.472+0000] {logging_mixin.py:188} INFO - [2026-06-22T14:12:09.471+0000] {dagbag.py:538} INFO - Filling up the DagBag from /opt/airflow/dags/pipeline_inscription_etudiants.py
[2026-06-22T14:12:09.482+0000] {processor.py:840} INFO - DAG(s) 'pipeline_inscription_etudiants' retrieved from /opt/airflow/dags/pipeline_inscription_etudiants.py
[2026-06-22T14:12:09.500+0000] {logging_mixin.py:188} INFO - [2026-06-22T14:12:09.499+0000] {dag.py:3036} INFO - Sync 1 DAGs
[2026-06-22T14:12:09.507+0000] {logging_mixin.py:188} INFO - [2026-06-22T14:12:09.507+0000] {dag.py:3823} INFO - Setting next_dagrun for pipeline_inscription_etudiants to None, run_after=None
[2026-06-22T14:12:09.517+0000] {processor.py:183} INFO - Processing /opt/airflow/dags/pipeline_inscription_etudiants.py took 0.052 seconds
[2026-06-22T14:12:40.055+0000] {processor.py:161} INFO - Started process (PID=15386) to work on /opt/airflow/dags/pipeline_inscription_etudiants.py
[2026-06-22T14:12:40.057+0000] {processor.py:830} INFO - Processing file /opt/airflow/dags/pipeline_inscription_etudiants.py for tasks to queue
[2026-06-22T14:12:40.058+0000] {logging_mixin.py:188} INFO - [2026-06-22T14:12:40.057+0000] {dagbag.py:538} INFO - Filling up the DagBag from /opt/airflow/dags/pipeline_inscription_etudiants.py
[2026-06-22T14:12:40.069+0000] {processor.py:840} INFO - DAG(s) 'pipeline_inscription_etudiants' retrieved from /opt/airflow/dags/pipeline_inscription_etudiants.py
[2026-06-22T14:12:40.087+0000] {logging_mixin.py:188} INFO - [2026-06-22T14:12:40.087+0000] {dag.py:3036} INFO - Sync 1 DAGs
[2026-06-22T14:12:40.093+0000] {logging_mixin.py:188} INFO - [2026-06-22T14:12:40.093+0000] {dag.py:3823} INFO - Setting next_dagrun for pipeline_inscription_etudiants to None, run_after=None
[2026-06-22T14:12:40.105+0000] {processor.py:183} INFO - Processing /opt/airflow/dags/pipeline_inscription_etudiants.py took 0.053 seconds
[2026-06-22T14:13:10.667+0000] {processor.py:161} INFO - Started process (PID=15390) to work on /opt/airflow/dags/pipeline_inscription_etudiants.py
[2026-06-22T14:13:10.668+0000] {processor.py:830} INFO - Processing file /opt/airflow/dags/pipeline_inscription_etudiants.py for tasks to queue
[2026-06-22T14:13:10.669+0000] {logging_mixin.py:188} INFO - [2026-06-22T14:13:10.669+0000] {dagbag.py:538} INFO - Filling up the DagBag from /opt/airflow/dags/pipeline_inscription_etudiants.py
[2026-06-22T14:13:10.680+0000] {processor.py:840} INFO - DAG(s) 'pipeline_inscription_etudiants' retrieved from /opt/airflow/dags/pipeline_inscription_etudiants.py
[2026-06-22T14:13:10.703+0000] {logging_mixin.py:188} INFO - [2026-06-22T14:13:10.703+0000] {dag.py:3036} INFO - Sync 1 DAGs
[2026-06-22T14:13:10.711+0000] {logging_mixin.py:188} INFO - [2026-06-22T14:13:10.710+0000] {dag.py:3823} INFO - Setting next_dagrun for pipeline_inscription_etudiants to None, run_after=None
[2026-06-22T14:13:10.722+0000] {processor.py:183} INFO - Processing /opt/airflow/dags/pipeline_inscription_etudiants.py took 0.057 seconds
[2026-06-22T14:13:41.246+0000] {processor.py:161} INFO - Started process (PID=15394) to work on /opt/airflow/dags/pipeline_inscription_etudiants.py
[2026-06-22T14:13:41.247+0000] {processor.py:830} INFO - Processing file /opt/airflow/dags/pipeline_inscription_etudiants.py for tasks to queue
[2026-06-22T14:13:41.248+0000] {logging_mixin.py:188} INFO - [2026-06-22T14:13:41.248+0000] {dagbag.py:538} INFO - Filling up the DagBag from /opt/airflow/dags/pipeline_inscription_etudiants.py
[2026-06-22T14:13:41.257+0000] {processor.py:840} INFO - DAG(s) 'pipeline_inscription_etudiants' retrieved from /opt/airflow/dags/pipeline_inscription_etudiants.py
[2026-06-22T14:13:41.273+0000] {logging_mixin.py:188} INFO - [2026-06-22T14:13:41.273+0000] {dag.py:3036} INFO - Sync 1 DAGs
[2026-06-22T14:13:41.279+0000] {logging_mixin.py:188} INFO - [2026-06-22T14:13:41.279+0000] {dag.py:3823} INFO - Setting next_dagrun for pipeline_inscription_etudiants to None, run_after=None
[2026-06-22T14:13:41.288+0000] {processor.py:183} INFO - Processing /opt/airflow/dags/pipeline_inscription_etudiants.py took 0.045 seconds
[2026-06-22T14:14:11.756+0000] {processor.py:161} INFO - Started process (PID=15398) to work on /opt/airflow/dags/pipeline_inscription_etudiants.py
[2026-06-22T14:14:11.756+0000] {processor.py:830} INFO - Processing file /opt/airflow/dags/pipeline_inscription_etudiants.py for tasks to queue
[2026-06-22T14:14:11.757+0000] {logging_mixin.py:188} INFO - [2026-06-22T14:14:11.757+0000] {dagbag.py:538} INFO - Filling up the DagBag from /opt/airflow/dags/pipeline_inscription_etudiants.py
[2026-06-22T14:14:11.766+0000] {processor.py:840} INFO - DAG(s) 'pipeline_inscription_etudiants' retrieved from /opt/airflow/dags/pipeline_inscription_etudiants.py
[2026-06-22T14:14:11.783+0000] {logging_mixin.py:188} INFO - [2026-06-22T14:14:11.782+0000] {dag.py:3036} INFO - Sync 1 DAGs
[2026-06-22T14:14:11.791+0000] {logging_mixin.py:188} INFO - [2026-06-22T14:14:11.791+0000] {dag.py:3823} INFO - Setting next_dagrun for pipeline_inscription_etudiants to None, run_after=None
[2026-06-22T14:14:11.802+0000] {processor.py:183} INFO - Processing /opt/airflow/dags/pipeline_inscription_etudiants.py took 0.048 seconds
[2026-06-22T14:14:42.208+0000] {processor.py:161} INFO - Started process (PID=15402) to work on /opt/airflow/dags/pipeline_inscription_etudiants.py
[2026-06-22T14:14:42.210+0000] {processor.py:830} INFO - Processing file /opt/airflow/dags/pipeline_inscription_etudiants.py for tasks to queue
[2026-06-22T14:14:42.210+0000] {logging_mixin.py:188} INFO - [2026-06-22T14:14:42.210+0000] {dagbag.py:538} INFO - Filling up the DagBag from /opt/airflow/dags/pipeline_inscription_etudiants.py
[2026-06-22T14:14:42.219+0000] {processor.py:840} INFO - DAG(s) 'pipeline_inscription_etudiants' retrieved from /opt/airflow/dags/pipeline_inscription_etudiants.py
[2026-06-22T14:14:42.236+0000] {logging_mixin.py:188} INFO - [2026-06-22T14:14:42.236+0000] {dag.py:3036} INFO - Sync 1 DAGs
[2026-06-22T14:14:42.243+0000] {logging_mixin.py:188} INFO - [2026-06-22T14:14:42.243+0000] {dag.py:3823} INFO - Setting next_dagrun for pipeline_inscription_etudiants to None, run_after=None
[2026-06-22T14:14:42.255+0000] {processor.py:183} INFO - Processing /opt/airflow/dags/pipeline_inscription_etudiants.py took 0.049 seconds
[2026-06-22T14:15:12.649+0000] {processor.py:161} INFO - Started process (PID=15406) to work on /opt/airflow/dags/pipeline_inscription_etudiants.py
[2026-06-22T14:15:12.650+0000] {processor.py:830} INFO - Processing file /opt/airflow/dags/pipeline_inscription_etudiants.py for tasks to queue
[2026-06-22T14:15:12.651+0000] {logging_mixin.py:188} INFO - [2026-06-22T14:15:12.651+0000] {dagbag.py:538} INFO - Filling up the DagBag from /opt/airflow/dags/pipeline_inscription_etudiants.py
[2026-06-22T14:15:12.660+0000] {processor.py:840} INFO - DAG(s) 'pipeline_inscription_etudiants' retrieved from /opt/airflow/dags/pipeline_inscription_etudiants.py
[2026-06-22T14:15:12.675+0000] {logging_mixin.py:188} INFO - [2026-06-22T14:15:12.675+0000] {dag.py:3036} INFO - Sync 1 DAGs
[2026-06-22T14:15:12.682+0000] {logging_mixin.py:188} INFO - [2026-06-22T14:15:12.681+0000] {dag.py:3823} INFO - Setting next_dagrun for pipeline_inscription_etudiants to None, run_after=None
[2026-06-22T14:15:12.694+0000] {processor.py:183} INFO - Processing /opt/airflow/dags/pipeline_inscription_etudiants.py took 0.046 seconds
[2026-06-22T14:15:43.116+0000] {processor.py:161} INFO - Started process (PID=15410) to work on /opt/airflow/dags/pipeline_inscription_etudiants.py
[2026-06-22T14:15:43.117+0000] {processor.py:830} INFO - Processing file /opt/airflow/dags/pipeline_inscription_etudiants.py for tasks to queue
[2026-06-22T14:15:43.119+0000] {logging_mixin.py:188} INFO - [2026-06-22T14:15:43.119+0000] {dagbag.py:538} INFO - Filling up the DagBag from /opt/airflow/dags/pipeline_inscription_etudiants.py
[2026-06-22T14:15:43.127+0000] {processor.py:840} INFO - DAG(s) 'pipeline_inscription_etudiants' retrieved from /opt/airflow/dags/pipeline_inscription_etudiants.py
[2026-06-22T14:15:43.144+0000] {logging_mixin.py:188} INFO - [2026-06-22T14:15:43.144+0000] {dag.py:3036} INFO - Sync 1 DAGs
[2026-06-22T14:15:43.152+0000] {logging_mixin.py:188} INFO - [2026-06-22T14:15:43.151+0000] {dag.py:3823} INFO - Setting next_dagrun for pipeline_inscription_etudiants to None, run_after=None
[2026-06-22T14:15:43.163+0000] {processor.py:183} INFO - Processing /opt/airflow/dags/pipeline_inscription_etudiants.py took 0.049 seconds
[2026-06-22T14:16:13.550+0000] {processor.py:161} INFO - Started process (PID=15414) to work on /opt/airflow/dags/pipeline_inscription_etudiants.py
[2026-06-22T14:16:13.551+0000] {processor.py:830} INFO - Processing file /opt/airflow/dags/pipeline_inscription_etudiants.py for tasks to queue
[2026-06-22T14:16:13.552+0000] {logging_mixin.py:188} INFO - [2026-06-22T14:16:13.551+0000] {dagbag.py:538} INFO - Filling up the DagBag from /opt/airflow/dags/pipeline_inscription_etudiants.py
[2026-06-22T14:16:13.560+0000] {processor.py:840} INFO - DAG(s) 'pipeline_inscription_etudiants' retrieved from /opt/airflow/dags/pipeline_inscription_etudiants.py
[2026-06-22T14:16:13.576+0000] {logging_mixin.py:188} INFO - [2026-06-22T14:16:13.576+0000] {dag.py:3036} INFO - Sync 1 DAGs
[2026-06-22T14:16:13.582+0000] {logging_mixin.py:188} INFO - [2026-06-22T14:16:13.582+0000] {dag.py:3823} INFO - Setting next_dagrun for pipeline_inscription_etudiants to None, run_after=None
[2026-06-22T14:16:13.597+0000] {processor.py:183} INFO - Processing /opt/airflow/dags/pipeline_inscription_etudiants.py took 0.049 seconds
[2026-06-22T14:16:44.008+0000] {processor.py:161} INFO - Started process (PID=15418) to work on /opt/airflow/dags/pipeline_inscription_etudiants.py
[2026-06-22T14:16:44.009+0000] {processor.py:830} INFO - Processing file /opt/airflow/dags/pipeline_inscription_etudiants.py for tasks to queue
[2026-06-22T14:16:44.009+0000] {logging_mixin.py:188} INFO - [2026-06-22T14:16:44.009+0000] {dagbag.py:538} INFO - Filling up the DagBag from /opt/airflow/dags/pipeline_inscription_etudiants.py
[2026-06-22T14:16:44.017+0000] {processor.py:840} INFO - DAG(s) 'pipeline_inscription_etudiants' retrieved from /opt/airflow/dags/pipeline_inscription_etudiants.py
[2026-06-22T14:16:44.035+0000] {logging_mixin.py:188} INFO - [2026-06-22T14:16:44.034+0000] {dag.py:3036} INFO - Sync 1 DAGs
[2026-06-22T14:16:44.041+0000] {logging_mixin.py:188} INFO - [2026-06-22T14:16:44.041+0000] {dag.py:3823} INFO - Setting next_dagrun for pipeline_inscription_etudiants to None, run_after=None
[2026-06-22T14:16:44.052+0000] {processor.py:183} INFO - Processing /opt/airflow/dags/pipeline_inscription_etudiants.py took 0.047 seconds
[2026-06-22T14:17:14.433+0000] {processor.py:161} INFO - Started process (PID=15422) to work on /opt/airflow/dags/pipeline_inscription_etudiants.py
[2026-06-22T14:17:14.434+0000] {processor.py:830} INFO - Processing file /opt/airflow/dags/pipeline_inscription_etudiants.py for tasks to queue
[2026-06-22T14:17:14.435+0000] {logging_mixin.py:188} INFO - [2026-06-22T14:17:14.434+0000] {dagbag.py:538} INFO - Filling up the DagBag from /opt/airflow/dags/pipeline_inscription_etudiants.py
[2026-06-22T14:17:14.443+0000] {processor.py:840} INFO - DAG(s) 'pipeline_inscription_etudiants' retrieved from /opt/airflow/dags/pipeline_inscription_etudiants.py
[2026-06-22T14:17:14.460+0000] {logging_mixin.py:188} INFO - [2026-06-22T14:17:14.459+0000] {dag.py:3036} INFO - Sync 1 DAGs
[2026-06-22T14:17:14.466+0000] {logging_mixin.py:188} INFO - [2026-06-22T14:17:14.466+0000] {dag.py:3823} INFO - Setting next_dagrun for pipeline_inscription_etudiants to None, run_after=None
[2026-06-22T14:17:14.477+0000] {processor.py:183} INFO - Processing /opt/airflow/dags/pipeline_inscription_etudiants.py took 0.046 seconds
[2026-06-22T14:17:44.873+0000] {processor.py:161} INFO - Started process (PID=15426) to work on /opt/airflow/dags/pipeline_inscription_etudiants.py
[2026-06-22T14:17:44.874+0000] {processor.py:830} INFO - Processing file /opt/airflow/dags/pipeline_inscription_etudiants.py for tasks to queue
[2026-06-22T14:17:44.874+0000] {logging_mixin.py:188} INFO - [2026-06-22T14:17:44.874+0000] {dagbag.py:538} INFO - Filling up the DagBag from /opt/airflow/dags/pipeline_inscription_etudiants.py
[2026-06-22T14:17:44.884+0000] {processor.py:840} INFO - DAG(s) 'pipeline_inscription_etudiants' retrieved from /opt/airflow/dags/pipeline_inscription_etudiants.py
[2026-06-22T14:17:44.899+0000] {logging_mixin.py:188} INFO - [2026-06-22T14:17:44.899+0000] {dag.py:3036} INFO - Sync 1 DAGs
[2026-06-22T14:17:44.906+0000] {logging_mixin.py:188} INFO - [2026-06-22T14:17:44.906+0000] {dag.py:3823} INFO - Setting next_dagrun for pipeline_inscription_etudiants to None, run_after=None
[2026-06-22T14:17:44.917+0000] {processor.py:183} INFO - Processing /opt/airflow/dags/pipeline_inscription_etudiants.py took 0.047 seconds
[2026-06-22T14:18:15.358+0000] {processor.py:161} INFO - Started process (PID=15430) to work on /opt/airflow/dags/pipeline_inscription_etudiants.py
[2026-06-22T14:18:15.359+0000] {processor.py:830} INFO - Processing file /opt/airflow/dags/pipeline_inscription_etudiants.py for tasks to queue
[2026-06-22T14:18:15.360+0000] {logging_mixin.py:188} INFO - [2026-06-22T14:18:15.360+0000] {dagbag.py:538} INFO - Filling up the DagBag from /opt/airflow/dags/pipeline_inscription_etudiants.py
[2026-06-22T14:18:15.370+0000] {processor.py:840} INFO - DAG(s) 'pipeline_inscription_etudiants' retrieved from /opt/airflow/dags/pipeline_inscription_etudiants.py
[2026-06-22T14:18:15.392+0000] {logging_mixin.py:188} INFO - [2026-06-22T14:18:15.392+0000] {dag.py:3036} INFO - Sync 1 DAGs
[2026-06-22T14:18:15.400+0000] {logging_mixin.py:188} INFO - [2026-06-22T14:18:15.400+0000] {dag.py:3823} INFO - Setting next_dagrun for pipeline_inscription_etudiants to None, run_after=None
[2026-06-22T14:18:15.411+0000] {processor.py:183} INFO - Processing /opt/airflow/dags/pipeline_inscription_etudiants.py took 0.055 seconds
