[2026-06-22T13:12:20.798+0000] {manager.py:469} INFO - Processing files using up to 2 processes at a time 
[2026-06-22T13:12:20.800+0000] {manager.py:470} INFO - Process each file at most once every 30 seconds
[2026-06-22T13:12:20.801+0000] {manager.py:471} INFO - Checking for new files in /opt/airflow/dags every 300 seconds
[2026-06-22T13:12:20.803+0000] {manager.py:738} INFO - Searching for files in /opt/airflow/dags
[2026-06-22T13:12:20.805+0000] {manager.py:741} INFO - There are 0 files in /opt/airflow/dags
[2026-06-22T13:17:21.498+0000] {manager.py:738} INFO - Searching for files in /opt/airflow/dags
[2026-06-22T13:17:21.514+0000] {manager.py:741} INFO - There are 4 files in /opt/airflow/dags
[2026-06-22T13:17:23.857+0000] {manager.py:879} INFO - 
================================================================================
DAG File Processing Stats

File Path                                            PID    Runtime      # DAGs    # Errors  Last Runtime    Last Run
---------------------------------------------------  -----  ---------  --------  ----------  --------------  -------------------
/opt/airflow/dags/pipeline_inscription_etudiants.py                           1           0  0.17s           2026-06-22T13:17:21
/opt/airflow/dags/mon_premier_dag.py                                          1           0  0.13s           2026-06-22T13:17:21
/opt/airflow/dags/pipeline_big_data_python.py                                 1           0  0.11s           2026-06-22T13:17:21
/opt/airflow/dags/pipeline_big_data_parallele.py                              1           0  0.17s           2026-06-22T13:17:21
================================================================================
[2026-06-22T13:17:54.317+0000] {manager.py:879} INFO - 
================================================================================
DAG File Processing Stats

File Path                                            PID    Runtime      # DAGs    # Errors  Last Runtime    Last Run
---------------------------------------------------  -----  ---------  --------  ----------  --------------  -------------------
/opt/airflow/dags/pipeline_inscription_etudiants.py                           1           0  0.06s           2026-06-22T13:17:52
/opt/airflow/dags/mon_premier_dag.py                                          1           0  0.06s           2026-06-22T13:17:52
/opt/airflow/dags/pipeline_big_data_python.py                                 1           0  0.06s           2026-06-22T13:17:52
/opt/airflow/dags/pipeline_big_data_parallele.py                              1           0  0.06s           2026-06-22T13:17:52
================================================================================
[2026-06-22T13:18:24.880+0000] {manager.py:879} INFO - 
================================================================================
DAG File Processing Stats

File Path                                            PID    Runtime      # DAGs    # Errors  Last Runtime    Last Run
---------------------------------------------------  -----  ---------  --------  ----------  --------------  -------------------
/opt/airflow/dags/pipeline_inscription_etudiants.py                           1           0  0.08s           2026-06-22T13:18:22
/opt/airflow/dags/mon_premier_dag.py                                          1           0  0.04s           2026-06-22T13:18:22
/opt/airflow/dags/pipeline_big_data_python.py                                 1           0  0.05s           2026-06-22T13:18:22
/opt/airflow/dags/pipeline_big_data_parallele.py                              1           0  0.07s           2026-06-22T13:18:22
================================================================================
[2026-06-22T13:18:55.394+0000] {manager.py:879} INFO - 
================================================================================
DAG File Processing Stats

File Path                                            PID    Runtime      # DAGs    # Errors  Last Runtime    Last Run
---------------------------------------------------  -----  ---------  --------  ----------  --------------  -------------------
/opt/airflow/dags/pipeline_inscription_etudiants.py                           1           0  0.08s           2026-06-22T13:18:53
/opt/airflow/dags/mon_premier_dag.py                                          1           0  0.04s           2026-06-22T13:18:53
/opt/airflow/dags/pipeline_big_data_python.py                                 1           0  0.05s           2026-06-22T13:18:53
/opt/airflow/dags/pipeline_big_data_parallele.py                              1           0  0.07s           2026-06-22T13:18:53
================================================================================
[2026-06-22T13:19:25.899+0000] {manager.py:879} INFO - 
================================================================================
DAG File Processing Stats

File Path                                            PID    Runtime      # DAGs    # Errors  Last Runtime    Last Run
---------------------------------------------------  -----  ---------  --------  ----------  --------------  -------------------
/opt/airflow/dags/pipeline_inscription_etudiants.py                           1           0  0.09s           2026-06-22T13:19:23
/opt/airflow/dags/mon_premier_dag.py                                          1           0  0.04s           2026-06-22T13:19:23
/opt/airflow/dags/pipeline_big_data_python.py                                 1           0  0.06s           2026-06-22T13:19:23
/opt/airflow/dags/pipeline_big_data_parallele.py                              1           0  0.07s           2026-06-22T13:19:23
================================================================================
[2026-06-22T13:19:56.340+0000] {manager.py:879} INFO - 
================================================================================
DAG File Processing Stats

File Path                                            PID    Runtime      # DAGs    # Errors  Last Runtime    Last Run
---------------------------------------------------  -----  ---------  --------  ----------  --------------  -------------------
/opt/airflow/dags/pipeline_inscription_etudiants.py                           1           0  0.08s           2026-06-22T13:19:54
/opt/airflow/dags/mon_premier_dag.py                                          1           0  0.04s           2026-06-22T13:19:54
/opt/airflow/dags/pipeline_big_data_python.py                                 1           0  0.05s           2026-06-22T13:19:54
/opt/airflow/dags/pipeline_big_data_parallele.py                              1           0  0.07s           2026-06-22T13:19:54
================================================================================
[2026-06-22T13:20:26.797+0000] {manager.py:879} INFO - 
================================================================================
DAG File Processing Stats

File Path                                            PID    Runtime      # DAGs    # Errors  Last Runtime    Last Run
---------------------------------------------------  -----  ---------  --------  ----------  --------------  -------------------
/opt/airflow/dags/pipeline_inscription_etudiants.py                           1           0  0.08s           2026-06-22T13:20:24
/opt/airflow/dags/mon_premier_dag.py                                          1           0  0.05s           2026-06-22T13:20:24
/opt/airflow/dags/pipeline_big_data_python.py                                 1           0  0.06s           2026-06-22T13:20:24
/opt/airflow/dags/pipeline_big_data_parallele.py                              1           0  0.07s           2026-06-22T13:20:24
================================================================================
[2026-06-22T13:20:57.129+0000] {manager.py:879} INFO - 
================================================================================
DAG File Processing Stats

File Path                                            PID    Runtime      # DAGs    # Errors  Last Runtime    Last Run
---------------------------------------------------  -----  ---------  --------  ----------  --------------  -------------------
/opt/airflow/dags/pipeline_inscription_etudiants.py                           1           0  0.08s           2026-06-22T13:20:55
/opt/airflow/dags/mon_premier_dag.py                                          1           0  0.05s           2026-06-22T13:20:55
/opt/airflow/dags/pipeline_big_data_python.py                                 1           0  0.06s           2026-06-22T13:20:55
/opt/airflow/dags/pipeline_big_data_parallele.py                              1           0  0.07s           2026-06-22T13:20:55
================================================================================
[2026-06-22T13:21:27.729+0000] {manager.py:879} INFO - 
================================================================================
DAG File Processing Stats

File Path                                            PID    Runtime      # DAGs    # Errors  Last Runtime    Last Run
---------------------------------------------------  -----  ---------  --------  ----------  --------------  -------------------
/opt/airflow/dags/pipeline_inscription_etudiants.py                           1           0  0.08s           2026-06-22T13:21:25
/opt/airflow/dags/mon_premier_dag.py                                          1           0  0.05s           2026-06-22T13:21:25
/opt/airflow/dags/pipeline_big_data_python.py                                 1           0  0.05s           2026-06-22T13:21:25
/opt/airflow/dags/pipeline_big_data_parallele.py                              1           0  0.07s           2026-06-22T13:21:25
================================================================================
[2026-06-22T13:21:58.403+0000] {manager.py:879} INFO - 
================================================================================
DAG File Processing Stats

File Path                                            PID    Runtime      # DAGs    # Errors  Last Runtime    Last Run
---------------------------------------------------  -----  ---------  --------  ----------  --------------  -------------------
/opt/airflow/dags/pipeline_inscription_etudiants.py                           1           0  0.07s           2026-06-22T13:21:56
/opt/airflow/dags/mon_premier_dag.py                                          1           0  0.04s           2026-06-22T13:21:56
/opt/airflow/dags/pipeline_big_data_python.py                                 1           0  0.05s           2026-06-22T13:21:56
/opt/airflow/dags/pipeline_big_data_parallele.py                              1           0  0.07s           2026-06-22T13:21:56
================================================================================
[2026-06-22T13:22:21.639+0000] {manager.py:738} INFO - Searching for files in /opt/airflow/dags
[2026-06-22T13:22:21.645+0000] {manager.py:741} INFO - There are 4 files in /opt/airflow/dags
[2026-06-22T13:22:28.818+0000] {manager.py:879} INFO - 
================================================================================
DAG File Processing Stats

File Path                                            PID    Runtime      # DAGs    # Errors  Last Runtime    Last Run
---------------------------------------------------  -----  ---------  --------  ----------  --------------  -------------------
/opt/airflow/dags/pipeline_inscription_etudiants.py                           1           0  0.07s           2026-06-22T13:22:26
/opt/airflow/dags/mon_premier_dag.py                                          1           0  0.05s           2026-06-22T13:22:26
/opt/airflow/dags/pipeline_big_data_python.py                                 1           0  0.06s           2026-06-22T13:22:26
/opt/airflow/dags/pipeline_big_data_parallele.py                              1           0  0.06s           2026-06-22T13:22:26
================================================================================
[2026-06-22T13:22:59.125+0000] {manager.py:879} INFO - 
================================================================================
DAG File Processing Stats

File Path                                            PID    Runtime      # DAGs    # Errors  Last Runtime    Last Run
---------------------------------------------------  -----  ---------  --------  ----------  --------------  -------------------
/opt/airflow/dags/pipeline_inscription_etudiants.py                           1           0  0.09s           2026-06-22T13:22:57
/opt/airflow/dags/mon_premier_dag.py                                          1           0  0.05s           2026-06-22T13:22:57
/opt/airflow/dags/pipeline_big_data_python.py                                 1           0  0.06s           2026-06-22T13:22:57
/opt/airflow/dags/pipeline_big_data_parallele.py                              1           0  0.07s           2026-06-22T13:22:57
================================================================================
[2026-06-22T13:23:29.598+0000] {manager.py:879} INFO - 
================================================================================
DAG File Processing Stats

File Path                                            PID    Runtime      # DAGs    # Errors  Last Runtime    Last Run
---------------------------------------------------  -----  ---------  --------  ----------  --------------  -------------------
/opt/airflow/dags/pipeline_inscription_etudiants.py                           1           0  0.08s           2026-06-22T13:23:27
/opt/airflow/dags/mon_premier_dag.py                                          1           0  0.05s           2026-06-22T13:23:27
/opt/airflow/dags/pipeline_big_data_python.py                                 1           0  0.06s           2026-06-22T13:23:27
/opt/airflow/dags/pipeline_big_data_parallele.py                              1           0  0.07s           2026-06-22T13:23:27
================================================================================
[2026-06-22T13:24:00.050+0000] {manager.py:879} INFO - 
================================================================================
DAG File Processing Stats

File Path                                            PID    Runtime      # DAGs    # Errors  Last Runtime    Last Run
---------------------------------------------------  -----  ---------  --------  ----------  --------------  -------------------
/opt/airflow/dags/pipeline_inscription_etudiants.py                           1           0  0.08s           2026-06-22T13:23:57
/opt/airflow/dags/mon_premier_dag.py                                          1           0  0.05s           2026-06-22T13:23:58
/opt/airflow/dags/pipeline_big_data_python.py                                 1           0  0.06s           2026-06-22T13:23:58
/opt/airflow/dags/pipeline_big_data_parallele.py                              1           0  0.07s           2026-06-22T13:23:57
================================================================================
[2026-06-22T13:24:30.528+0000] {manager.py:879} INFO - 
================================================================================
DAG File Processing Stats

File Path                                            PID    Runtime      # DAGs    # Errors  Last Runtime    Last Run
---------------------------------------------------  -----  ---------  --------  ----------  --------------  -------------------
/opt/airflow/dags/pipeline_inscription_etudiants.py                           1           0  0.08s           2026-06-22T13:24:28
/opt/airflow/dags/mon_premier_dag.py                                          1           0  0.05s           2026-06-22T13:24:28
/opt/airflow/dags/pipeline_big_data_python.py                                 1           0  0.06s           2026-06-22T13:24:28
/opt/airflow/dags/pipeline_big_data_parallele.py                              1           0  0.07s           2026-06-22T13:24:28
================================================================================
[2026-06-22T13:25:00.988+0000] {manager.py:879} INFO - 
================================================================================
DAG File Processing Stats

File Path                                            PID    Runtime      # DAGs    # Errors  Last Runtime    Last Run
---------------------------------------------------  -----  ---------  --------  ----------  --------------  -------------------
/opt/airflow/dags/pipeline_inscription_etudiants.py                           1           0  0.07s           2026-06-22T13:24:58
/opt/airflow/dags/mon_premier_dag.py                                          1           0  0.05s           2026-06-22T13:24:59
/opt/airflow/dags/pipeline_big_data_python.py                                 1           0  0.06s           2026-06-22T13:24:59
/opt/airflow/dags/pipeline_big_data_parallele.py                              1           0  0.07s           2026-06-22T13:24:58
================================================================================
[2026-06-22T13:25:31.439+0000] {manager.py:879} INFO - 
================================================================================
DAG File Processing Stats

File Path                                            PID    Runtime      # DAGs    # Errors  Last Runtime    Last Run
---------------------------------------------------  -----  ---------  --------  ----------  --------------  -------------------
/opt/airflow/dags/pipeline_inscription_etudiants.py                           1           0  0.06s           2026-06-22T13:25:29
/opt/airflow/dags/mon_premier_dag.py                                          1           0  0.06s           2026-06-22T13:25:29
/opt/airflow/dags/pipeline_big_data_python.py                                 1           0  0.07s           2026-06-22T13:25:29
/opt/airflow/dags/pipeline_big_data_parallele.py                              1           0  0.06s           2026-06-22T13:25:29
================================================================================
[2026-06-22T13:26:01.863+0000] {manager.py:879} INFO - 
================================================================================
DAG File Processing Stats

File Path                                            PID    Runtime      # DAGs    # Errors  Last Runtime    Last Run
---------------------------------------------------  -----  ---------  --------  ----------  --------------  -------------------
/opt/airflow/dags/pipeline_inscription_etudiants.py                           1           0  0.07s           2026-06-22T13:25:59
/opt/airflow/dags/mon_premier_dag.py                                          1           0  0.05s           2026-06-22T13:25:59
/opt/airflow/dags/pipeline_big_data_python.py                                 1           0  0.06s           2026-06-22T13:25:59
/opt/airflow/dags/pipeline_big_data_parallele.py                              1           0  0.07s           2026-06-22T13:25:59
================================================================================
[2026-06-22T13:26:32.351+0000] {manager.py:879} INFO - 
================================================================================
DAG File Processing Stats

File Path                                            PID    Runtime      # DAGs    # Errors  Last Runtime    Last Run
---------------------------------------------------  -----  ---------  --------  ----------  --------------  -------------------
/opt/airflow/dags/pipeline_inscription_etudiants.py                           1           0  0.08s           2026-06-22T13:26:30
/opt/airflow/dags/mon_premier_dag.py                                          1           0  0.05s           2026-06-22T13:26:30
/opt/airflow/dags/pipeline_big_data_python.py                                 1           0  0.05s           2026-06-22T13:26:30
/opt/airflow/dags/pipeline_big_data_parallele.py                              1           0  0.07s           2026-06-22T13:26:30
================================================================================
[2026-06-22T13:27:02.849+0000] {manager.py:879} INFO - 
================================================================================
DAG File Processing Stats

File Path                                            PID    Runtime      # DAGs    # Errors  Last Runtime    Last Run
---------------------------------------------------  -----  ---------  --------  ----------  --------------  -------------------
/opt/airflow/dags/pipeline_inscription_etudiants.py                           1           0  0.10s           2026-06-22T13:27:00
/opt/airflow/dags/mon_premier_dag.py                                          1           0  0.05s           2026-06-22T13:27:00
/opt/airflow/dags/pipeline_big_data_python.py                                 1           0  0.06s           2026-06-22T13:27:00
/opt/airflow/dags/pipeline_big_data_parallele.py                              1           0  0.09s           2026-06-22T13:27:00
================================================================================
[2026-06-22T13:27:22.078+0000] {manager.py:738} INFO - Searching for files in /opt/airflow/dags
[2026-06-22T13:27:22.095+0000] {manager.py:741} INFO - There are 4 files in /opt/airflow/dags
[2026-06-22T13:27:33.383+0000] {manager.py:879} INFO - 
================================================================================
DAG File Processing Stats

File Path                                            PID    Runtime      # DAGs    # Errors  Last Runtime    Last Run
---------------------------------------------------  -----  ---------  --------  ----------  --------------  -------------------
/opt/airflow/dags/pipeline_inscription_etudiants.py                           1           0  0.09s           2026-06-22T13:27:31
/opt/airflow/dags/mon_premier_dag.py                                          1           0  0.05s           2026-06-22T13:27:31
/opt/airflow/dags/pipeline_big_data_python.py                                 1           0  0.06s           2026-06-22T13:27:31
/opt/airflow/dags/pipeline_big_data_parallele.py                              1           0  0.08s           2026-06-22T13:27:31
================================================================================
[2026-06-22T13:28:03.849+0000] {manager.py:879} INFO - 
================================================================================
DAG File Processing Stats

File Path                                            PID    Runtime      # DAGs    # Errors  Last Runtime    Last Run
---------------------------------------------------  -----  ---------  --------  ----------  --------------  -------------------
/opt/airflow/dags/pipeline_inscription_etudiants.py                           1           0  0.08s           2026-06-22T13:28:01
/opt/airflow/dags/mon_premier_dag.py                                          1           0  0.05s           2026-06-22T13:28:01
/opt/airflow/dags/pipeline_big_data_python.py                                 1           0  0.06s           2026-06-22T13:28:01
/opt/airflow/dags/pipeline_big_data_parallele.py                              1           0  0.07s           2026-06-22T13:28:01
================================================================================
[2026-06-22T13:28:34.376+0000] {manager.py:879} INFO - 
================================================================================
DAG File Processing Stats

File Path                                            PID    Runtime      # DAGs    # Errors  Last Runtime    Last Run
---------------------------------------------------  -----  ---------  --------  ----------  --------------  -------------------
/opt/airflow/dags/pipeline_inscription_etudiants.py                           1           0  0.08s           2026-06-22T13:28:32
/opt/airflow/dags/mon_premier_dag.py                                          1           0  0.05s           2026-06-22T13:28:32
/opt/airflow/dags/pipeline_big_data_python.py                                 1           0  0.06s           2026-06-22T13:28:32
/opt/airflow/dags/pipeline_big_data_parallele.py                              1           0  0.07s           2026-06-22T13:28:32
================================================================================
[2026-06-22T13:29:04.814+0000] {manager.py:879} INFO - 
================================================================================
DAG File Processing Stats

File Path                                            PID    Runtime      # DAGs    # Errors  Last Runtime    Last Run
---------------------------------------------------  -----  ---------  --------  ----------  --------------  -------------------
/opt/airflow/dags/pipeline_inscription_etudiants.py                           1           0  0.08s           2026-06-22T13:29:02
/opt/airflow/dags/mon_premier_dag.py                                          1           0  0.05s           2026-06-22T13:29:02
/opt/airflow/dags/pipeline_big_data_python.py                                 1           0  0.06s           2026-06-22T13:29:02
/opt/airflow/dags/pipeline_big_data_parallele.py                              1           0  0.08s           2026-06-22T13:29:02
================================================================================
[2026-06-22T13:29:35.301+0000] {manager.py:879} INFO - 
================================================================================
DAG File Processing Stats

File Path                                            PID    Runtime      # DAGs    # Errors  Last Runtime    Last Run
---------------------------------------------------  -----  ---------  --------  ----------  --------------  -------------------
/opt/airflow/dags/pipeline_inscription_etudiants.py                           1           0  0.07s           2026-06-22T13:29:33
/opt/airflow/dags/mon_premier_dag.py                                          1           0  0.05s           2026-06-22T13:29:33
/opt/airflow/dags/pipeline_big_data_python.py                                 1           0  0.06s           2026-06-22T13:29:33
/opt/airflow/dags/pipeline_big_data_parallele.py                              1           0  0.07s           2026-06-22T13:29:33
================================================================================
[2026-06-22T13:30:05.763+0000] {manager.py:879} INFO - 
================================================================================
DAG File Processing Stats

File Path                                            PID    Runtime      # DAGs    # Errors  Last Runtime    Last Run
---------------------------------------------------  -----  ---------  --------  ----------  --------------  -------------------
/opt/airflow/dags/pipeline_inscription_etudiants.py                           1           0  0.08s           2026-06-22T13:30:03
/opt/airflow/dags/mon_premier_dag.py                                          1           0  0.05s           2026-06-22T13:30:03
/opt/airflow/dags/pipeline_big_data_python.py                                 1           0  0.06s           2026-06-22T13:30:03
/opt/airflow/dags/pipeline_big_data_parallele.py                              1           0  0.07s           2026-06-22T13:30:03
================================================================================
[2026-06-22T13:30:36.283+0000] {manager.py:879} INFO - 
================================================================================
DAG File Processing Stats

File Path                                            PID    Runtime      # DAGs    # Errors  Last Runtime    Last Run
---------------------------------------------------  -----  ---------  --------  ----------  --------------  -------------------
/opt/airflow/dags/pipeline_inscription_etudiants.py                           1           0  0.09s           2026-06-22T13:30:34
/opt/airflow/dags/mon_premier_dag.py                                          1           0  0.05s           2026-06-22T13:30:34
/opt/airflow/dags/pipeline_big_data_python.py                                 1           0  0.05s           2026-06-22T13:30:34
/opt/airflow/dags/pipeline_big_data_parallele.py                              1           0  0.07s           2026-06-22T13:30:34
================================================================================
[2026-06-22T13:31:06.732+0000] {manager.py:879} INFO - 
================================================================================
DAG File Processing Stats

File Path                                            PID    Runtime      # DAGs    # Errors  Last Runtime    Last Run
---------------------------------------------------  -----  ---------  --------  ----------  --------------  -------------------
/opt/airflow/dags/pipeline_inscription_etudiants.py                           1           0  0.09s           2026-06-22T13:31:04
/opt/airflow/dags/mon_premier_dag.py                                          1           0  0.05s           2026-06-22T13:31:04
/opt/airflow/dags/pipeline_big_data_python.py                                 1           0  0.06s           2026-06-22T13:31:04
/opt/airflow/dags/pipeline_big_data_parallele.py                              1           0  0.07s           2026-06-22T13:31:04
================================================================================
[2026-06-22T13:31:36.738+0000] {manager.py:879} INFO - 
================================================================================
DAG File Processing Stats

File Path                                              PID  Runtime      # DAGs    # Errors  Last Runtime    Last Run
---------------------------------------------------  -----  ---------  --------  ----------  --------------  -------------------
/opt/airflow/dags/pipeline_inscription_etudiants.py                           1           0  0.06s           2026-06-22T13:31:34
/opt/airflow/dags/mon_premier_dag.py                                          1           0  0.05s           2026-06-22T13:31:34
/opt/airflow/dags/pipeline_big_data_python.py                                 1           0  0.06s           2026-06-22T13:31:34
/opt/airflow/dags/pipeline_big_data_parallele.py       517  0.00s             1           0  0.06s           2026-06-22T13:31:36
================================================================================
[2026-06-22T13:32:06.806+0000] {manager.py:879} INFO - 
================================================================================
DAG File Processing Stats

File Path                                              PID  Runtime      # DAGs    # Errors  Last Runtime    Last Run
---------------------------------------------------  -----  ---------  --------  ----------  --------------  -------------------
/opt/airflow/dags/pipeline_inscription_etudiants.py                           1           0  0.07s           2026-06-22T13:32:04
/opt/airflow/dags/mon_premier_dag.py                                          1           0  0.05s           2026-06-22T13:32:05
/opt/airflow/dags/pipeline_big_data_python.py                                 1           0  0.06s           2026-06-22T13:32:04
/opt/airflow/dags/pipeline_big_data_parallele.py       987  0.00s             1           0  0.06s           2026-06-22T13:32:06
================================================================================
[2026-06-22T13:32:22.125+0000] {manager.py:738} INFO - Searching for files in /opt/airflow/dags
[2026-06-22T13:32:22.129+0000] {manager.py:741} INFO - There are 4 files in /opt/airflow/dags
[2026-06-22T13:32:36.811+0000] {manager.py:879} INFO - 
================================================================================
DAG File Processing Stats

File Path                                              PID  Runtime      # DAGs    # Errors  Last Runtime    Last Run
---------------------------------------------------  -----  ---------  --------  ----------  --------------  -------------------
/opt/airflow/dags/pipeline_inscription_etudiants.py                           1           0  0.05s           2026-06-22T13:32:34
/opt/airflow/dags/mon_premier_dag.py                                          1           0  0.05s           2026-06-22T13:32:35
/opt/airflow/dags/pipeline_big_data_python.py                                 1           0  0.07s           2026-06-22T13:32:35
/opt/airflow/dags/pipeline_big_data_parallele.py      1485  0.00s             1           0  0.06s           2026-06-22T13:32:36
================================================================================
[2026-06-22T13:33:06.836+0000] {manager.py:879} INFO - 
================================================================================
DAG File Processing Stats

File Path                                              PID  Runtime      # DAGs    # Errors  Last Runtime    Last Run
---------------------------------------------------  -----  ---------  --------  ----------  --------------  -------------------
/opt/airflow/dags/pipeline_inscription_etudiants.py                           1           0  0.05s           2026-06-22T13:33:05
/opt/airflow/dags/mon_premier_dag.py                                          1           0  0.05s           2026-06-22T13:33:05
/opt/airflow/dags/pipeline_big_data_python.py                                 1           0  0.06s           2026-06-22T13:33:05
/opt/airflow/dags/pipeline_big_data_parallele.py      1913  0.00s             1           0  0.05s           2026-06-22T13:33:06
================================================================================
[2026-06-22T13:33:36.880+0000] {manager.py:879} INFO - 
================================================================================
DAG File Processing Stats

File Path                                              PID  Runtime      # DAGs    # Errors  Last Runtime    Last Run
---------------------------------------------------  -----  ---------  --------  ----------  --------------  -------------------
/opt/airflow/dags/pipeline_inscription_etudiants.py                           1           0  0.06s           2026-06-22T13:33:35
/opt/airflow/dags/mon_premier_dag.py                                          1           0  0.05s           2026-06-22T13:33:36
/opt/airflow/dags/pipeline_big_data_python.py                                 1           0  0.06s           2026-06-22T13:33:36
/opt/airflow/dags/pipeline_big_data_parallele.py      2382  0.00s             1           0  0.06s           2026-06-22T13:33:36
================================================================================
[2026-06-22T13:34:06.929+0000] {manager.py:879} INFO - 
================================================================================
DAG File Processing Stats

File Path                                              PID  Runtime      # DAGs    # Errors  Last Runtime    Last Run
---------------------------------------------------  -----  ---------  --------  ----------  --------------  -------------------
/opt/airflow/dags/pipeline_inscription_etudiants.py                           1           0  0.13s           2026-06-22T13:34:05
/opt/airflow/dags/mon_premier_dag.py                                          1           0  0.05s           2026-06-22T13:34:06
/opt/airflow/dags/pipeline_big_data_python.py                                 1           0  0.07s           2026-06-22T13:34:06
/opt/airflow/dags/pipeline_big_data_parallele.py      2826  0.00s             1           0  0.06s           2026-06-22T13:34:06
================================================================================
[2026-06-22T13:34:36.987+0000] {manager.py:879} INFO - 
================================================================================
DAG File Processing Stats

File Path                                              PID  Runtime      # DAGs    # Errors  Last Runtime    Last Run
---------------------------------------------------  -----  ---------  --------  ----------  --------------  -------------------
/opt/airflow/dags/pipeline_inscription_etudiants.py                           1           0  0.05s           2026-06-22T13:34:35
/opt/airflow/dags/mon_premier_dag.py                                          1           0  0.05s           2026-06-22T13:34:36
/opt/airflow/dags/pipeline_big_data_python.py                                 1           0  0.06s           2026-06-22T13:34:36
/opt/airflow/dags/pipeline_big_data_parallele.py      3319  0.00s             1           0  0.06s           2026-06-22T13:34:36
================================================================================
[2026-06-22T13:35:07.021+0000] {manager.py:879} INFO - 
================================================================================
DAG File Processing Stats

File Path                                              PID  Runtime      # DAGs    # Errors  Last Runtime    Last Run
---------------------------------------------------  -----  ---------  --------  ----------  --------------  -------------------
/opt/airflow/dags/pipeline_inscription_etudiants.py                           1           0  0.14s           2026-06-22T13:35:05
/opt/airflow/dags/mon_premier_dag.py                                          1           0  0.13s           2026-06-22T13:35:06
/opt/airflow/dags/pipeline_big_data_python.py                                 1           0  0.16s           2026-06-22T13:35:06
/opt/airflow/dags/pipeline_big_data_parallele.py      3767  0.00s             1           0  0.06s           2026-06-22T13:35:07
================================================================================
[2026-06-22T13:35:37.065+0000] {manager.py:879} INFO - 
================================================================================
DAG File Processing Stats

File Path                                              PID  Runtime      # DAGs    # Errors  Last Runtime    Last Run
---------------------------------------------------  -----  ---------  --------  ----------  --------------  -------------------
/opt/airflow/dags/pipeline_inscription_etudiants.py                           1           0  0.05s           2026-06-22T13:35:35
/opt/airflow/dags/mon_premier_dag.py                                          1           0  0.05s           2026-06-22T13:35:36
/opt/airflow/dags/pipeline_big_data_python.py                                 1           0  0.06s           2026-06-22T13:35:36
/opt/airflow/dags/pipeline_big_data_parallele.py      4237  0.00s             1           0  0.06s           2026-06-22T13:35:37
================================================================================
[2026-06-22T13:36:07.137+0000] {manager.py:879} INFO - 
================================================================================
DAG File Processing Stats

File Path                                              PID  Runtime      # DAGs    # Errors  Last Runtime    Last Run
---------------------------------------------------  -----  ---------  --------  ----------  --------------  -------------------
/opt/airflow/dags/pipeline_inscription_etudiants.py                           1           0  0.05s           2026-06-22T13:36:05
/opt/airflow/dags/mon_premier_dag.py                                          1           0  0.04s           2026-06-22T13:36:06
/opt/airflow/dags/pipeline_big_data_python.py                                 1           0  0.07s           2026-06-22T13:36:06
/opt/airflow/dags/pipeline_big_data_parallele.py      4710  0.00s             1           0  0.13s           2026-06-22T13:36:07
================================================================================
[2026-06-22T13:36:37.145+0000] {manager.py:879} INFO - 
================================================================================
DAG File Processing Stats

File Path                                              PID  Runtime      # DAGs    # Errors  Last Runtime    Last Run
---------------------------------------------------  -----  ---------  --------  ----------  --------------  -------------------
/opt/airflow/dags/pipeline_inscription_etudiants.py                           1           0  0.05s           2026-06-22T13:36:35
/opt/airflow/dags/mon_premier_dag.py                                          1           0  0.05s           2026-06-22T13:36:37
/opt/airflow/dags/pipeline_big_data_python.py                                 1           0  0.07s           2026-06-22T13:36:36
/opt/airflow/dags/pipeline_big_data_parallele.py      5167  0.00s             1           0  0.05s           2026-06-22T13:36:37
================================================================================
[2026-06-22T13:37:07.189+0000] {manager.py:879} INFO - 
================================================================================
DAG File Processing Stats

File Path                                              PID  Runtime      # DAGs    # Errors  Last Runtime    Last Run
---------------------------------------------------  -----  ---------  --------  ----------  --------------  -------------------
/opt/airflow/dags/pipeline_inscription_etudiants.py                           1           0  0.06s           2026-06-22T13:37:05
/opt/airflow/dags/mon_premier_dag.py                  5674  0.00s             1           0  0.05s           2026-06-22T13:36:37
/opt/airflow/dags/pipeline_big_data_python.py                                 1           0  0.06s           2026-06-22T13:37:07
/opt/airflow/dags/pipeline_big_data_parallele.py      5672  0.07s             1           0  0.14s           2026-06-22T13:37:07
================================================================================
[2026-06-22T13:37:22.175+0000] {manager.py:738} INFO - Searching for files in /opt/airflow/dags
[2026-06-22T13:37:22.180+0000] {manager.py:741} INFO - There are 4 files in /opt/airflow/dags
[2026-06-22T13:37:37.210+0000] {manager.py:879} INFO - 
================================================================================
DAG File Processing Stats

File Path                                              PID  Runtime      # DAGs    # Errors  Last Runtime    Last Run
---------------------------------------------------  -----  ---------  --------  ----------  --------------  -------------------
/opt/airflow/dags/pipeline_inscription_etudiants.py                           1           0  0.05s           2026-06-22T13:37:36
/opt/airflow/dags/mon_premier_dag.py                                          1           0  0.05s           2026-06-22T13:37:07
/opt/airflow/dags/pipeline_big_data_python.py         6122  0.00s             1           0  0.06s           2026-06-22T13:37:07
/opt/airflow/dags/pipeline_big_data_parallele.py      6121  0.01s             1           0  0.05s           2026-06-22T13:37:37
================================================================================
[2026-06-22T13:38:07.259+0000] {manager.py:879} INFO - 
================================================================================
DAG File Processing Stats

File Path                                              PID  Runtime      # DAGs    # Errors  Last Runtime    Last Run
---------------------------------------------------  -----  ---------  --------  ----------  --------------  -------------------
/opt/airflow/dags/pipeline_inscription_etudiants.py                           1           0  0.05s           2026-06-22T13:38:06
/opt/airflow/dags/mon_premier_dag.py                                          1           0  0.05s           2026-06-22T13:37:37
/opt/airflow/dags/pipeline_big_data_python.py                                 1           0  0.06s           2026-06-22T13:37:37
/opt/airflow/dags/pipeline_big_data_parallele.py      6589  0.00s             1           0  0.06s           2026-06-22T13:38:07
================================================================================
[2026-06-22T13:38:37.286+0000] {manager.py:879} INFO - 
================================================================================
DAG File Processing Stats

File Path                                              PID  Runtime      # DAGs    # Errors  Last Runtime    Last Run
---------------------------------------------------  -----  ---------  --------  ----------  --------------  -------------------
/opt/airflow/dags/pipeline_inscription_etudiants.py                           1           0  0.05s           2026-06-22T13:38:36
/opt/airflow/dags/mon_premier_dag.py                                          1           0  0.05s           2026-06-22T13:38:07
/opt/airflow/dags/pipeline_big_data_python.py                                 1           0  0.06s           2026-06-22T13:38:07
/opt/airflow/dags/pipeline_big_data_parallele.py      7028  0.00s             1           0  0.06s           2026-06-22T13:38:37
================================================================================
[2026-06-22T13:39:07.315+0000] {manager.py:879} INFO - 
================================================================================
DAG File Processing Stats

File Path                                              PID  Runtime      # DAGs    # Errors  Last Runtime    Last Run
---------------------------------------------------  -----  ---------  --------  ----------  --------------  -------------------
/opt/airflow/dags/pipeline_inscription_etudiants.py                           1           0  0.05s           2026-06-22T13:39:06
/opt/airflow/dags/mon_premier_dag.py                                          1           0  0.05s           2026-06-22T13:38:37
/opt/airflow/dags/pipeline_big_data_python.py                                 1           0  0.06s           2026-06-22T13:38:37
/opt/airflow/dags/pipeline_big_data_parallele.py      7497  0.01s             1           0  0.06s           2026-06-22T13:39:06
================================================================================
[2026-06-22T13:39:37.378+0000] {manager.py:879} INFO - 
================================================================================
DAG File Processing Stats

File Path                                              PID  Runtime      # DAGs    # Errors  Last Runtime    Last Run
---------------------------------------------------  -----  ---------  --------  ----------  --------------  -------------------
/opt/airflow/dags/pipeline_inscription_etudiants.py                           1           0  0.05s           2026-06-22T13:39:36
/opt/airflow/dags/mon_premier_dag.py                                          1           0  0.05s           2026-06-22T13:39:07
/opt/airflow/dags/pipeline_big_data_python.py                                 1           0  0.06s           2026-06-22T13:39:07
/opt/airflow/dags/pipeline_big_data_parallele.py      7935  0.01s             1           0  0.06s           2026-06-22T13:39:36
================================================================================
[2026-06-22T13:40:07.442+0000] {manager.py:879} INFO - 
================================================================================
DAG File Processing Stats

File Path                                              PID  Runtime      # DAGs    # Errors  Last Runtime    Last Run
---------------------------------------------------  -----  ---------  --------  ----------  --------------  -------------------
/opt/airflow/dags/pipeline_inscription_etudiants.py                           1           0  0.05s           2026-06-22T13:40:06
/opt/airflow/dags/mon_premier_dag.py                                          1           0  0.05s           2026-06-22T13:39:37
/opt/airflow/dags/pipeline_big_data_python.py                                 1           0  0.06s           2026-06-22T13:39:37
/opt/airflow/dags/pipeline_big_data_parallele.py      8434  0.01s             1           0  0.05s           2026-06-22T13:40:06
================================================================================
[2026-06-22T13:40:37.523+0000] {manager.py:879} INFO - 
================================================================================
DAG File Processing Stats

File Path                                              PID  Runtime      # DAGs    # Errors  Last Runtime    Last Run
---------------------------------------------------  -----  ---------  --------  ----------  --------------  -------------------
/opt/airflow/dags/pipeline_inscription_etudiants.py                           1           0  0.05s           2026-06-22T13:40:36
/opt/airflow/dags/mon_premier_dag.py                                          1           0  0.05s           2026-06-22T13:40:07
/opt/airflow/dags/pipeline_big_data_python.py                                 1           0  0.05s           2026-06-22T13:40:07
/opt/airflow/dags/pipeline_big_data_parallele.py      8900  0.01s             1           0  0.05s           2026-06-22T13:40:36
================================================================================
[2026-06-22T13:41:07.546+0000] {manager.py:879} INFO - 
================================================================================
DAG File Processing Stats

File Path                                              PID  Runtime      # DAGs    # Errors  Last Runtime    Last Run
---------------------------------------------------  -----  ---------  --------  ----------  --------------  -------------------
/opt/airflow/dags/pipeline_inscription_etudiants.py                           1           0  0.05s           2026-06-22T13:41:06
/opt/airflow/dags/mon_premier_dag.py                                          1           0  0.04s           2026-06-22T13:40:37
/opt/airflow/dags/pipeline_big_data_python.py                                 1           0  0.05s           2026-06-22T13:40:37
/opt/airflow/dags/pipeline_big_data_parallele.py      9461  0.00s             1           0  0.05s           2026-06-22T13:41:07
================================================================================
[2026-06-22T13:41:37.556+0000] {manager.py:879} INFO - 
================================================================================
DAG File Processing Stats

File Path                                              PID  Runtime      # DAGs    # Errors  Last Runtime    Last Run
---------------------------------------------------  -----  ---------  --------  ----------  --------------  -------------------
/opt/airflow/dags/pipeline_inscription_etudiants.py                           1           0  0.05s           2026-06-22T13:41:36
/opt/airflow/dags/mon_premier_dag.py                                          1           0  0.05s           2026-06-22T13:41:08
/opt/airflow/dags/pipeline_big_data_python.py                                 1           0  0.06s           2026-06-22T13:41:07
/opt/airflow/dags/pipeline_big_data_parallele.py      9917  0.00s             1           0  0.06s           2026-06-22T13:41:37
================================================================================
[2026-06-22T13:42:07.722+0000] {manager.py:879} INFO - 
================================================================================
DAG File Processing Stats

File Path                                              PID  Runtime      # DAGs    # Errors  Last Runtime    Last Run
---------------------------------------------------  -----  ---------  --------  ----------  --------------  -------------------
/opt/airflow/dags/pipeline_inscription_etudiants.py                           1           0  0.05s           2026-06-22T13:42:06
/opt/airflow/dags/mon_premier_dag.py                                          1           0  0.05s           2026-06-22T13:41:38
/opt/airflow/dags/pipeline_big_data_python.py                                 1           0  0.06s           2026-06-22T13:41:38
/opt/airflow/dags/pipeline_big_data_parallele.py     10401  0.01s             1           0  0.06s           2026-06-22T13:42:06
================================================================================
[2026-06-22T13:42:22.182+0000] {manager.py:738} INFO - Searching for files in /opt/airflow/dags
[2026-06-22T13:42:22.188+0000] {manager.py:741} INFO - There are 4 files in /opt/airflow/dags
[2026-06-22T13:42:37.817+0000] {manager.py:879} INFO - 
================================================================================
DAG File Processing Stats

File Path                                              PID  Runtime      # DAGs    # Errors  Last Runtime    Last Run
---------------------------------------------------  -----  ---------  --------  ----------  --------------  -------------------
/opt/airflow/dags/pipeline_inscription_etudiants.py                           1           0  0.05s           2026-06-22T13:42:36
/opt/airflow/dags/mon_premier_dag.py                                          1           0  0.05s           2026-06-22T13:42:08
/opt/airflow/dags/pipeline_big_data_python.py                                 1           0  0.06s           2026-06-22T13:42:08
/opt/airflow/dags/pipeline_big_data_parallele.py     10824  0.01s             1           0  0.05s           2026-06-22T13:42:36
================================================================================
[2026-06-22T13:43:07.849+0000] {manager.py:879} INFO - 
================================================================================
DAG File Processing Stats

File Path                                              PID  Runtime      # DAGs    # Errors  Last Runtime    Last Run
---------------------------------------------------  -----  ---------  --------  ----------  --------------  -------------------
/opt/airflow/dags/pipeline_inscription_etudiants.py                           1           0  0.05s           2026-06-22T13:43:06
/opt/airflow/dags/mon_premier_dag.py                                          1           0  0.05s           2026-06-22T13:42:38
/opt/airflow/dags/pipeline_big_data_python.py                                 1           0  0.06s           2026-06-22T13:42:38
/opt/airflow/dags/pipeline_big_data_parallele.py     11341  0.00s             1           0  0.06s           2026-06-22T13:43:07
================================================================================
[2026-06-22T13:43:37.900+0000] {manager.py:879} INFO - 
================================================================================
DAG File Processing Stats

File Path                                              PID  Runtime      # DAGs    # Errors  Last Runtime    Last Run
---------------------------------------------------  -----  ---------  --------  ----------  --------------  -------------------
/opt/airflow/dags/pipeline_inscription_etudiants.py                           1           0  0.06s           2026-06-22T13:43:36
/opt/airflow/dags/mon_premier_dag.py                                          1           0  0.05s           2026-06-22T13:43:08
/opt/airflow/dags/pipeline_big_data_python.py                                 1           0  0.06s           2026-06-22T13:43:08
/opt/airflow/dags/pipeline_big_data_parallele.py     11813  0.00s             1           0  0.05s           2026-06-22T13:43:37
================================================================================
[2026-06-22T13:44:08.063+0000] {manager.py:879} INFO - 
================================================================================
DAG File Processing Stats

File Path                                              PID  Runtime      # DAGs    # Errors  Last Runtime    Last Run
---------------------------------------------------  -----  ---------  --------  ----------  --------------  -------------------
/opt/airflow/dags/pipeline_inscription_etudiants.py                           1           0  0.05s           2026-06-22T13:44:07
/opt/airflow/dags/mon_premier_dag.py                                          1           0  0.05s           2026-06-22T13:43:38
/opt/airflow/dags/pipeline_big_data_python.py                                 1           0  0.06s           2026-06-22T13:43:38
/opt/airflow/dags/pipeline_big_data_parallele.py     12298  0.02s             1           0  0.06s           2026-06-22T13:44:07
================================================================================
[2026-06-22T13:44:38.129+0000] {manager.py:879} INFO - 
================================================================================
DAG File Processing Stats

File Path                                              PID  Runtime      # DAGs    # Errors  Last Runtime    Last Run
---------------------------------------------------  -----  ---------  --------  ----------  --------------  -------------------
/opt/airflow/dags/pipeline_inscription_etudiants.py                           1           0  0.05s           2026-06-22T13:44:37
/opt/airflow/dags/mon_premier_dag.py                                          1           0  0.05s           2026-06-22T13:44:08
/opt/airflow/dags/pipeline_big_data_python.py                                 1           0  0.06s           2026-06-22T13:44:08
/opt/airflow/dags/pipeline_big_data_parallele.py     12742  0.01s             1           0  0.06s           2026-06-22T13:44:37
================================================================================
[2026-06-22T13:45:08.175+0000] {manager.py:879} INFO - 
================================================================================
DAG File Processing Stats

File Path                                              PID  Runtime      # DAGs    # Errors  Last Runtime    Last Run
---------------------------------------------------  -----  ---------  --------  ----------  --------------  -------------------
/opt/airflow/dags/pipeline_inscription_etudiants.py                           1           0  0.06s           2026-06-22T13:45:07
/opt/airflow/dags/mon_premier_dag.py                                          1           0  0.05s           2026-06-22T13:44:38
/opt/airflow/dags/pipeline_big_data_python.py                                 1           0  0.06s           2026-06-22T13:44:38
/opt/airflow/dags/pipeline_big_data_parallele.py     13264  0.00s             1           0  0.05s           2026-06-22T13:45:08
================================================================================
[2026-06-22T13:45:38.342+0000] {manager.py:879} INFO - 
================================================================================
DAG File Processing Stats

File Path                                              PID  Runtime      # DAGs    # Errors  Last Runtime    Last Run
---------------------------------------------------  -----  ---------  --------  ----------  --------------  -------------------
/opt/airflow/dags/pipeline_inscription_etudiants.py                           1           0  0.06s           2026-06-22T13:45:37
/opt/airflow/dags/mon_premier_dag.py                                          1           0  0.05s           2026-06-22T13:45:08
/opt/airflow/dags/pipeline_big_data_python.py                                 1           0  0.06s           2026-06-22T13:45:08
/opt/airflow/dags/pipeline_big_data_parallele.py     13687  0.00s             1           0  0.06s           2026-06-22T13:45:37
================================================================================
[2026-06-22T13:46:08.358+0000] {manager.py:879} INFO - 
================================================================================
DAG File Processing Stats

File Path                                              PID  Runtime      # DAGs    # Errors  Last Runtime    Last Run
---------------------------------------------------  -----  ---------  --------  ----------  --------------  -------------------
/opt/airflow/dags/pipeline_inscription_etudiants.py                           1           0  0.06s           2026-06-22T13:46:07
/opt/airflow/dags/mon_premier_dag.py                                          1           0  0.06s           2026-06-22T13:45:38
/opt/airflow/dags/pipeline_big_data_python.py                                 1           0  0.07s           2026-06-22T13:45:38
/opt/airflow/dags/pipeline_big_data_parallele.py     14187  0.00s             1           0  0.06s           2026-06-22T13:46:08
================================================================================
[2026-06-22T13:46:38.402+0000] {manager.py:879} INFO - 
================================================================================
DAG File Processing Stats

File Path                                              PID  Runtime      # DAGs    # Errors  Last Runtime    Last Run
---------------------------------------------------  -----  ---------  --------  ----------  --------------  -------------------
/opt/airflow/dags/pipeline_inscription_etudiants.py                           1           0  0.05s           2026-06-22T13:46:37
/opt/airflow/dags/mon_premier_dag.py                                          1           0  0.07s           2026-06-22T13:46:08
/opt/airflow/dags/pipeline_big_data_python.py                                 1           0  0.07s           2026-06-22T13:46:08
/opt/airflow/dags/pipeline_big_data_parallele.py     14653  0.00s             1           0  0.05s           2026-06-22T13:46:38
================================================================================
[2026-06-22T13:47:08.629+0000] {manager.py:879} INFO - 
================================================================================
DAG File Processing Stats

File Path                                              PID  Runtime      # DAGs    # Errors  Last Runtime    Last Run
---------------------------------------------------  -----  ---------  --------  ----------  --------------  -------------------
/opt/airflow/dags/pipeline_inscription_etudiants.py                           1           0  0.06s           2026-06-22T13:47:07
/opt/airflow/dags/mon_premier_dag.py                                          1           0  0.05s           2026-06-22T13:46:39
/opt/airflow/dags/pipeline_big_data_python.py                                 1           0  0.06s           2026-06-22T13:46:39
/opt/airflow/dags/pipeline_big_data_parallele.py     15155  0.01s             1           0  0.06s           2026-06-22T13:47:07
================================================================================
[2026-06-22T14:11:38.832+0000] {manager.py:738} INFO - Searching for files in /opt/airflow/dags
[2026-06-22T14:11:38.840+0000] {manager.py:741} INFO - There are 4 files in /opt/airflow/dags
[2026-06-22T14:11:56.247+0000] {manager.py:879} INFO - 
================================================================================
DAG File Processing Stats

File Path                                            PID    Runtime      # DAGs    # Errors  Last Runtime    Last Run
---------------------------------------------------  -----  ---------  --------  ----------  --------------  -------------------
/opt/airflow/dags/pipeline_inscription_etudiants.py                           1           0  0.11s           2026-06-22T14:11:38
/opt/airflow/dags/mon_premier_dag.py                                          1           0  0.11s           2026-06-22T14:11:39
/opt/airflow/dags/pipeline_big_data_python.py                                 1           0  0.16s           2026-06-22T14:11:39
/opt/airflow/dags/pipeline_big_data_parallele.py                              1           0  1457.41s        2026-06-22T14:11:38
================================================================================
[2026-06-22T14:12:26.819+0000] {manager.py:879} INFO - 
================================================================================
DAG File Processing Stats

File Path                                            PID    Runtime      # DAGs    # Errors  Last Runtime    Last Run
---------------------------------------------------  -----  ---------  --------  ----------  --------------  -------------------
/opt/airflow/dags/pipeline_inscription_etudiants.py                           1           0  0.07s           2026-06-22T14:12:09
/opt/airflow/dags/mon_premier_dag.py                                          1           0  0.05s           2026-06-22T14:12:09
/opt/airflow/dags/pipeline_big_data_python.py                                 1           0  0.05s           2026-06-22T14:12:09
/opt/airflow/dags/pipeline_big_data_parallele.py                              1           0  0.08s           2026-06-22T14:12:09
================================================================================
[2026-06-22T14:12:57.439+0000] {manager.py:879} INFO - 
================================================================================
DAG File Processing Stats

File Path                                            PID    Runtime      # DAGs    # Errors  Last Runtime    Last Run
---------------------------------------------------  -----  ---------  --------  ----------  --------------  -------------------
/opt/airflow/dags/pipeline_inscription_etudiants.py                           1           0  0.07s           2026-06-22T14:12:40
/opt/airflow/dags/mon_premier_dag.py                                          1           0  0.04s           2026-06-22T14:12:40
/opt/airflow/dags/pipeline_big_data_python.py                                 1           0  0.05s           2026-06-22T14:12:40
/opt/airflow/dags/pipeline_big_data_parallele.py                              1           0  0.09s           2026-06-22T14:12:40
================================================================================
[2026-06-22T14:13:28.044+0000] {manager.py:879} INFO - 
================================================================================
DAG File Processing Stats

File Path                                            PID    Runtime      # DAGs    # Errors  Last Runtime    Last Run
---------------------------------------------------  -----  ---------  --------  ----------  --------------  -------------------
/opt/airflow/dags/pipeline_inscription_etudiants.py                           1           0  0.07s           2026-06-22T14:13:10
/opt/airflow/dags/mon_premier_dag.py                                          1           0  0.04s           2026-06-22T14:13:10
/opt/airflow/dags/pipeline_big_data_python.py                                 1           0  0.05s           2026-06-22T14:13:10
/opt/airflow/dags/pipeline_big_data_parallele.py                              1           0  0.08s           2026-06-22T14:13:10
================================================================================
[2026-06-22T14:13:58.603+0000] {manager.py:879} INFO - 
================================================================================
DAG File Processing Stats

File Path                                            PID    Runtime      # DAGs    # Errors  Last Runtime    Last Run
---------------------------------------------------  -----  ---------  --------  ----------  --------------  -------------------
/opt/airflow/dags/pipeline_inscription_etudiants.py                           1           0  0.06s           2026-06-22T14:13:41
/opt/airflow/dags/mon_premier_dag.py                                          1           0  0.04s           2026-06-22T14:13:41
/opt/airflow/dags/pipeline_big_data_python.py                                 1           0  0.05s           2026-06-22T14:13:41
/opt/airflow/dags/pipeline_big_data_parallele.py                              1           0  0.07s           2026-06-22T14:13:41
================================================================================
[2026-06-22T14:14:29.043+0000] {manager.py:879} INFO - 
================================================================================
DAG File Processing Stats

File Path                                            PID    Runtime      # DAGs    # Errors  Last Runtime    Last Run
---------------------------------------------------  -----  ---------  --------  ----------  --------------  -------------------
/opt/airflow/dags/pipeline_inscription_etudiants.py                           1           0  0.06s           2026-06-22T14:14:11
/opt/airflow/dags/mon_premier_dag.py                                          1           0  0.06s           2026-06-22T14:14:11
/opt/airflow/dags/pipeline_big_data_python.py                                 1           0  0.06s           2026-06-22T14:14:11
/opt/airflow/dags/pipeline_big_data_parallele.py                              1           0  0.08s           2026-06-22T14:14:11
================================================================================
[2026-06-22T14:14:59.509+0000] {manager.py:879} INFO - 
================================================================================
DAG File Processing Stats

File Path                                            PID    Runtime      # DAGs    # Errors  Last Runtime    Last Run
---------------------------------------------------  -----  ---------  --------  ----------  --------------  -------------------
/opt/airflow/dags/pipeline_inscription_etudiants.py                           1           0  0.06s           2026-06-22T14:14:42
/opt/airflow/dags/mon_premier_dag.py                                          1           0  0.05s           2026-06-22T14:14:42
/opt/airflow/dags/pipeline_big_data_python.py                                 1           0  0.06s           2026-06-22T14:14:42
/opt/airflow/dags/pipeline_big_data_parallele.py                              1           0  0.08s           2026-06-22T14:14:42
================================================================================
[2026-06-22T14:15:29.955+0000] {manager.py:879} INFO - 
================================================================================
DAG File Processing Stats

File Path                                            PID    Runtime      # DAGs    # Errors  Last Runtime    Last Run
---------------------------------------------------  -----  ---------  --------  ----------  --------------  -------------------
/opt/airflow/dags/pipeline_inscription_etudiants.py                           1           0  0.06s           2026-06-22T14:15:12
/opt/airflow/dags/mon_premier_dag.py                                          1           0  0.05s           2026-06-22T14:15:12
/opt/airflow/dags/pipeline_big_data_python.py                                 1           0  0.06s           2026-06-22T14:15:12
/opt/airflow/dags/pipeline_big_data_parallele.py                              1           0  0.08s           2026-06-22T14:15:12
================================================================================
[2026-06-22T14:16:00.417+0000] {manager.py:879} INFO - 
================================================================================
DAG File Processing Stats

File Path                                            PID    Runtime      # DAGs    # Errors  Last Runtime    Last Run
---------------------------------------------------  -----  ---------  --------  ----------  --------------  -------------------
/opt/airflow/dags/pipeline_inscription_etudiants.py                           1           0  0.06s           2026-06-22T14:15:43
/opt/airflow/dags/mon_premier_dag.py                                          1           0  0.06s           2026-06-22T14:15:43
/opt/airflow/dags/pipeline_big_data_python.py                                 1           0  0.06s           2026-06-22T14:15:43
/opt/airflow/dags/pipeline_big_data_parallele.py                              1           0  0.08s           2026-06-22T14:15:43
================================================================================
[2026-06-22T14:16:30.821+0000] {manager.py:879} INFO - 
================================================================================
DAG File Processing Stats

File Path                                            PID    Runtime      # DAGs    # Errors  Last Runtime    Last Run
---------------------------------------------------  -----  ---------  --------  ----------  --------------  -------------------
/opt/airflow/dags/pipeline_inscription_etudiants.py                           1           0  0.06s           2026-06-22T14:16:13
/opt/airflow/dags/mon_premier_dag.py                                          1           0  0.06s           2026-06-22T14:16:13
/opt/airflow/dags/pipeline_big_data_python.py                                 1           0  0.07s           2026-06-22T14:16:13
/opt/airflow/dags/pipeline_big_data_parallele.py                              1           0  0.07s           2026-06-22T14:16:13
================================================================================
[2026-06-22T14:16:38.899+0000] {manager.py:738} INFO - Searching for files in /opt/airflow/dags
[2026-06-22T14:16:38.935+0000] {manager.py:741} INFO - There are 4 files in /opt/airflow/dags
[2026-06-22T14:17:01.285+0000] {manager.py:879} INFO - 
================================================================================
DAG File Processing Stats

File Path                                            PID    Runtime      # DAGs    # Errors  Last Runtime    Last Run
---------------------------------------------------  -----  ---------  --------  ----------  --------------  -------------------
/opt/airflow/dags/pipeline_inscription_etudiants.py                           1           0  0.06s           2026-06-22T14:16:44
/opt/airflow/dags/mon_premier_dag.py                                          1           0  0.05s           2026-06-22T14:16:44
/opt/airflow/dags/pipeline_big_data_python.py                                 1           0  0.06s           2026-06-22T14:16:44
/opt/airflow/dags/pipeline_big_data_parallele.py                              1           0  0.08s           2026-06-22T14:16:44
================================================================================
